<!DOCTYPE html>
<html>
  <head>
    <meta charset="utf-8"/>
    <title id="head-title">test_report.html</title>
      <style type="text/css">body {
  font-family: Helvetica, Arial, sans-serif;
  font-size: 12px;
  /* do not increase min-width as some may use split screens */
  min-width: 800px;
  color: #999;
}

h1 {
  font-size: 24px;
  color: black;
}

h2 {
  font-size: 16px;
  color: black;
}

p {
  color: black;
}

a {
  color: #999;
}

table {
  border-collapse: collapse;
}

/******************************
 * SUMMARY INFORMATION
 ******************************/
#environment td {
  padding: 5px;
  border: 1px solid #e6e6e6;
  vertical-align: top;
}
#environment tr:nth-child(odd) {
  background-color: #f6f6f6;
}
#environment ul {
  margin: 0;
  padding: 0 20px;
}

/******************************
 * TEST RESULT COLORS
 ******************************/
span.passed,
.passed .col-result {
  color: green;
}

span.skipped,
span.xfailed,
span.rerun,
.skipped .col-result,
.xfailed .col-result,
.rerun .col-result {
  color: orange;
}

span.error,
span.failed,
span.xpassed,
.error .col-result,
.failed .col-result,
.xpassed .col-result {
  color: red;
}

.col-links__extra {
  margin-right: 3px;
}

/******************************
 * RESULTS TABLE
 *
 * 1. Table Layout
 * 2. Extra
 * 3. Sorting items
 *
 ******************************/
/*------------------
 * 1. Table Layout
 *------------------*/
#results-table {
  border: 1px solid #e6e6e6;
  color: #999;
  font-size: 12px;
  width: 100%;
}
#results-table th,
#results-table td {
  padding: 5px;
  border: 1px solid #e6e6e6;
  text-align: left;
}
#results-table th {
  font-weight: bold;
}

/*------------------
 * 2. Extra
 *------------------*/
.logwrapper {
  max-height: 230px;
  overflow-y: scroll;
  background-color: #e6e6e6;
}
.logwrapper.expanded {
  max-height: none;
}
.logwrapper.expanded .logexpander:after {
  content: "collapse [-]";
}
.logwrapper .logexpander {
  z-index: 1;
  position: sticky;
  top: 10px;
  width: max-content;
  border: 1px solid;
  border-radius: 3px;
  padding: 5px 7px;
  margin: 10px 0 10px calc(100% - 80px);
  cursor: pointer;
  background-color: #e6e6e6;
}
.logwrapper .logexpander:after {
  content: "expand [+]";
}
.logwrapper .logexpander:hover {
  color: #000;
  border-color: #000;
}
.logwrapper .log {
  min-height: 40px;
  position: relative;
  top: -50px;
  height: calc(100% + 50px);
  border: 1px solid #e6e6e6;
  color: black;
  display: block;
  font-family: "Courier New", Courier, monospace;
  padding: 5px;
  padding-right: 80px;
  white-space: pre-wrap;
}

div.media {
  border: 1px solid #e6e6e6;
  float: right;
  height: 240px;
  margin: 0 5px;
  overflow: hidden;
  width: 320px;
}

.media-container {
  display: grid;
  grid-template-columns: 25px auto 25px;
  align-items: center;
  flex: 1 1;
  overflow: hidden;
  height: 200px;
}

.media-container--fullscreen {
  grid-template-columns: 0px auto 0px;
}

.media-container__nav--right,
.media-container__nav--left {
  text-align: center;
  cursor: pointer;
}

.media-container__viewport {
  cursor: pointer;
  text-align: center;
  height: inherit;
}
.media-container__viewport img,
.media-container__viewport video {
  object-fit: cover;
  width: 100%;
  max-height: 100%;
}

.media__name,
.media__counter {
  display: flex;
  flex-direction: row;
  justify-content: space-around;
  flex: 0 0 25px;
  align-items: center;
}

.collapsible td:not(.col-links) {
  cursor: pointer;
}
.collapsible td:not(.col-links):hover::after {
  color: #bbb;
  font-style: italic;
  cursor: pointer;
}

.col-result {
  width: 130px;
}
.col-result:hover::after {
  content: " (hide details)";
}

.col-result.collapsed:hover::after {
  content: " (show details)";
}

#environment-header h2:hover::after {
  content: " (hide details)";
  color: #bbb;
  font-style: italic;
  cursor: pointer;
  font-size: 12px;
}

#environment-header.collapsed h2:hover::after {
  content: " (show details)";
  color: #bbb;
  font-style: italic;
  cursor: pointer;
  font-size: 12px;
}

/*------------------
 * 3. Sorting items
 *------------------*/
.sortable {
  cursor: pointer;
}
.sortable.desc:after {
  content: " ";
  position: relative;
  left: 5px;
  bottom: -12.5px;
  border: 10px solid #4caf50;
  border-bottom: 0;
  border-left-color: transparent;
  border-right-color: transparent;
}
.sortable.asc:after {
  content: " ";
  position: relative;
  left: 5px;
  bottom: 12.5px;
  border: 10px solid #4caf50;
  border-top: 0;
  border-left-color: transparent;
  border-right-color: transparent;
}

.hidden, .summary__reload__button.hidden {
  display: none;
}

.summary__data {
  flex: 0 0 550px;
}
.summary__reload {
  flex: 1 1;
  display: flex;
  justify-content: center;
}
.summary__reload__button {
  flex: 0 0 300px;
  display: flex;
  color: white;
  font-weight: bold;
  background-color: #4caf50;
  text-align: center;
  justify-content: center;
  align-items: center;
  border-radius: 3px;
  cursor: pointer;
}
.summary__reload__button:hover {
  background-color: #46a049;
}
.summary__spacer {
  flex: 0 0 550px;
}

.controls {
  display: flex;
  justify-content: space-between;
}

.filters,
.collapse {
  display: flex;
  align-items: center;
}
.filters button,
.collapse button {
  color: #999;
  border: none;
  background: none;
  cursor: pointer;
  text-decoration: underline;
}
.filters button:hover,
.collapse button:hover {
  color: #ccc;
}

.filter__label {
  margin-right: 10px;
}

      </style>
    
  </head>
  <body>
    <h1 id="title">test_report.html</h1>
    <p>Report generated on 07-Jun-2025 at 23:36:52 by <a href="https://pypi.python.org/pypi/pytest-html">pytest-html</a>
        v4.1.1</p>
    <div id="environment-header">
      <h2>Environment</h2>
    </div>
    <table id="environment"></table>
    <!-- TEMPLATES -->
      <template id="template_environment_row">
      <tr>
        <td></td>
        <td></td>
      </tr>
    </template>
    <template id="template_results-table__body--empty">
      <tbody class="results-table-row">
        <tr id="not-found-message">
          <td colspan="4">No results found. Check the filters.</th>
        </tr>
    </template>
    <template id="template_results-table__tbody">
      <tbody class="results-table-row">
        <tr class="collapsible">
        </tr>
        <tr class="extras-row">
          <td class="extra" colspan="4">
            <div class="extraHTML"></div>
            <div class="media">
              <div class="media-container">
                  <div class="media-container__nav--left"><</div>
                  <div class="media-container__viewport">
                    <img src="" />
                    <video controls>
                      <source src="" type="video/mp4">
                    </video>
                  </div>
                  <div class="media-container__nav--right">></div>
                </div>
                <div class="media__name"></div>
                <div class="media__counter"></div>
            </div>
            <div class="logwrapper">
              <div class="logexpander"></div>
              <div class="log"></div>
            </div>
          </td>
        </tr>
      </tbody>
    </template>
    <!-- END TEMPLATES -->
    <div class="summary">
      <div class="summary__data">
        <h2>Summary</h2>
        <div class="additional-summary prefix">
        </div>
        <p class="run-count">67 tests took 00:00:46.</p>
        <p class="filter">(Un)check the boxes to filter the results.</p>
        <div class="summary__reload">
          <div class="summary__reload__button hidden" onclick="location.reload()">
            <div>There are still tests running. <br />Reload this page to get the latest results!</div>
          </div>
        </div>
        <div class="summary__spacer"></div>
        <div class="controls">
          <div class="filters">
            <input checked="true" class="filter" name="filter_checkbox" type="checkbox" data-test-result="failed" />
            <span class="failed">33 Failed,</span>
            <input checked="true" class="filter" name="filter_checkbox" type="checkbox" data-test-result="passed" />
            <span class="passed">34 Passed,</span>
            <input checked="true" class="filter" name="filter_checkbox" type="checkbox" data-test-result="skipped" />
            <span class="skipped">1 Skipped,</span>
            <input checked="true" class="filter" name="filter_checkbox" type="checkbox" data-test-result="xfailed" disabled/>
            <span class="xfailed">0 Expected failures,</span>
            <input checked="true" class="filter" name="filter_checkbox" type="checkbox" data-test-result="xpassed" disabled/>
            <span class="xpassed">0 Unexpected passes,</span>
            <input checked="true" class="filter" name="filter_checkbox" type="checkbox" data-test-result="error" />
            <span class="error">29 Errors,</span>
            <input checked="true" class="filter" name="filter_checkbox" type="checkbox" data-test-result="rerun" disabled/>
            <span class="rerun">0 Reruns</span>
          </div>
          <div class="collapse">
            <button id="show_all_details">Show all details</button>&nbsp;/&nbsp;<button id="hide_all_details">Hide all details</button>
          </div>
        </div>
      </div>
      <div class="additional-summary summary">
      </div>
      <div class="additional-summary postfix">
      </div>
    </div>
    <table id="results-table">
      <thead id="results-table-head">
        <tr>
          <th class="sortable" data-column-type="result">Result</th>
          <th class="sortable" data-column-type="testId">Test</th>
          <th class="sortable" data-column-type="duration">Duration</th>
          <th>Links</th>
        </tr>
      </thead>
    </table>
  </body>
  <footer>
    <div id="data-container" data-jsonblob="{&#34;environment&#34;: {&#34;Python&#34;: &#34;3.13.2&#34;, &#34;Platform&#34;: &#34;Windows-11-10.0.26120-SP0&#34;, &#34;Packages&#34;: {&#34;pytest&#34;: &#34;8.0.0&#34;, &#34;pluggy&#34;: &#34;1.6.0&#34;}, &#34;Plugins&#34;: {&#34;cov&#34;: &#34;4.1.0&#34;, &#34;html&#34;: &#34;4.1.1&#34;, &#34;metadata&#34;: &#34;3.1.1&#34;, &#34;mock&#34;: &#34;3.12.0&#34;}, &#34;JAVA_HOME&#34;: &#34;C:\\Program Files\\Java\\jdk-24&#34;}, &#34;tests&#34;: {&#34;tests/test_app.py::TestProcessingResult::test_processing_result_creation&#34;: [{&#34;extras&#34;: [], &#34;result&#34;: &#34;Passed&#34;, &#34;testId&#34;: &#34;tests/test_app.py::TestProcessingResult::test_processing_result_creation&#34;, &#34;duration&#34;: &#34;1 ms&#34;, &#34;resultsTableRow&#34;: [&#34;&lt;td class=\&#34;col-result\&#34;&gt;Passed&lt;/td&gt;&#34;, &#34;&lt;td class=\&#34;col-testId\&#34;&gt;tests/test_app.py::TestProcessingResult::test_processing_result_creation&lt;/td&gt;&#34;, &#34;&lt;td class=\&#34;col-duration\&#34;&gt;1 ms&lt;/td&gt;&#34;, &#34;&lt;td class=\&#34;col-links\&#34;&gt;&lt;/td&gt;&#34;], &#34;log&#34;: &#34;No log output captured.&#34;}], &#34;tests/test_app.py::TestProcessingResult::test_processing_result_with_errors&#34;: [{&#34;extras&#34;: [], &#34;result&#34;: &#34;Passed&#34;, &#34;testId&#34;: &#34;tests/test_app.py::TestProcessingResult::test_processing_result_with_errors&#34;, &#34;duration&#34;: &#34;0 ms&#34;, &#34;resultsTableRow&#34;: [&#34;&lt;td class=\&#34;col-result\&#34;&gt;Passed&lt;/td&gt;&#34;, &#34;&lt;td class=\&#34;col-testId\&#34;&gt;tests/test_app.py::TestProcessingResult::test_processing_result_with_errors&lt;/td&gt;&#34;, &#34;&lt;td class=\&#34;col-duration\&#34;&gt;0 ms&lt;/td&gt;&#34;, &#34;&lt;td class=\&#34;col-links\&#34;&gt;&lt;/td&gt;&#34;], &#34;log&#34;: &#34;No log output captured.&#34;}], &#34;tests/test_app.py::TestRSSFeedProcessor::test_processor_initialization&#34;: [{&#34;extras&#34;: [], &#34;result&#34;: &#34;Error&#34;, &#34;testId&#34;: &#34;tests/test_app.py::TestRSSFeedProcessor::test_processor_initialization::setup&#34;, &#34;duration&#34;: &#34;0 ms&#34;, &#34;resultsTableRow&#34;: [&#34;&lt;td class=\&#34;col-result\&#34;&gt;Error&lt;/td&gt;&#34;, &#34;&lt;td class=\&#34;col-testId\&#34;&gt;tests/test_app.py::TestRSSFeedProcessor::test_processor_initialization::setup&lt;/td&gt;&#34;, &#34;&lt;td class=\&#34;col-duration\&#34;&gt;0 ms&lt;/td&gt;&#34;, &#34;&lt;td class=\&#34;col-links\&#34;&gt;&lt;/td&gt;&#34;], &#34;log&#34;: &#34;self = &amp;lt;product_reader.tests.test_app.TestRSSFeedProcessor object at 0x0000017E54D79450&amp;gt;\n\n    @pytest.fixture\n    def mock_config(self):\n        &amp;quot;&amp;quot;&amp;quot;Fixture que retorna uma configura\u00e7\u00e3o mock.&amp;quot;&amp;quot;&amp;quot;\n&amp;gt;       email_config = EmailConfig(\n            smtp_server=&amp;#x27;smtp.gmail.com&amp;#x27;,\n            smtp_port=587,\n            email_user=&amp;#x27;test@gmail.com&amp;#x27;,\n            email_password=&amp;#x27;password123&amp;#x27;,\n            from_email=&amp;#x27;test@gmail.com&amp;#x27;,\n            to_email=&amp;#x27;recipient@gmail.com&amp;#x27;\n        )\nE       TypeError: EmailConfig.__init__() got an unexpected keyword argument &amp;#x27;email_user&amp;#x27;\n\ntests\\test_app.py:62: TypeError\n&#34;}], &#34;tests/test_app.py::TestRSSFeedProcessor::test_rss_reader_property&#34;: [{&#34;extras&#34;: [], &#34;result&#34;: &#34;Error&#34;, &#34;testId&#34;: &#34;tests/test_app.py::TestRSSFeedProcessor::test_rss_reader_property::setup&#34;, &#34;duration&#34;: &#34;0 ms&#34;, &#34;resultsTableRow&#34;: [&#34;&lt;td class=\&#34;col-result\&#34;&gt;Error&lt;/td&gt;&#34;, &#34;&lt;td class=\&#34;col-testId\&#34;&gt;tests/test_app.py::TestRSSFeedProcessor::test_rss_reader_property::setup&lt;/td&gt;&#34;, &#34;&lt;td class=\&#34;col-duration\&#34;&gt;0 ms&lt;/td&gt;&#34;, &#34;&lt;td class=\&#34;col-links\&#34;&gt;&lt;/td&gt;&#34;], &#34;log&#34;: &#34;self = &amp;lt;product_reader.tests.test_app.TestRSSFeedProcessor object at 0x0000017E54D791D0&amp;gt;\n\n    @pytest.fixture\n    def mock_config(self):\n        &amp;quot;&amp;quot;&amp;quot;Fixture que retorna uma configura\u00e7\u00e3o mock.&amp;quot;&amp;quot;&amp;quot;\n&amp;gt;       email_config = EmailConfig(\n            smtp_server=&amp;#x27;smtp.gmail.com&amp;#x27;,\n            smtp_port=587,\n            email_user=&amp;#x27;test@gmail.com&amp;#x27;,\n            email_password=&amp;#x27;password123&amp;#x27;,\n            from_email=&amp;#x27;test@gmail.com&amp;#x27;,\n            to_email=&amp;#x27;recipient@gmail.com&amp;#x27;\n        )\nE       TypeError: EmailConfig.__init__() got an unexpected keyword argument &amp;#x27;email_user&amp;#x27;\n\ntests\\test_app.py:62: TypeError\n&#34;}], &#34;tests/test_app.py::TestRSSFeedProcessor::test_summarizer_property&#34;: [{&#34;extras&#34;: [], &#34;result&#34;: &#34;Error&#34;, &#34;testId&#34;: &#34;tests/test_app.py::TestRSSFeedProcessor::test_summarizer_property::setup&#34;, &#34;duration&#34;: &#34;0 ms&#34;, &#34;resultsTableRow&#34;: [&#34;&lt;td class=\&#34;col-result\&#34;&gt;Error&lt;/td&gt;&#34;, &#34;&lt;td class=\&#34;col-testId\&#34;&gt;tests/test_app.py::TestRSSFeedProcessor::test_summarizer_property::setup&lt;/td&gt;&#34;, &#34;&lt;td class=\&#34;col-duration\&#34;&gt;0 ms&lt;/td&gt;&#34;, &#34;&lt;td class=\&#34;col-links\&#34;&gt;&lt;/td&gt;&#34;], &#34;log&#34;: &#34;self = &amp;lt;product_reader.tests.test_app.TestRSSFeedProcessor object at 0x0000017E54D715B0&amp;gt;\n\n    @pytest.fixture\n    def mock_config(self):\n        &amp;quot;&amp;quot;&amp;quot;Fixture que retorna uma configura\u00e7\u00e3o mock.&amp;quot;&amp;quot;&amp;quot;\n&amp;gt;       email_config = EmailConfig(\n            smtp_server=&amp;#x27;smtp.gmail.com&amp;#x27;,\n            smtp_port=587,\n            email_user=&amp;#x27;test@gmail.com&amp;#x27;,\n            email_password=&amp;#x27;password123&amp;#x27;,\n            from_email=&amp;#x27;test@gmail.com&amp;#x27;,\n            to_email=&amp;#x27;recipient@gmail.com&amp;#x27;\n        )\nE       TypeError: EmailConfig.__init__() got an unexpected keyword argument &amp;#x27;email_user&amp;#x27;\n\ntests\\test_app.py:62: TypeError\n&#34;}], &#34;tests/test_app.py::TestRSSFeedProcessor::test_email_sender_property&#34;: [{&#34;extras&#34;: [], &#34;result&#34;: &#34;Error&#34;, &#34;testId&#34;: &#34;tests/test_app.py::TestRSSFeedProcessor::test_email_sender_property::setup&#34;, &#34;duration&#34;: &#34;0 ms&#34;, &#34;resultsTableRow&#34;: [&#34;&lt;td class=\&#34;col-result\&#34;&gt;Error&lt;/td&gt;&#34;, &#34;&lt;td class=\&#34;col-testId\&#34;&gt;tests/test_app.py::TestRSSFeedProcessor::test_email_sender_property::setup&lt;/td&gt;&#34;, &#34;&lt;td class=\&#34;col-duration\&#34;&gt;0 ms&lt;/td&gt;&#34;, &#34;&lt;td class=\&#34;col-links\&#34;&gt;&lt;/td&gt;&#34;], &#34;log&#34;: &#34;self = &amp;lt;product_reader.tests.test_app.TestRSSFeedProcessor object at 0x0000017E54D71480&amp;gt;\n\n    @pytest.fixture\n    def mock_config(self):\n        &amp;quot;&amp;quot;&amp;quot;Fixture que retorna uma configura\u00e7\u00e3o mock.&amp;quot;&amp;quot;&amp;quot;\n&amp;gt;       email_config = EmailConfig(\n            smtp_server=&amp;#x27;smtp.gmail.com&amp;#x27;,\n            smtp_port=587,\n            email_user=&amp;#x27;test@gmail.com&amp;#x27;,\n            email_password=&amp;#x27;password123&amp;#x27;,\n            from_email=&amp;#x27;test@gmail.com&amp;#x27;,\n            to_email=&amp;#x27;recipient@gmail.com&amp;#x27;\n        )\nE       TypeError: EmailConfig.__init__() got an unexpected keyword argument &amp;#x27;email_user&amp;#x27;\n\ntests\\test_app.py:62: TypeError\n&#34;}], &#34;tests/test_app.py::TestRSSFeedProcessor::test_connection_tester_property&#34;: [{&#34;extras&#34;: [], &#34;result&#34;: &#34;Error&#34;, &#34;testId&#34;: &#34;tests/test_app.py::TestRSSFeedProcessor::test_connection_tester_property::setup&#34;, &#34;duration&#34;: &#34;0 ms&#34;, &#34;resultsTableRow&#34;: [&#34;&lt;td class=\&#34;col-result\&#34;&gt;Error&lt;/td&gt;&#34;, &#34;&lt;td class=\&#34;col-testId\&#34;&gt;tests/test_app.py::TestRSSFeedProcessor::test_connection_tester_property::setup&lt;/td&gt;&#34;, &#34;&lt;td class=\&#34;col-duration\&#34;&gt;0 ms&lt;/td&gt;&#34;, &#34;&lt;td class=\&#34;col-links\&#34;&gt;&lt;/td&gt;&#34;], &#34;log&#34;: &#34;self = &amp;lt;product_reader.tests.test_app.TestRSSFeedProcessor object at 0x0000017E54F0E210&amp;gt;\n\n    @pytest.fixture\n    def mock_config(self):\n        &amp;quot;&amp;quot;&amp;quot;Fixture que retorna uma configura\u00e7\u00e3o mock.&amp;quot;&amp;quot;&amp;quot;\n&amp;gt;       email_config = EmailConfig(\n            smtp_server=&amp;#x27;smtp.gmail.com&amp;#x27;,\n            smtp_port=587,\n            email_user=&amp;#x27;test@gmail.com&amp;#x27;,\n            email_password=&amp;#x27;password123&amp;#x27;,\n            from_email=&amp;#x27;test@gmail.com&amp;#x27;,\n            to_email=&amp;#x27;recipient@gmail.com&amp;#x27;\n        )\nE       TypeError: EmailConfig.__init__() got an unexpected keyword argument &amp;#x27;email_user&amp;#x27;\n\ntests\\test_app.py:62: TypeError\n&#34;}], &#34;tests/test_app.py::TestRSSFeedProcessor::test_test_connections_success&#34;: [{&#34;extras&#34;: [], &#34;result&#34;: &#34;Error&#34;, &#34;testId&#34;: &#34;tests/test_app.py::TestRSSFeedProcessor::test_test_connections_success::setup&#34;, &#34;duration&#34;: &#34;0 ms&#34;, &#34;resultsTableRow&#34;: [&#34;&lt;td class=\&#34;col-result\&#34;&gt;Error&lt;/td&gt;&#34;, &#34;&lt;td class=\&#34;col-testId\&#34;&gt;tests/test_app.py::TestRSSFeedProcessor::test_test_connections_success::setup&lt;/td&gt;&#34;, &#34;&lt;td class=\&#34;col-duration\&#34;&gt;0 ms&lt;/td&gt;&#34;, &#34;&lt;td class=\&#34;col-links\&#34;&gt;&lt;/td&gt;&#34;], &#34;log&#34;: &#34;self = &amp;lt;product_reader.tests.test_app.TestRSSFeedProcessor object at 0x0000017E54F20380&amp;gt;\n\n    @pytest.fixture\n    def mock_config(self):\n        &amp;quot;&amp;quot;&amp;quot;Fixture que retorna uma configura\u00e7\u00e3o mock.&amp;quot;&amp;quot;&amp;quot;\n&amp;gt;       email_config = EmailConfig(\n            smtp_server=&amp;#x27;smtp.gmail.com&amp;#x27;,\n            smtp_port=587,\n            email_user=&amp;#x27;test@gmail.com&amp;#x27;,\n            email_password=&amp;#x27;password123&amp;#x27;,\n            from_email=&amp;#x27;test@gmail.com&amp;#x27;,\n            to_email=&amp;#x27;recipient@gmail.com&amp;#x27;\n        )\nE       TypeError: EmailConfig.__init__() got an unexpected keyword argument &amp;#x27;email_user&amp;#x27;\n\ntests\\test_app.py:62: TypeError\n&#34;}], &#34;tests/test_app.py::TestRSSFeedProcessor::test_test_connections_failure&#34;: [{&#34;extras&#34;: [], &#34;result&#34;: &#34;Error&#34;, &#34;testId&#34;: &#34;tests/test_app.py::TestRSSFeedProcessor::test_test_connections_failure::setup&#34;, &#34;duration&#34;: &#34;0 ms&#34;, &#34;resultsTableRow&#34;: [&#34;&lt;td class=\&#34;col-result\&#34;&gt;Error&lt;/td&gt;&#34;, &#34;&lt;td class=\&#34;col-testId\&#34;&gt;tests/test_app.py::TestRSSFeedProcessor::test_test_connections_failure::setup&lt;/td&gt;&#34;, &#34;&lt;td class=\&#34;col-duration\&#34;&gt;0 ms&lt;/td&gt;&#34;, &#34;&lt;td class=\&#34;col-links\&#34;&gt;&lt;/td&gt;&#34;], &#34;log&#34;: &#34;self = &amp;lt;product_reader.tests.test_app.TestRSSFeedProcessor object at 0x0000017E54F20270&amp;gt;\n\n    @pytest.fixture\n    def mock_config(self):\n        &amp;quot;&amp;quot;&amp;quot;Fixture que retorna uma configura\u00e7\u00e3o mock.&amp;quot;&amp;quot;&amp;quot;\n&amp;gt;       email_config = EmailConfig(\n            smtp_server=&amp;#x27;smtp.gmail.com&amp;#x27;,\n            smtp_port=587,\n            email_user=&amp;#x27;test@gmail.com&amp;#x27;,\n            email_password=&amp;#x27;password123&amp;#x27;,\n            from_email=&amp;#x27;test@gmail.com&amp;#x27;,\n            to_email=&amp;#x27;recipient@gmail.com&amp;#x27;\n        )\nE       TypeError: EmailConfig.__init__() got an unexpected keyword argument &amp;#x27;email_user&amp;#x27;\n\ntests\\test_app.py:62: TypeError\n&#34;}], &#34;tests/test_app.py::TestRSSFeedProcessor::test_process_feeds_no_feeds&#34;: [{&#34;extras&#34;: [], &#34;result&#34;: &#34;Error&#34;, &#34;testId&#34;: &#34;tests/test_app.py::TestRSSFeedProcessor::test_process_feeds_no_feeds::setup&#34;, &#34;duration&#34;: &#34;0 ms&#34;, &#34;resultsTableRow&#34;: [&#34;&lt;td class=\&#34;col-result\&#34;&gt;Error&lt;/td&gt;&#34;, &#34;&lt;td class=\&#34;col-testId\&#34;&gt;tests/test_app.py::TestRSSFeedProcessor::test_process_feeds_no_feeds::setup&lt;/td&gt;&#34;, &#34;&lt;td class=\&#34;col-duration\&#34;&gt;0 ms&lt;/td&gt;&#34;, &#34;&lt;td class=\&#34;col-links\&#34;&gt;&lt;/td&gt;&#34;], &#34;log&#34;: &#34;self = &amp;lt;product_reader.tests.test_app.TestRSSFeedProcessor object at 0x0000017E54E24950&amp;gt;\n\n    @pytest.fixture\n    def mock_config(self):\n        &amp;quot;&amp;quot;&amp;quot;Fixture que retorna uma configura\u00e7\u00e3o mock.&amp;quot;&amp;quot;&amp;quot;\n&amp;gt;       email_config = EmailConfig(\n            smtp_server=&amp;#x27;smtp.gmail.com&amp;#x27;,\n            smtp_port=587,\n            email_user=&amp;#x27;test@gmail.com&amp;#x27;,\n            email_password=&amp;#x27;password123&amp;#x27;,\n            from_email=&amp;#x27;test@gmail.com&amp;#x27;,\n            to_email=&amp;#x27;recipient@gmail.com&amp;#x27;\n        )\nE       TypeError: EmailConfig.__init__() got an unexpected keyword argument &amp;#x27;email_user&amp;#x27;\n\ntests\\test_app.py:62: TypeError\n&#34;}], &#34;tests/test_app.py::TestRSSFeedProcessor::test_process_feeds_with_custom_feeds&#34;: [{&#34;extras&#34;: [], &#34;result&#34;: &#34;Error&#34;, &#34;testId&#34;: &#34;tests/test_app.py::TestRSSFeedProcessor::test_process_feeds_with_custom_feeds::setup&#34;, &#34;duration&#34;: &#34;0 ms&#34;, &#34;resultsTableRow&#34;: [&#34;&lt;td class=\&#34;col-result\&#34;&gt;Error&lt;/td&gt;&#34;, &#34;&lt;td class=\&#34;col-testId\&#34;&gt;tests/test_app.py::TestRSSFeedProcessor::test_process_feeds_with_custom_feeds::setup&lt;/td&gt;&#34;, &#34;&lt;td class=\&#34;col-duration\&#34;&gt;0 ms&lt;/td&gt;&#34;, &#34;&lt;td class=\&#34;col-links\&#34;&gt;&lt;/td&gt;&#34;], &#34;log&#34;: &#34;self = &amp;lt;product_reader.tests.test_app.TestRSSFeedProcessor object at 0x0000017E54E24850&amp;gt;\n\n    @pytest.fixture\n    def mock_config(self):\n        &amp;quot;&amp;quot;&amp;quot;Fixture que retorna uma configura\u00e7\u00e3o mock.&amp;quot;&amp;quot;&amp;quot;\n&amp;gt;       email_config = EmailConfig(\n            smtp_server=&amp;#x27;smtp.gmail.com&amp;#x27;,\n            smtp_port=587,\n            email_user=&amp;#x27;test@gmail.com&amp;#x27;,\n            email_password=&amp;#x27;password123&amp;#x27;,\n            from_email=&amp;#x27;test@gmail.com&amp;#x27;,\n            to_email=&amp;#x27;recipient@gmail.com&amp;#x27;\n        )\nE       TypeError: EmailConfig.__init__() got an unexpected keyword argument &amp;#x27;email_user&amp;#x27;\n\ntests\\test_app.py:62: TypeError\n&#34;}], &#34;tests/test_app.py::TestRSSFeedProcessor::test_process_feeds_dry_run&#34;: [{&#34;extras&#34;: [], &#34;result&#34;: &#34;Error&#34;, &#34;testId&#34;: &#34;tests/test_app.py::TestRSSFeedProcessor::test_process_feeds_dry_run::setup&#34;, &#34;duration&#34;: &#34;0 ms&#34;, &#34;resultsTableRow&#34;: [&#34;&lt;td class=\&#34;col-result\&#34;&gt;Error&lt;/td&gt;&#34;, &#34;&lt;td class=\&#34;col-testId\&#34;&gt;tests/test_app.py::TestRSSFeedProcessor::test_process_feeds_dry_run::setup&lt;/td&gt;&#34;, &#34;&lt;td class=\&#34;col-duration\&#34;&gt;0 ms&lt;/td&gt;&#34;, &#34;&lt;td class=\&#34;col-links\&#34;&gt;&lt;/td&gt;&#34;], &#34;log&#34;: &#34;self = &amp;lt;product_reader.tests.test_app.TestRSSFeedProcessor object at 0x0000017E54F24320&amp;gt;\n\n    @pytest.fixture\n    def mock_config(self):\n        &amp;quot;&amp;quot;&amp;quot;Fixture que retorna uma configura\u00e7\u00e3o mock.&amp;quot;&amp;quot;&amp;quot;\n&amp;gt;       email_config = EmailConfig(\n            smtp_server=&amp;#x27;smtp.gmail.com&amp;#x27;,\n            smtp_port=587,\n            email_user=&amp;#x27;test@gmail.com&amp;#x27;,\n            email_password=&amp;#x27;password123&amp;#x27;,\n            from_email=&amp;#x27;test@gmail.com&amp;#x27;,\n            to_email=&amp;#x27;recipient@gmail.com&amp;#x27;\n        )\nE       TypeError: EmailConfig.__init__() got an unexpected keyword argument &amp;#x27;email_user&amp;#x27;\n\ntests\\test_app.py:62: TypeError\n&#34;}], &#34;tests/test_app.py::TestRSSFeedProcessor::test_process_feeds_with_error&#34;: [{&#34;extras&#34;: [], &#34;result&#34;: &#34;Error&#34;, &#34;testId&#34;: &#34;tests/test_app.py::TestRSSFeedProcessor::test_process_feeds_with_error::setup&#34;, &#34;duration&#34;: &#34;0 ms&#34;, &#34;resultsTableRow&#34;: [&#34;&lt;td class=\&#34;col-result\&#34;&gt;Error&lt;/td&gt;&#34;, &#34;&lt;td class=\&#34;col-testId\&#34;&gt;tests/test_app.py::TestRSSFeedProcessor::test_process_feeds_with_error::setup&lt;/td&gt;&#34;, &#34;&lt;td class=\&#34;col-duration\&#34;&gt;0 ms&lt;/td&gt;&#34;, &#34;&lt;td class=\&#34;col-links\&#34;&gt;&lt;/td&gt;&#34;], &#34;log&#34;: &#34;self = &amp;lt;product_reader.tests.test_app.TestRSSFeedProcessor object at 0x0000017E54F24230&amp;gt;\n\n    @pytest.fixture\n    def mock_config(self):\n        &amp;quot;&amp;quot;&amp;quot;Fixture que retorna uma configura\u00e7\u00e3o mock.&amp;quot;&amp;quot;&amp;quot;\n&amp;gt;       email_config = EmailConfig(\n            smtp_server=&amp;#x27;smtp.gmail.com&amp;#x27;,\n            smtp_port=587,\n            email_user=&amp;#x27;test@gmail.com&amp;#x27;,\n            email_password=&amp;#x27;password123&amp;#x27;,\n            from_email=&amp;#x27;test@gmail.com&amp;#x27;,\n            to_email=&amp;#x27;recipient@gmail.com&amp;#x27;\n        )\nE       TypeError: EmailConfig.__init__() got an unexpected keyword argument &amp;#x27;email_user&amp;#x27;\n\ntests\\test_app.py:62: TypeError\n&#34;}], &#34;tests/test_app.py::TestRSSFeedProcessor::test_list_feeds&#34;: [{&#34;extras&#34;: [], &#34;result&#34;: &#34;Error&#34;, &#34;testId&#34;: &#34;tests/test_app.py::TestRSSFeedProcessor::test_list_feeds::setup&#34;, &#34;duration&#34;: &#34;0 ms&#34;, &#34;resultsTableRow&#34;: [&#34;&lt;td class=\&#34;col-result\&#34;&gt;Error&lt;/td&gt;&#34;, &#34;&lt;td class=\&#34;col-testId\&#34;&gt;tests/test_app.py::TestRSSFeedProcessor::test_list_feeds::setup&lt;/td&gt;&#34;, &#34;&lt;td class=\&#34;col-duration\&#34;&gt;0 ms&lt;/td&gt;&#34;, &#34;&lt;td class=\&#34;col-links\&#34;&gt;&lt;/td&gt;&#34;], &#34;log&#34;: &#34;self = &amp;lt;product_reader.tests.test_app.TestRSSFeedProcessor object at 0x0000017E54F05FD0&amp;gt;\n\n    @pytest.fixture\n    def mock_config(self):\n        &amp;quot;&amp;quot;&amp;quot;Fixture que retorna uma configura\u00e7\u00e3o mock.&amp;quot;&amp;quot;&amp;quot;\n&amp;gt;       email_config = EmailConfig(\n            smtp_server=&amp;#x27;smtp.gmail.com&amp;#x27;,\n            smtp_port=587,\n            email_user=&amp;#x27;test@gmail.com&amp;#x27;,\n            email_password=&amp;#x27;password123&amp;#x27;,\n            from_email=&amp;#x27;test@gmail.com&amp;#x27;,\n            to_email=&amp;#x27;recipient@gmail.com&amp;#x27;\n        )\nE       TypeError: EmailConfig.__init__() got an unexpected keyword argument &amp;#x27;email_user&amp;#x27;\n\ntests\\test_app.py:62: TypeError\n&#34;}], &#34;tests/test_app.py::TestCreateApp::test_create_app_success&#34;: [{&#34;extras&#34;: [], &#34;result&#34;: &#34;Failed&#34;, &#34;testId&#34;: &#34;tests/test_app.py::TestCreateApp::test_create_app_success&#34;, &#34;duration&#34;: &#34;1 ms&#34;, &#34;resultsTableRow&#34;: [&#34;&lt;td class=\&#34;col-result\&#34;&gt;Failed&lt;/td&gt;&#34;, &#34;&lt;td class=\&#34;col-testId\&#34;&gt;tests/test_app.py::TestCreateApp::test_create_app_success&lt;/td&gt;&#34;, &#34;&lt;td class=\&#34;col-duration\&#34;&gt;1 ms&lt;/td&gt;&#34;, &#34;&lt;td class=\&#34;col-links\&#34;&gt;&lt;/td&gt;&#34;], &#34;log&#34;: &#34;self = &amp;lt;product_reader.tests.test_app.TestCreateApp object at 0x0000017E54D79590&amp;gt;\nmock_load_config = &amp;lt;MagicMock name=&amp;#x27;load_configuration&amp;#x27; id=&amp;#x27;1642102517648&amp;#x27;&amp;gt;\n\n    @patch(&amp;#x27;app.load_configuration&amp;#x27;)\n    def test_create_app_success(self, mock_load_config):\n        &amp;quot;&amp;quot;&amp;quot;Testa cria\u00e7\u00e3o bem-sucedida da aplica\u00e7\u00e3o.&amp;quot;&amp;quot;&amp;quot;\n        # Mock da configura\u00e7\u00e3o\n&amp;gt;       email_config = EmailConfig(\n            smtp_server=&amp;#x27;smtp.gmail.com&amp;#x27;,\n            smtp_port=587,\n            email_user=&amp;#x27;test@gmail.com&amp;#x27;,\n            email_password=&amp;#x27;password123&amp;#x27;,\n            from_email=&amp;#x27;test@gmail.com&amp;#x27;,\n            to_email=&amp;#x27;recipient@gmail.com&amp;#x27;\n        )\nE       TypeError: EmailConfig.__init__() got an unexpected keyword argument &amp;#x27;email_user&amp;#x27;\n\ntests\\test_app.py:298: TypeError\n&#34;}], &#34;tests/test_app.py::TestCreateApp::test_create_app_configuration_error&#34;: [{&#34;extras&#34;: [], &#34;result&#34;: &#34;Passed&#34;, &#34;testId&#34;: &#34;tests/test_app.py::TestCreateApp::test_create_app_configuration_error&#34;, &#34;duration&#34;: &#34;1 ms&#34;, &#34;resultsTableRow&#34;: [&#34;&lt;td class=\&#34;col-result\&#34;&gt;Passed&lt;/td&gt;&#34;, &#34;&lt;td class=\&#34;col-testId\&#34;&gt;tests/test_app.py::TestCreateApp::test_create_app_configuration_error&lt;/td&gt;&#34;, &#34;&lt;td class=\&#34;col-duration\&#34;&gt;1 ms&lt;/td&gt;&#34;, &#34;&lt;td class=\&#34;col-links\&#34;&gt;&lt;/td&gt;&#34;], &#34;log&#34;: &#34;No log output captured.&#34;}], &#34;tests/test_app.py::TestCreateApp::test_create_app_with_custom_config_path&#34;: [{&#34;extras&#34;: [], &#34;result&#34;: &#34;Failed&#34;, &#34;testId&#34;: &#34;tests/test_app.py::TestCreateApp::test_create_app_with_custom_config_path&#34;, &#34;duration&#34;: &#34;1 ms&#34;, &#34;resultsTableRow&#34;: [&#34;&lt;td class=\&#34;col-result\&#34;&gt;Failed&lt;/td&gt;&#34;, &#34;&lt;td class=\&#34;col-testId\&#34;&gt;tests/test_app.py::TestCreateApp::test_create_app_with_custom_config_path&lt;/td&gt;&#34;, &#34;&lt;td class=\&#34;col-duration\&#34;&gt;1 ms&lt;/td&gt;&#34;, &#34;&lt;td class=\&#34;col-links\&#34;&gt;&lt;/td&gt;&#34;], &#34;log&#34;: &#34;self = &amp;lt;product_reader.tests.test_app.TestCreateApp object at 0x0000017E54D716E0&amp;gt;\nmock_load_config = &amp;lt;MagicMock name=&amp;#x27;load_configuration&amp;#x27; id=&amp;#x27;1642102520336&amp;#x27;&amp;gt;\n\n    @patch(&amp;#x27;app.load_configuration&amp;#x27;)\n    def test_create_app_with_custom_config_path(self, mock_load_config):\n        &amp;quot;&amp;quot;&amp;quot;Testa cria\u00e7\u00e3o da aplica\u00e7\u00e3o com caminho customizado de configura\u00e7\u00e3o.&amp;quot;&amp;quot;&amp;quot;\n        # Mock da configura\u00e7\u00e3o\n&amp;gt;       email_config = EmailConfig(\n            smtp_server=&amp;#x27;smtp.gmail.com&amp;#x27;,\n            smtp_port=587,\n            email_user=&amp;#x27;test@gmail.com&amp;#x27;,\n            email_password=&amp;#x27;password123&amp;#x27;,\n            from_email=&amp;#x27;test@gmail.com&amp;#x27;,\n            to_email=&amp;#x27;recipient@gmail.com&amp;#x27;\n        )\nE       TypeError: EmailConfig.__init__() got an unexpected keyword argument &amp;#x27;email_user&amp;#x27;\n\ntests\\test_app.py:335: TypeError\n&#34;}], &#34;tests/test_basic.py::test_simple&#34;: [{&#34;extras&#34;: [], &#34;result&#34;: &#34;Passed&#34;, &#34;testId&#34;: &#34;tests/test_basic.py::test_simple&#34;, &#34;duration&#34;: &#34;0 ms&#34;, &#34;resultsTableRow&#34;: [&#34;&lt;td class=\&#34;col-result\&#34;&gt;Passed&lt;/td&gt;&#34;, &#34;&lt;td class=\&#34;col-testId\&#34;&gt;tests/test_basic.py::test_simple&lt;/td&gt;&#34;, &#34;&lt;td class=\&#34;col-duration\&#34;&gt;0 ms&lt;/td&gt;&#34;, &#34;&lt;td class=\&#34;col-links\&#34;&gt;&lt;/td&gt;&#34;], &#34;log&#34;: &#34;No log output captured.&#34;}], &#34;tests/test_cli.py::TestCreateParser::test_create_parser_basic&#34;: [{&#34;extras&#34;: [], &#34;result&#34;: &#34;Passed&#34;, &#34;testId&#34;: &#34;tests/test_cli.py::TestCreateParser::test_create_parser_basic&#34;, &#34;duration&#34;: &#34;2 ms&#34;, &#34;resultsTableRow&#34;: [&#34;&lt;td class=\&#34;col-result\&#34;&gt;Passed&lt;/td&gt;&#34;, &#34;&lt;td class=\&#34;col-testId\&#34;&gt;tests/test_cli.py::TestCreateParser::test_create_parser_basic&lt;/td&gt;&#34;, &#34;&lt;td class=\&#34;col-duration\&#34;&gt;2 ms&lt;/td&gt;&#34;, &#34;&lt;td class=\&#34;col-links\&#34;&gt;&lt;/td&gt;&#34;], &#34;log&#34;: &#34;No log output captured.&#34;}], &#34;tests/test_cli.py::TestCreateParser::test_create_parser_default_command&#34;: [{&#34;extras&#34;: [], &#34;result&#34;: &#34;Failed&#34;, &#34;testId&#34;: &#34;tests/test_cli.py::TestCreateParser::test_create_parser_default_command&#34;, &#34;duration&#34;: &#34;2 ms&#34;, &#34;resultsTableRow&#34;: [&#34;&lt;td class=\&#34;col-result\&#34;&gt;Failed&lt;/td&gt;&#34;, &#34;&lt;td class=\&#34;col-testId\&#34;&gt;tests/test_cli.py::TestCreateParser::test_create_parser_default_command&lt;/td&gt;&#34;, &#34;&lt;td class=\&#34;col-duration\&#34;&gt;2 ms&lt;/td&gt;&#34;, &#34;&lt;td class=\&#34;col-links\&#34;&gt;&lt;/td&gt;&#34;], &#34;log&#34;: &#34;self = &amp;lt;product_reader.tests.test_cli.TestCreateParser object at 0x0000017E54D79810&amp;gt;\n\n    def test_create_parser_default_command(self):\n        &amp;quot;&amp;quot;&amp;quot;Testa comando padr\u00e3o (run).&amp;quot;&amp;quot;&amp;quot;\n        parser = create_parser()\n        args = parser.parse_args([])\n    \n&amp;gt;       assert args.command == &amp;#x27;run&amp;#x27;\nE       AssertionError: assert None == &amp;#x27;run&amp;#x27;\nE        +  where None = Namespace(debug=False, config=&amp;#x27;.env&amp;#x27;, command=None).command\n\ntests\\test_cli.py:39: AssertionError\n&#34;}], &#34;tests/test_cli.py::TestCreateParser::test_create_parser_run_command_with_args&#34;: [{&#34;extras&#34;: [], &#34;result&#34;: &#34;Passed&#34;, &#34;testId&#34;: &#34;tests/test_cli.py::TestCreateParser::test_create_parser_run_command_with_args&#34;, &#34;duration&#34;: &#34;2 ms&#34;, &#34;resultsTableRow&#34;: [&#34;&lt;td class=\&#34;col-result\&#34;&gt;Passed&lt;/td&gt;&#34;, &#34;&lt;td class=\&#34;col-testId\&#34;&gt;tests/test_cli.py::TestCreateParser::test_create_parser_run_command_with_args&lt;/td&gt;&#34;, &#34;&lt;td class=\&#34;col-duration\&#34;&gt;2 ms&lt;/td&gt;&#34;, &#34;&lt;td class=\&#34;col-links\&#34;&gt;&lt;/td&gt;&#34;], &#34;log&#34;: &#34;No log output captured.&#34;}], &#34;tests/test_cli.py::TestCreateParser::test_create_parser_test_command&#34;: [{&#34;extras&#34;: [], &#34;result&#34;: &#34;Passed&#34;, &#34;testId&#34;: &#34;tests/test_cli.py::TestCreateParser::test_create_parser_test_command&#34;, &#34;duration&#34;: &#34;2 ms&#34;, &#34;resultsTableRow&#34;: [&#34;&lt;td class=\&#34;col-result\&#34;&gt;Passed&lt;/td&gt;&#34;, &#34;&lt;td class=\&#34;col-testId\&#34;&gt;tests/test_cli.py::TestCreateParser::test_create_parser_test_command&lt;/td&gt;&#34;, &#34;&lt;td class=\&#34;col-duration\&#34;&gt;2 ms&lt;/td&gt;&#34;, &#34;&lt;td class=\&#34;col-links\&#34;&gt;&lt;/td&gt;&#34;], &#34;log&#34;: &#34;No log output captured.&#34;}], &#34;tests/test_cli.py::TestCreateParser::test_create_parser_validate_command&#34;: [{&#34;extras&#34;: [], &#34;result&#34;: &#34;Passed&#34;, &#34;testId&#34;: &#34;tests/test_cli.py::TestCreateParser::test_create_parser_validate_command&#34;, &#34;duration&#34;: &#34;1 ms&#34;, &#34;resultsTableRow&#34;: [&#34;&lt;td class=\&#34;col-result\&#34;&gt;Passed&lt;/td&gt;&#34;, &#34;&lt;td class=\&#34;col-testId\&#34;&gt;tests/test_cli.py::TestCreateParser::test_create_parser_validate_command&lt;/td&gt;&#34;, &#34;&lt;td class=\&#34;col-duration\&#34;&gt;1 ms&lt;/td&gt;&#34;, &#34;&lt;td class=\&#34;col-links\&#34;&gt;&lt;/td&gt;&#34;], &#34;log&#34;: &#34;No log output captured.&#34;}], &#34;tests/test_cli.py::TestCreateParser::test_create_parser_list_feeds_command&#34;: [{&#34;extras&#34;: [], &#34;result&#34;: &#34;Passed&#34;, &#34;testId&#34;: &#34;tests/test_cli.py::TestCreateParser::test_create_parser_list_feeds_command&#34;, &#34;duration&#34;: &#34;1 ms&#34;, &#34;resultsTableRow&#34;: [&#34;&lt;td class=\&#34;col-result\&#34;&gt;Passed&lt;/td&gt;&#34;, &#34;&lt;td class=\&#34;col-testId\&#34;&gt;tests/test_cli.py::TestCreateParser::test_create_parser_list_feeds_command&lt;/td&gt;&#34;, &#34;&lt;td class=\&#34;col-duration\&#34;&gt;1 ms&lt;/td&gt;&#34;, &#34;&lt;td class=\&#34;col-links\&#34;&gt;&lt;/td&gt;&#34;], &#34;log&#34;: &#34;No log output captured.&#34;}], &#34;tests/test_cli.py::TestCreateParser::test_create_parser_global_debug_flag&#34;: [{&#34;extras&#34;: [], &#34;result&#34;: &#34;Passed&#34;, &#34;testId&#34;: &#34;tests/test_cli.py::TestCreateParser::test_create_parser_global_debug_flag&#34;, &#34;duration&#34;: &#34;1 ms&#34;, &#34;resultsTableRow&#34;: [&#34;&lt;td class=\&#34;col-result\&#34;&gt;Passed&lt;/td&gt;&#34;, &#34;&lt;td class=\&#34;col-testId\&#34;&gt;tests/test_cli.py::TestCreateParser::test_create_parser_global_debug_flag&lt;/td&gt;&#34;, &#34;&lt;td class=\&#34;col-duration\&#34;&gt;1 ms&lt;/td&gt;&#34;, &#34;&lt;td class=\&#34;col-links\&#34;&gt;&lt;/td&gt;&#34;], &#34;log&#34;: &#34;No log output captured.&#34;}], &#34;tests/test_cli.py::TestCreateParser::test_create_parser_global_config_path&#34;: [{&#34;extras&#34;: [], &#34;result&#34;: &#34;Failed&#34;, &#34;testId&#34;: &#34;tests/test_cli.py::TestCreateParser::test_create_parser_global_config_path&#34;, &#34;duration&#34;: &#34;2 ms&#34;, &#34;resultsTableRow&#34;: [&#34;&lt;td class=\&#34;col-result\&#34;&gt;Failed&lt;/td&gt;&#34;, &#34;&lt;td class=\&#34;col-testId\&#34;&gt;tests/test_cli.py::TestCreateParser::test_create_parser_global_config_path&lt;/td&gt;&#34;, &#34;&lt;td class=\&#34;col-duration\&#34;&gt;2 ms&lt;/td&gt;&#34;, &#34;&lt;td class=\&#34;col-links\&#34;&gt;&lt;/td&gt;&#34;], &#34;log&#34;: &#34;self = ArgumentParser(prog=&amp;#x27;rss-processor&amp;#x27;, usage=None, description=&amp;#x27;\ud83d\ude80 RSS Feed Processor - Processa feeds RSS e envia resumos por email&amp;#x27;, formatter_class=&amp;lt;class &amp;#x27;argparse.RawDescriptionHelpFormatter&amp;#x27;&amp;gt;, conflict_handler=&amp;#x27;error&amp;#x27;, add_help=True)\nargs = [&amp;#x27;--config-path&amp;#x27;, &amp;#x27;/custom/path&amp;#x27;, &amp;#x27;run&amp;#x27;]\nnamespace = Namespace(debug=False, config=&amp;#x27;.env&amp;#x27;, command=None), intermixed = False\n\n    def _parse_known_args2(self, args, namespace, intermixed):\n        if args is None:\n            # args default to the system args\n            args = _sys.argv[1:]\n        else:\n            # make sure that args are mutable\n            args = list(args)\n    \n        # default Namespace built from parser defaults\n        if namespace is None:\n            namespace = Namespace()\n    \n        # add any action defaults that aren&amp;#x27;t present\n        for action in self._actions:\n            if action.dest is not SUPPRESS:\n                if not hasattr(namespace, action.dest):\n                    if action.default is not SUPPRESS:\n                        setattr(namespace, action.dest, action.default)\n    \n        # add any parser defaults that aren&amp;#x27;t present\n        for dest in self._defaults:\n            if not hasattr(namespace, dest):\n                setattr(namespace, dest, self._defaults[dest])\n    \n        # parse the arguments and exit if there are any errors\n        if self.exit_on_error:\n            try:\n&amp;gt;               namespace, args = self._parse_known_args(args, namespace, intermixed)\n\nC:\\Users\\rodri\\AppData\\Local\\Programs\\Python\\Python313\\Lib\\argparse.py:1928: \n_ _ _ _ _ _ _ _ _ _ _ _ _ _ _ _ _ _ _ _ _ _ _ _ _ _ _ _ _ _ _ _ _ _ _ _ _ _ _ _ _ _ _ _\nC:\\Users\\rodri\\AppData\\Local\\Programs\\Python\\Python313\\Lib\\argparse.py:2183: in _parse_known_args\n    stop_index = consume_positionals(start_index)\nC:\\Users\\rodri\\AppData\\Local\\Programs\\Python\\Python313\\Lib\\argparse.py:2135: in consume_positionals\n    take_action(action, args)\nC:\\Users\\rodri\\AppData\\Local\\Programs\\Python\\Python313\\Lib\\argparse.py:1989: in take_action\n    argument_values = self._get_values(action, argument_strings)\nC:\\Users\\rodri\\AppData\\Local\\Programs\\Python\\Python313\\Lib\\argparse.py:2518: in _get_values\n    self._check_value(action, value[0])\n_ _ _ _ _ _ _ _ _ _ _ _ _ _ _ _ _ _ _ _ _ _ _ _ _ _ _ _ _ _ _ _ _ _ _ _ _ _ _ _ _ _ _ _\n\nself = ArgumentParser(prog=&amp;#x27;rss-processor&amp;#x27;, usage=None, description=&amp;#x27;\ud83d\ude80 RSS Feed Processor - Processa feeds RSS e envia resumos por email&amp;#x27;, formatter_class=&amp;lt;class &amp;#x27;argparse.RawDescriptionHelpFormatter&amp;#x27;&amp;gt;, conflict_handler=&amp;#x27;error&amp;#x27;, add_help=True)\naction = _SubParsersAction(option_strings=[], dest=&amp;#x27;command&amp;#x27;, nargs=&amp;#x27;A...&amp;#x27;, const=None, default=None, type=None, choices={&amp;#x27;run&amp;#x27;...flict_handler=&amp;#x27;error&amp;#x27;, add_help=True)}, required=False, help=&amp;#x27;Comando a executar&amp;#x27;, metavar=&amp;#x27;COMANDO&amp;#x27;, deprecated=False)\nvalue = &amp;#x27;/custom/path&amp;#x27;\n\n    def _check_value(self, action, value):\n        # converted value must be one of the choices (if specified)\n        choices = action.choices\n        if choices is not None:\n            if isinstance(choices, str):\n                choices = iter(choices)\n            if value not in choices:\n                args = {&amp;#x27;value&amp;#x27;: str(value),\n                        &amp;#x27;choices&amp;#x27;: &amp;#x27;, &amp;#x27;.join(map(str, action.choices))}\n                msg = _(&amp;#x27;invalid choice: %(value)r (choose from %(choices)s)&amp;#x27;)\n&amp;gt;               raise ArgumentError(action, msg % args)\nE               argparse.ArgumentError: argument COMANDO: invalid choice: &amp;#x27;/custom/path&amp;#x27; (choose from run, test, validate, list-feeds)\n\nC:\\Users\\rodri\\AppData\\Local\\Programs\\Python\\Python313\\Lib\\argparse.py:2568: ArgumentError\n\nDuring handling of the above exception, another exception occurred:\n\nself = &amp;lt;product_reader.tests.test_cli.TestCreateParser object at 0x0000017E54E24D50&amp;gt;\n\n    def test_create_parser_global_config_path(self):\n        &amp;quot;&amp;quot;&amp;quot;Testa configura\u00e7\u00e3o de caminho global.&amp;quot;&amp;quot;&amp;quot;\n        parser = create_parser()\n&amp;gt;       args = parser.parse_args([&amp;#x27;--config-path&amp;#x27;, &amp;#x27;/custom/path&amp;#x27;, &amp;#x27;run&amp;#x27;])\n\ntests\\test_cli.py:86: \n_ _ _ _ _ _ _ _ _ _ _ _ _ _ _ _ _ _ _ _ _ _ _ _ _ _ _ _ _ _ _ _ _ _ _ _ _ _ _ _ _ _ _ _\nC:\\Users\\rodri\\AppData\\Local\\Programs\\Python\\Python313\\Lib\\argparse.py:1889: in parse_args\n    args, argv = self.parse_known_args(args, namespace)\nC:\\Users\\rodri\\AppData\\Local\\Programs\\Python\\Python313\\Lib\\argparse.py:1899: in parse_known_args\n    return self._parse_known_args2(args, namespace, intermixed=False)\nC:\\Users\\rodri\\AppData\\Local\\Programs\\Python\\Python313\\Lib\\argparse.py:1930: in _parse_known_args2\n    self.error(str(err))\nC:\\Users\\rodri\\AppData\\Local\\Programs\\Python\\Python313\\Lib\\argparse.py:2645: in error\n    self.exit(2, _(&amp;#x27;%(prog)s: error: %(message)s\\n&amp;#x27;) % args)\n_ _ _ _ _ _ _ _ _ _ _ _ _ _ _ _ _ _ _ _ _ _ _ _ _ _ _ _ _ _ _ _ _ _ _ _ _ _ _ _ _ _ _ _\n\nself = ArgumentParser(prog=&amp;#x27;rss-processor&amp;#x27;, usage=None, description=&amp;#x27;\ud83d\ude80 RSS Feed Processor - Processa feeds RSS e envia resumos por email&amp;#x27;, formatter_class=&amp;lt;class &amp;#x27;argparse.RawDescriptionHelpFormatter&amp;#x27;&amp;gt;, conflict_handler=&amp;#x27;error&amp;#x27;, add_help=True)\nstatus = 2\nmessage = &amp;quot;rss-processor: error: argument COMANDO: invalid choice: &amp;#x27;/custom/path&amp;#x27; (choose from run, test, validate, list-feeds)\\n&amp;quot;\n\n    def exit(self, status=0, message=None):\n        if message:\n            self._print_message(message, _sys.stderr)\n&amp;gt;       _sys.exit(status)\nE       SystemExit: 2\n\nC:\\Users\\rodri\\AppData\\Local\\Programs\\Python\\Python313\\Lib\\argparse.py:2632: SystemExit\n\n----------------------------- Captured stderr call -----------------------------\nusage: rss-processor [-h] [--debug] [--config CONFIG] COMANDO ...\nrss-processor: error: argument COMANDO: invalid choice: &amp;#x27;/custom/path&amp;#x27; (choose from run, test, validate, list-feeds)\n&#34;}], &#34;tests/test_cli.py::TestCmdRun::test_cmd_run_success&#34;: [{&#34;extras&#34;: [], &#34;result&#34;: &#34;Failed&#34;, &#34;testId&#34;: &#34;tests/test_cli.py::TestCmdRun::test_cmd_run_success&#34;, &#34;duration&#34;: &#34;1 ms&#34;, &#34;resultsTableRow&#34;: [&#34;&lt;td class=\&#34;col-result\&#34;&gt;Failed&lt;/td&gt;&#34;, &#34;&lt;td class=\&#34;col-testId\&#34;&gt;tests/test_cli.py::TestCmdRun::test_cmd_run_success&lt;/td&gt;&#34;, &#34;&lt;td class=\&#34;col-duration\&#34;&gt;1 ms&lt;/td&gt;&#34;, &#34;&lt;td class=\&#34;col-links\&#34;&gt;&lt;/td&gt;&#34;], &#34;log&#34;: &#34;self = &amp;lt;product_reader.tests.test_cli.TestCmdRun object at 0x0000017E54D79950&amp;gt;\nmock_create_app = &amp;lt;MagicMock name=&amp;#x27;create_app&amp;#x27; id=&amp;#x27;1642102520336&amp;#x27;&amp;gt;\n\n    @patch(&amp;#x27;cli.create_app&amp;#x27;)\n    def test_cmd_run_success(self, mock_create_app):\n        &amp;quot;&amp;quot;&amp;quot;Testa execu\u00e7\u00e3o bem-sucedida do comando run.&amp;quot;&amp;quot;&amp;quot;\n        # Mock da aplica\u00e7\u00e3o\n        mock_app = Mock()\n        mock_result = Mock()\n        mock_result.success = True\n        mock_result.articles_found = 5\n        mock_result.articles_processed = 5\n        mock_result.summaries_generated = 5\n        mock_result.emails_sent = 1\n        mock_result.errors = []\n    \n        mock_app.process_feeds.return_value = mock_result\n        mock_create_app.return_value = mock_app\n    \n        # Mock dos argumentos\n        args = Mock()\n        args.days = 1\n        args.dry_run = False\n        args.feeds = None\n        args.debug = False\n        args.config_path = None\n    \n        with patch(&amp;#x27;sys.stdout&amp;#x27;, new_callable=StringIO) as mock_stdout:\n&amp;gt;           result = cmd_run(args)\nE           TypeError: cmd_run() missing 1 required positional argument: &amp;#x27;config&amp;#x27;\n\ntests\\test_cli.py:120: TypeError\n&#34;}], &#34;tests/test_cli.py::TestCmdRun::test_cmd_run_with_custom_feeds&#34;: [{&#34;extras&#34;: [], &#34;result&#34;: &#34;Failed&#34;, &#34;testId&#34;: &#34;tests/test_cli.py::TestCmdRun::test_cmd_run_with_custom_feeds&#34;, &#34;duration&#34;: &#34;1 ms&#34;, &#34;resultsTableRow&#34;: [&#34;&lt;td class=\&#34;col-result\&#34;&gt;Failed&lt;/td&gt;&#34;, &#34;&lt;td class=\&#34;col-testId\&#34;&gt;tests/test_cli.py::TestCmdRun::test_cmd_run_with_custom_feeds&lt;/td&gt;&#34;, &#34;&lt;td class=\&#34;col-duration\&#34;&gt;1 ms&lt;/td&gt;&#34;, &#34;&lt;td class=\&#34;col-links\&#34;&gt;&lt;/td&gt;&#34;], &#34;log&#34;: &#34;self = &amp;lt;product_reader.tests.test_cli.TestCmdRun object at 0x0000017E54D79A90&amp;gt;\nmock_create_app = &amp;lt;MagicMock name=&amp;#x27;create_app&amp;#x27; id=&amp;#x27;1642102521344&amp;#x27;&amp;gt;\n\n    @patch(&amp;#x27;cli.create_app&amp;#x27;)\n    def test_cmd_run_with_custom_feeds(self, mock_create_app):\n        &amp;quot;&amp;quot;&amp;quot;Testa comando run com feeds customizados.&amp;quot;&amp;quot;&amp;quot;\n        mock_app = Mock()\n        mock_result = Mock()\n        mock_result.success = True\n        mock_result.articles_found = 3\n        mock_result.articles_processed = 3\n        mock_result.summaries_generated = 3\n        mock_result.emails_sent = 1\n        mock_result.errors = []\n    \n        mock_app.process_feeds.return_value = mock_result\n        mock_create_app.return_value = mock_app\n    \n        args = Mock()\n        args.days = 2\n        args.dry_run = True\n        args.feeds = &amp;#x27;http://feed1.com,http://feed2.com&amp;#x27;\n        args.debug = False\n        args.config_path = None\n    \n&amp;gt;       result = cmd_run(args)\nE       TypeError: cmd_run() missing 1 required positional argument: &amp;#x27;config&amp;#x27;\n\ntests\\test_cli.py:153: TypeError\n&#34;}], &#34;tests/test_cli.py::TestCmdRun::test_cmd_run_failure&#34;: [{&#34;extras&#34;: [], &#34;result&#34;: &#34;Failed&#34;, &#34;testId&#34;: &#34;tests/test_cli.py::TestCmdRun::test_cmd_run_failure&#34;, &#34;duration&#34;: &#34;1 ms&#34;, &#34;resultsTableRow&#34;: [&#34;&lt;td class=\&#34;col-result\&#34;&gt;Failed&lt;/td&gt;&#34;, &#34;&lt;td class=\&#34;col-testId\&#34;&gt;tests/test_cli.py::TestCmdRun::test_cmd_run_failure&lt;/td&gt;&#34;, &#34;&lt;td class=\&#34;col-duration\&#34;&gt;1 ms&lt;/td&gt;&#34;, &#34;&lt;td class=\&#34;col-links\&#34;&gt;&lt;/td&gt;&#34;], &#34;log&#34;: &#34;self = &amp;lt;product_reader.tests.test_cli.TestCmdRun object at 0x0000017E54D71F30&amp;gt;\nmock_create_app = &amp;lt;MagicMock name=&amp;#x27;create_app&amp;#x27; id=&amp;#x27;1642104636480&amp;#x27;&amp;gt;\n\n    @patch(&amp;#x27;cli.create_app&amp;#x27;)\n    def test_cmd_run_failure(self, mock_create_app):\n        &amp;quot;&amp;quot;&amp;quot;Testa falha no comando run.&amp;quot;&amp;quot;&amp;quot;\n        mock_app = Mock()\n        mock_result = Mock()\n        mock_result.success = False\n        mock_result.errors = [&amp;#x27;Erro 1&amp;#x27;, &amp;#x27;Erro 2&amp;#x27;]\n    \n        mock_app.process_feeds.return_value = mock_result\n        mock_create_app.return_value = mock_app\n    \n        args = Mock()\n        args.days = 1\n        args.dry_run = False\n        args.feeds = None\n        args.debug = False\n        args.config_path = None\n    \n        with patch(&amp;#x27;sys.stdout&amp;#x27;, new_callable=StringIO) as mock_stdout:\n&amp;gt;           result = cmd_run(args)\nE           TypeError: cmd_run() missing 1 required positional argument: &amp;#x27;config&amp;#x27;\n\ntests\\test_cli.py:181: TypeError\n&#34;}], &#34;tests/test_cli.py::TestCmdRun::test_cmd_run_exception&#34;: [{&#34;extras&#34;: [], &#34;result&#34;: &#34;Failed&#34;, &#34;testId&#34;: &#34;tests/test_cli.py::TestCmdRun::test_cmd_run_exception&#34;, &#34;duration&#34;: &#34;1 ms&#34;, &#34;resultsTableRow&#34;: [&#34;&lt;td class=\&#34;col-result\&#34;&gt;Failed&lt;/td&gt;&#34;, &#34;&lt;td class=\&#34;col-testId\&#34;&gt;tests/test_cli.py::TestCmdRun::test_cmd_run_exception&lt;/td&gt;&#34;, &#34;&lt;td class=\&#34;col-duration\&#34;&gt;1 ms&lt;/td&gt;&#34;, &#34;&lt;td class=\&#34;col-links\&#34;&gt;&lt;/td&gt;&#34;], &#34;log&#34;: &#34;self = &amp;lt;product_reader.tests.test_cli.TestCmdRun object at 0x0000017E54D72060&amp;gt;\nmock_create_app = &amp;lt;MagicMock name=&amp;#x27;create_app&amp;#x27; id=&amp;#x27;1642104638160&amp;#x27;&amp;gt;\n\n    @patch(&amp;#x27;cli.create_app&amp;#x27;)\n    def test_cmd_run_exception(self, mock_create_app):\n        &amp;quot;&amp;quot;&amp;quot;Testa exce\u00e7\u00e3o durante comando run.&amp;quot;&amp;quot;&amp;quot;\n        mock_create_app.side_effect = Exception(&amp;quot;Erro na cria\u00e7\u00e3o da app&amp;quot;)\n    \n        args = Mock()\n        args.debug = False\n        args.config_path = None\n    \n        with patch(&amp;#x27;sys.stdout&amp;#x27;, new_callable=StringIO) as mock_stdout:\n&amp;gt;           result = cmd_run(args)\nE           TypeError: cmd_run() missing 1 required positional argument: &amp;#x27;config&amp;#x27;\n\ntests\\test_cli.py:199: TypeError\n&#34;}], &#34;tests/test_cli.py::TestCmdTest::test_cmd_test_success&#34;: [{&#34;extras&#34;: [], &#34;result&#34;: &#34;Failed&#34;, &#34;testId&#34;: &#34;tests/test_cli.py::TestCmdTest::test_cmd_test_success&#34;, &#34;duration&#34;: &#34;1 ms&#34;, &#34;resultsTableRow&#34;: [&#34;&lt;td class=\&#34;col-result\&#34;&gt;Failed&lt;/td&gt;&#34;, &#34;&lt;td class=\&#34;col-testId\&#34;&gt;tests/test_cli.py::TestCmdTest::test_cmd_test_success&lt;/td&gt;&#34;, &#34;&lt;td class=\&#34;col-duration\&#34;&gt;1 ms&lt;/td&gt;&#34;, &#34;&lt;td class=\&#34;col-links\&#34;&gt;&lt;/td&gt;&#34;], &#34;log&#34;: &#34;self = &amp;lt;product_reader.tests.test_cli.TestCmdTest object at 0x0000017E54D79BD0&amp;gt;\nmock_create_app = &amp;lt;MagicMock name=&amp;#x27;create_app&amp;#x27; id=&amp;#x27;1642104638832&amp;#x27;&amp;gt;\n\n    @patch(&amp;#x27;cli.create_app&amp;#x27;)\n    def test_cmd_test_success(self, mock_create_app):\n        &amp;quot;&amp;quot;&amp;quot;Testa comando test bem-sucedido.&amp;quot;&amp;quot;&amp;quot;\n        mock_app = Mock()\n        mock_app.test_connections.return_value = True\n        mock_create_app.return_value = mock_app\n    \n        args = Mock()\n        args.debug = False\n        args.config_path = None\n    \n        with patch(&amp;#x27;sys.stdout&amp;#x27;, new_callable=StringIO) as mock_stdout:\n&amp;gt;           result = cmd_test(args)\nE           TypeError: cmd_test() missing 1 required positional argument: &amp;#x27;config&amp;#x27;\n\ntests\\test_cli.py:221: TypeError\n&#34;}], &#34;tests/test_cli.py::TestCmdTest::test_cmd_test_failure&#34;: [{&#34;extras&#34;: [], &#34;result&#34;: &#34;Failed&#34;, &#34;testId&#34;: &#34;tests/test_cli.py::TestCmdTest::test_cmd_test_failure&#34;, &#34;duration&#34;: &#34;1 ms&#34;, &#34;resultsTableRow&#34;: [&#34;&lt;td class=\&#34;col-result\&#34;&gt;Failed&lt;/td&gt;&#34;, &#34;&lt;td class=\&#34;col-testId\&#34;&gt;tests/test_cli.py::TestCmdTest::test_cmd_test_failure&lt;/td&gt;&#34;, &#34;&lt;td class=\&#34;col-duration\&#34;&gt;1 ms&lt;/td&gt;&#34;, &#34;&lt;td class=\&#34;col-links\&#34;&gt;&lt;/td&gt;&#34;], &#34;log&#34;: &#34;self = &amp;lt;product_reader.tests.test_cli.TestCmdTest object at 0x0000017E54D79D10&amp;gt;\nmock_create_app = &amp;lt;MagicMock name=&amp;#x27;create_app&amp;#x27; id=&amp;#x27;1642104640176&amp;#x27;&amp;gt;\n\n    @patch(&amp;#x27;cli.create_app&amp;#x27;)\n    def test_cmd_test_failure(self, mock_create_app):\n        &amp;quot;&amp;quot;&amp;quot;Testa falha no comando test.&amp;quot;&amp;quot;&amp;quot;\n        mock_app = Mock()\n        mock_app.test_connections.return_value = False\n        mock_create_app.return_value = mock_app\n    \n        args = Mock()\n        args.debug = False\n        args.config_path = None\n    \n        with patch(&amp;#x27;sys.stdout&amp;#x27;, new_callable=StringIO) as mock_stdout:\n&amp;gt;           result = cmd_test(args)\nE           TypeError: cmd_test() missing 1 required positional argument: &amp;#x27;config&amp;#x27;\n\ntests\\test_cli.py:241: TypeError\n&#34;}], &#34;tests/test_cli.py::TestCmdValidate::test_cmd_validate_success&#34;: [{&#34;extras&#34;: [], &#34;result&#34;: &#34;Failed&#34;, &#34;testId&#34;: &#34;tests/test_cli.py::TestCmdValidate::test_cmd_validate_success&#34;, &#34;duration&#34;: &#34;1 ms&#34;, &#34;resultsTableRow&#34;: [&#34;&lt;td class=\&#34;col-result\&#34;&gt;Failed&lt;/td&gt;&#34;, &#34;&lt;td class=\&#34;col-testId\&#34;&gt;tests/test_cli.py::TestCmdValidate::test_cmd_validate_success&lt;/td&gt;&#34;, &#34;&lt;td class=\&#34;col-duration\&#34;&gt;1 ms&lt;/td&gt;&#34;, &#34;&lt;td class=\&#34;col-links\&#34;&gt;&lt;/td&gt;&#34;], &#34;log&#34;: &#34;self = &amp;lt;product_reader.tests.test_cli.TestCmdValidate object at 0x0000017E54D79E50&amp;gt;\nmock_create_app = &amp;lt;MagicMock name=&amp;#x27;create_app&amp;#x27; id=&amp;#x27;1642104641520&amp;#x27;&amp;gt;\n\n    @patch(&amp;#x27;cli.create_app&amp;#x27;)\n    def test_cmd_validate_success(self, mock_create_app):\n        &amp;quot;&amp;quot;&amp;quot;Testa comando validate bem-sucedido.&amp;quot;&amp;quot;&amp;quot;\n        mock_app = Mock()\n        mock_create_app.return_value = mock_app\n    \n        args = Mock()\n        args.debug = False\n        args.config_path = None\n    \n        with patch(&amp;#x27;sys.stdout&amp;#x27;, new_callable=StringIO) as mock_stdout:\n&amp;gt;           result = cmd_validate(args)\nE           TypeError: cmd_validate() missing 1 required positional argument: &amp;#x27;config&amp;#x27;\n\ntests\\test_cli.py:262: TypeError\n&#34;}], &#34;tests/test_cli.py::TestCmdValidate::test_cmd_validate_failure&#34;: [{&#34;extras&#34;: [], &#34;result&#34;: &#34;Failed&#34;, &#34;testId&#34;: &#34;tests/test_cli.py::TestCmdValidate::test_cmd_validate_failure&#34;, &#34;duration&#34;: &#34;1 ms&#34;, &#34;resultsTableRow&#34;: [&#34;&lt;td class=\&#34;col-result\&#34;&gt;Failed&lt;/td&gt;&#34;, &#34;&lt;td class=\&#34;col-testId\&#34;&gt;tests/test_cli.py::TestCmdValidate::test_cmd_validate_failure&lt;/td&gt;&#34;, &#34;&lt;td class=\&#34;col-duration\&#34;&gt;1 ms&lt;/td&gt;&#34;, &#34;&lt;td class=\&#34;col-links\&#34;&gt;&lt;/td&gt;&#34;], &#34;log&#34;: &#34;self = &amp;lt;product_reader.tests.test_cli.TestCmdValidate object at 0x0000017E54D79F90&amp;gt;\nmock_create_app = &amp;lt;MagicMock name=&amp;#x27;create_app&amp;#x27; id=&amp;#x27;1642104642528&amp;#x27;&amp;gt;\n\n    @patch(&amp;#x27;cli.create_app&amp;#x27;)\n    def test_cmd_validate_failure(self, mock_create_app):\n        &amp;quot;&amp;quot;&amp;quot;Testa falha na valida\u00e7\u00e3o.&amp;quot;&amp;quot;&amp;quot;\n        from config.config import ConfigurationError\n        mock_create_app.side_effect = ConfigurationError(&amp;quot;Configura\u00e7\u00e3o inv\u00e1lida&amp;quot;)\n    \n        args = Mock()\n        args.debug = False\n        args.config_path = None\n    \n        with patch(&amp;#x27;sys.stdout&amp;#x27;, new_callable=StringIO) as mock_stdout:\n&amp;gt;           result = cmd_validate(args)\nE           TypeError: cmd_validate() missing 1 required positional argument: &amp;#x27;config&amp;#x27;\n\ntests\\test_cli.py:279: TypeError\n&#34;}], &#34;tests/test_cli.py::TestCmdListFeeds::test_cmd_list_feeds_with_feeds&#34;: [{&#34;extras&#34;: [], &#34;result&#34;: &#34;Failed&#34;, &#34;testId&#34;: &#34;tests/test_cli.py::TestCmdListFeeds::test_cmd_list_feeds_with_feeds&#34;, &#34;duration&#34;: &#34;1 ms&#34;, &#34;resultsTableRow&#34;: [&#34;&lt;td class=\&#34;col-result\&#34;&gt;Failed&lt;/td&gt;&#34;, &#34;&lt;td class=\&#34;col-testId\&#34;&gt;tests/test_cli.py::TestCmdListFeeds::test_cmd_list_feeds_with_feeds&lt;/td&gt;&#34;, &#34;&lt;td class=\&#34;col-duration\&#34;&gt;1 ms&lt;/td&gt;&#34;, &#34;&lt;td class=\&#34;col-links\&#34;&gt;&lt;/td&gt;&#34;], &#34;log&#34;: &#34;self = &amp;lt;product_reader.tests.test_cli.TestCmdListFeeds object at 0x0000017E54D7A210&amp;gt;\nmock_create_app = &amp;lt;MagicMock name=&amp;#x27;create_app&amp;#x27; id=&amp;#x27;1642104643200&amp;#x27;&amp;gt;\n\n    @patch(&amp;#x27;cli.create_app&amp;#x27;)\n    def test_cmd_list_feeds_with_feeds(self, mock_create_app):\n        &amp;quot;&amp;quot;&amp;quot;Testa listagem de feeds com feeds configurados.&amp;quot;&amp;quot;&amp;quot;\n        mock_app = Mock()\n        mock_app.list_feeds.return_value = [\n            &amp;#x27;http://feed1.com/rss&amp;#x27;,\n            &amp;#x27;http://feed2.com/rss&amp;#x27;,\n            &amp;#x27;http://feed3.com/rss&amp;#x27;\n        ]\n        mock_create_app.return_value = mock_app\n    \n        args = Mock()\n        args.debug = False\n        args.config_path = None\n    \n        with patch(&amp;#x27;sys.stdout&amp;#x27;, new_callable=StringIO) as mock_stdout:\n&amp;gt;           result = cmd_list_feeds(args)\nE           TypeError: cmd_list_feeds() missing 1 required positional argument: &amp;#x27;config&amp;#x27;\n\ntests\\test_cli.py:306: TypeError\n&#34;}], &#34;tests/test_cli.py::TestCmdListFeeds::test_cmd_list_feeds_empty&#34;: [{&#34;extras&#34;: [], &#34;result&#34;: &#34;Failed&#34;, &#34;testId&#34;: &#34;tests/test_cli.py::TestCmdListFeeds::test_cmd_list_feeds_empty&#34;, &#34;duration&#34;: &#34;1 ms&#34;, &#34;resultsTableRow&#34;: [&#34;&lt;td class=\&#34;col-result\&#34;&gt;Failed&lt;/td&gt;&#34;, &#34;&lt;td class=\&#34;col-testId\&#34;&gt;tests/test_cli.py::TestCmdListFeeds::test_cmd_list_feeds_empty&lt;/td&gt;&#34;, &#34;&lt;td class=\&#34;col-duration\&#34;&gt;1 ms&lt;/td&gt;&#34;, &#34;&lt;td class=\&#34;col-links\&#34;&gt;&lt;/td&gt;&#34;], &#34;log&#34;: &#34;self = &amp;lt;product_reader.tests.test_cli.TestCmdListFeeds object at 0x0000017E54D7A350&amp;gt;\nmock_create_app = &amp;lt;MagicMock name=&amp;#x27;create_app&amp;#x27; id=&amp;#x27;1642104644544&amp;#x27;&amp;gt;\n\n    @patch(&amp;#x27;cli.create_app&amp;#x27;)\n    def test_cmd_list_feeds_empty(self, mock_create_app):\n        &amp;quot;&amp;quot;&amp;quot;Testa listagem quando n\u00e3o h\u00e1 feeds configurados.&amp;quot;&amp;quot;&amp;quot;\n        mock_app = Mock()\n        mock_app.list_feeds.return_value = []\n        mock_create_app.return_value = mock_app\n    \n        args = Mock()\n        args.debug = False\n        args.config_path = None\n    \n        with patch(&amp;#x27;sys.stdout&amp;#x27;, new_callable=StringIO) as mock_stdout:\n&amp;gt;           result = cmd_list_feeds(args)\nE           TypeError: cmd_list_feeds() missing 1 required positional argument: &amp;#x27;config&amp;#x27;\n\ntests\\test_cli.py:327: TypeError\n&#34;}], &#34;tests/test_cli.py::TestMainFunction::test_main_run_command&#34;: [{&#34;extras&#34;: [], &#34;result&#34;: &#34;Failed&#34;, &#34;testId&#34;: &#34;tests/test_cli.py::TestMainFunction::test_main_run_command&#34;, &#34;duration&#34;: &#34;3 ms&#34;, &#34;resultsTableRow&#34;: [&#34;&lt;td class=\&#34;col-result\&#34;&gt;Failed&lt;/td&gt;&#34;, &#34;&lt;td class=\&#34;col-testId\&#34;&gt;tests/test_cli.py::TestMainFunction::test_main_run_command&lt;/td&gt;&#34;, &#34;&lt;td class=\&#34;col-duration\&#34;&gt;3 ms&lt;/td&gt;&#34;, &#34;&lt;td class=\&#34;col-links\&#34;&gt;&lt;/td&gt;&#34;], &#34;log&#34;: &#34;self = &amp;lt;product_reader.tests.test_cli.TestMainFunction object at 0x0000017E54D7A490&amp;gt;\nmock_cmd_run = &amp;lt;MagicMock name=&amp;#x27;cmd_run&amp;#x27; id=&amp;#x27;1642104645888&amp;#x27;&amp;gt;\nmock_create_parser = &amp;lt;MagicMock name=&amp;#x27;create_parser&amp;#x27; id=&amp;#x27;1642104646224&amp;#x27;&amp;gt;\n\n    @patch(&amp;#x27;cli.create_parser&amp;#x27;)\n    @patch(&amp;#x27;cli.cmd_run&amp;#x27;)\n    def test_main_run_command(self, mock_cmd_run, mock_create_parser):\n        &amp;quot;&amp;quot;&amp;quot;Testa fun\u00e7\u00e3o main com comando run.&amp;quot;&amp;quot;&amp;quot;\n        # Mock do parser\n        mock_parser = Mock()\n        mock_args = Mock()\n        mock_args.command = &amp;#x27;run&amp;#x27;\n        mock_parser.parse_args.return_value = mock_args\n        mock_create_parser.return_value = mock_parser\n    \n        mock_cmd_run.return_value = 0\n    \n        with patch(&amp;#x27;sys.argv&amp;#x27;, [&amp;#x27;cli.py&amp;#x27;, &amp;#x27;run&amp;#x27;]):\n            result = main()\n    \n&amp;gt;           assert result == 0\nE           assert 1 == 0\n\ntests\\test_cli.py:353: AssertionError\n\n----------------------------- Captured stderr call -----------------------------\n2025-06-07 23:36:06 | INFO | \ud83d\udd27 Carregando configura\u00e7\u00e3o...\n2025-06-07 23:36:06 | ERROR | \u274c Erro fatal: unsupported operand type(s) for /: &amp;#x27;WindowsPath&amp;#x27; and &amp;#x27;Mock&amp;#x27;\n2025-06-07 23:36:06 | DEBUG | Traceback (most recent call last):\n  File &amp;quot;c:\\Projects\\agents\\product_reader\\cli.py&amp;quot;, line 336, in main\n    config = load_configuration(args.config)\n  File &amp;quot;C:\\Projects\\agents\\product_reader\\src\\config\\config.py&amp;quot;, line 188, in load_configuration\n    env_path = project_root / env_file\n               ~~~~~~~~~~~~~^~~~~~~~~~\nTypeError: unsupported operand type(s) for /: &amp;#x27;WindowsPath&amp;#x27; and &amp;#x27;Mock&amp;#x27;\n\n\n------------------------------ Captured log call -------------------------------\nINFO     RSSFeedProcessor:cli.py:335 \ud83d\udd27 Carregando configura\u00e7\u00e3o...\nERROR    RSSFeedProcessor:cli.py:359 \u274c Erro fatal: unsupported operand type(s) for /: &amp;#x27;WindowsPath&amp;#x27; and &amp;#x27;Mock&amp;#x27;\nDEBUG    RSSFeedProcessor:cli.py:362 Traceback (most recent call last):\n  File &amp;quot;c:\\Projects\\agents\\product_reader\\cli.py&amp;quot;, line 336, in main\n    config = load_configuration(args.config)\n  File &amp;quot;C:\\Projects\\agents\\product_reader\\src\\config\\config.py&amp;quot;, line 188, in load_configuration\n    env_path = project_root / env_file\n               ~~~~~~~~~~~~~^~~~~~~~~~\nTypeError: unsupported operand type(s) for /: &amp;#x27;WindowsPath&amp;#x27; and &amp;#x27;Mock&amp;#x27;\n\n&#34;}], &#34;tests/test_cli.py::TestMainFunction::test_main_test_command&#34;: [{&#34;extras&#34;: [], &#34;result&#34;: &#34;Failed&#34;, &#34;testId&#34;: &#34;tests/test_cli.py::TestMainFunction::test_main_test_command&#34;, &#34;duration&#34;: &#34;2 ms&#34;, &#34;resultsTableRow&#34;: [&#34;&lt;td class=\&#34;col-result\&#34;&gt;Failed&lt;/td&gt;&#34;, &#34;&lt;td class=\&#34;col-testId\&#34;&gt;tests/test_cli.py::TestMainFunction::test_main_test_command&lt;/td&gt;&#34;, &#34;&lt;td class=\&#34;col-duration\&#34;&gt;2 ms&lt;/td&gt;&#34;, &#34;&lt;td class=\&#34;col-links\&#34;&gt;&lt;/td&gt;&#34;], &#34;log&#34;: &#34;self = &amp;lt;product_reader.tests.test_cli.TestMainFunction object at 0x0000017E54D7A5D0&amp;gt;\nmock_cmd_test = &amp;lt;MagicMock name=&amp;#x27;cmd_test&amp;#x27; id=&amp;#x27;1642102521344&amp;#x27;&amp;gt;\nmock_create_parser = &amp;lt;MagicMock name=&amp;#x27;create_parser&amp;#x27; id=&amp;#x27;1642102520000&amp;#x27;&amp;gt;\n\n    @patch(&amp;#x27;cli.create_parser&amp;#x27;)\n    @patch(&amp;#x27;cli.cmd_test&amp;#x27;)\n    def test_main_test_command(self, mock_cmd_test, mock_create_parser):\n        &amp;quot;&amp;quot;&amp;quot;Testa fun\u00e7\u00e3o main com comando test.&amp;quot;&amp;quot;&amp;quot;\n        mock_parser = Mock()\n        mock_args = Mock()\n        mock_args.command = &amp;#x27;test&amp;#x27;\n        mock_parser.parse_args.return_value = mock_args\n        mock_create_parser.return_value = mock_parser\n    \n        mock_cmd_test.return_value = 0\n    \n        with patch(&amp;#x27;sys.argv&amp;#x27;, [&amp;#x27;cli.py&amp;#x27;, &amp;#x27;test&amp;#x27;]):\n            result = main()\n    \n&amp;gt;           assert result == 0\nE           assert 1 == 0\n\ntests\\test_cli.py:371: AssertionError\n\n----------------------------- Captured stderr call -----------------------------\n2025-06-07 23:36:06 | INFO | \ud83d\udd27 Carregando configura\u00e7\u00e3o...\n2025-06-07 23:36:06 | ERROR | \u274c Erro fatal: unsupported operand type(s) for /: &amp;#x27;WindowsPath&amp;#x27; and &amp;#x27;Mock&amp;#x27;\n2025-06-07 23:36:06 | DEBUG | Traceback (most recent call last):\n  File &amp;quot;c:\\Projects\\agents\\product_reader\\cli.py&amp;quot;, line 336, in main\n    config = load_configuration(args.config)\n  File &amp;quot;C:\\Projects\\agents\\product_reader\\src\\config\\config.py&amp;quot;, line 188, in load_configuration\n    env_path = project_root / env_file\n               ~~~~~~~~~~~~~^~~~~~~~~~\nTypeError: unsupported operand type(s) for /: &amp;#x27;WindowsPath&amp;#x27; and &amp;#x27;Mock&amp;#x27;\n\n\n------------------------------ Captured log call -------------------------------\nINFO     RSSFeedProcessor:cli.py:335 \ud83d\udd27 Carregando configura\u00e7\u00e3o...\nERROR    RSSFeedProcessor:cli.py:359 \u274c Erro fatal: unsupported operand type(s) for /: &amp;#x27;WindowsPath&amp;#x27; and &amp;#x27;Mock&amp;#x27;\nDEBUG    RSSFeedProcessor:cli.py:362 Traceback (most recent call last):\n  File &amp;quot;c:\\Projects\\agents\\product_reader\\cli.py&amp;quot;, line 336, in main\n    config = load_configuration(args.config)\n  File &amp;quot;C:\\Projects\\agents\\product_reader\\src\\config\\config.py&amp;quot;, line 188, in load_configuration\n    env_path = project_root / env_file\n               ~~~~~~~~~~~~~^~~~~~~~~~\nTypeError: unsupported operand type(s) for /: &amp;#x27;WindowsPath&amp;#x27; and &amp;#x27;Mock&amp;#x27;\n\n&#34;}], &#34;tests/test_cli.py::test_process_news_with_email&#34;: [{&#34;extras&#34;: [], &#34;result&#34;: &#34;Skipped&#34;, &#34;testId&#34;: &#34;tests/test_cli.py::test_process_news_with_email&#34;, &#34;duration&#34;: &#34;0 ms&#34;, &#34;resultsTableRow&#34;: [&#34;&lt;td class=\&#34;col-result\&#34;&gt;Skipped&lt;/td&gt;&#34;, &#34;&lt;td class=\&#34;col-testId\&#34;&gt;tests/test_cli.py::test_process_news_with_email&lt;/td&gt;&#34;, &#34;&lt;td class=\&#34;col-duration\&#34;&gt;0 ms&lt;/td&gt;&#34;, &#34;&lt;td class=\&#34;col-links\&#34;&gt;&lt;/td&gt;&#34;], &#34;log&#34;: &#34;(&amp;#x27;c:\\\\Projects\\\\agents\\\\product_reader\\\\.venv\\\\Lib\\\\site-packages\\\\_pytest\\\\python.py&amp;#x27;, 183, &amp;#x27;Skipped: async def function and no async plugin installed (see warnings)&amp;#x27;)\n&#34;}], &#34;tests/test_config.py::TestEmailConfig::test_email_config_creation&#34;: [{&#34;extras&#34;: [], &#34;result&#34;: &#34;Passed&#34;, &#34;testId&#34;: &#34;tests/test_config.py::TestEmailConfig::test_email_config_creation&#34;, &#34;duration&#34;: &#34;1 ms&#34;, &#34;resultsTableRow&#34;: [&#34;&lt;td class=\&#34;col-result\&#34;&gt;Passed&lt;/td&gt;&#34;, &#34;&lt;td class=\&#34;col-testId\&#34;&gt;tests/test_config.py::TestEmailConfig::test_email_config_creation&lt;/td&gt;&#34;, &#34;&lt;td class=\&#34;col-duration\&#34;&gt;1 ms&lt;/td&gt;&#34;, &#34;&lt;td class=\&#34;col-links\&#34;&gt;&lt;/td&gt;&#34;], &#34;log&#34;: &#34;No log output captured.&#34;}], &#34;tests/test_config.py::TestEmailConfig::test_email_config_to_dict&#34;: [{&#34;extras&#34;: [], &#34;result&#34;: &#34;Passed&#34;, &#34;testId&#34;: &#34;tests/test_config.py::TestEmailConfig::test_email_config_to_dict&#34;, &#34;duration&#34;: &#34;1 ms&#34;, &#34;resultsTableRow&#34;: [&#34;&lt;td class=\&#34;col-result\&#34;&gt;Passed&lt;/td&gt;&#34;, &#34;&lt;td class=\&#34;col-testId\&#34;&gt;tests/test_config.py::TestEmailConfig::test_email_config_to_dict&lt;/td&gt;&#34;, &#34;&lt;td class=\&#34;col-duration\&#34;&gt;1 ms&lt;/td&gt;&#34;, &#34;&lt;td class=\&#34;col-links\&#34;&gt;&lt;/td&gt;&#34;], &#34;log&#34;: &#34;No log output captured.&#34;}], &#34;tests/test_config.py::TestConfiguration::test_configuration_creation&#34;: [{&#34;extras&#34;: [], &#34;result&#34;: &#34;Passed&#34;, &#34;testId&#34;: &#34;tests/test_config.py::TestConfiguration::test_configuration_creation&#34;, &#34;duration&#34;: &#34;0 ms&#34;, &#34;resultsTableRow&#34;: [&#34;&lt;td class=\&#34;col-result\&#34;&gt;Passed&lt;/td&gt;&#34;, &#34;&lt;td class=\&#34;col-testId\&#34;&gt;tests/test_config.py::TestConfiguration::test_configuration_creation&lt;/td&gt;&#34;, &#34;&lt;td class=\&#34;col-duration\&#34;&gt;0 ms&lt;/td&gt;&#34;, &#34;&lt;td class=\&#34;col-links\&#34;&gt;&lt;/td&gt;&#34;], &#34;log&#34;: &#34;No log output captured.&#34;}], &#34;tests/test_config.py::TestConfiguration::test_configuration_default_values&#34;: [{&#34;extras&#34;: [], &#34;result&#34;: &#34;Passed&#34;, &#34;testId&#34;: &#34;tests/test_config.py::TestConfiguration::test_configuration_default_values&#34;, &#34;duration&#34;: &#34;0 ms&#34;, &#34;resultsTableRow&#34;: [&#34;&lt;td class=\&#34;col-result\&#34;&gt;Passed&lt;/td&gt;&#34;, &#34;&lt;td class=\&#34;col-testId\&#34;&gt;tests/test_config.py::TestConfiguration::test_configuration_default_values&lt;/td&gt;&#34;, &#34;&lt;td class=\&#34;col-duration\&#34;&gt;0 ms&lt;/td&gt;&#34;, &#34;&lt;td class=\&#34;col-links\&#34;&gt;&lt;/td&gt;&#34;], &#34;log&#34;: &#34;No log output captured.&#34;}], &#34;tests/test_config.py::TestConfiguration::test_email_settings_property&#34;: [{&#34;extras&#34;: [], &#34;result&#34;: &#34;Passed&#34;, &#34;testId&#34;: &#34;tests/test_config.py::TestConfiguration::test_email_settings_property&#34;, &#34;duration&#34;: &#34;1 ms&#34;, &#34;resultsTableRow&#34;: [&#34;&lt;td class=\&#34;col-result\&#34;&gt;Passed&lt;/td&gt;&#34;, &#34;&lt;td class=\&#34;col-testId\&#34;&gt;tests/test_config.py::TestConfiguration::test_email_settings_property&lt;/td&gt;&#34;, &#34;&lt;td class=\&#34;col-duration\&#34;&gt;1 ms&lt;/td&gt;&#34;, &#34;&lt;td class=\&#34;col-links\&#34;&gt;&lt;/td&gt;&#34;], &#34;log&#34;: &#34;No log output captured.&#34;}], &#34;tests/test_config.py::TestValidateEmailSettings::test_validate_valid_email_settings&#34;: [{&#34;extras&#34;: [], &#34;result&#34;: &#34;Passed&#34;, &#34;testId&#34;: &#34;tests/test_config.py::TestValidateEmailSettings::test_validate_valid_email_settings&#34;, &#34;duration&#34;: &#34;0 ms&#34;, &#34;resultsTableRow&#34;: [&#34;&lt;td class=\&#34;col-result\&#34;&gt;Passed&lt;/td&gt;&#34;, &#34;&lt;td class=\&#34;col-testId\&#34;&gt;tests/test_config.py::TestValidateEmailSettings::test_validate_valid_email_settings&lt;/td&gt;&#34;, &#34;&lt;td class=\&#34;col-duration\&#34;&gt;0 ms&lt;/td&gt;&#34;, &#34;&lt;td class=\&#34;col-links\&#34;&gt;&lt;/td&gt;&#34;], &#34;log&#34;: &#34;No log output captured.&#34;}], &#34;tests/test_config.py::TestValidateEmailSettings::test_validate_invalid_email_settings&#34;: [{&#34;extras&#34;: [], &#34;result&#34;: &#34;Passed&#34;, &#34;testId&#34;: &#34;tests/test_config.py::TestValidateEmailSettings::test_validate_invalid_email_settings&#34;, &#34;duration&#34;: &#34;0 ms&#34;, &#34;resultsTableRow&#34;: [&#34;&lt;td class=\&#34;col-result\&#34;&gt;Passed&lt;/td&gt;&#34;, &#34;&lt;td class=\&#34;col-testId\&#34;&gt;tests/test_config.py::TestValidateEmailSettings::test_validate_invalid_email_settings&lt;/td&gt;&#34;, &#34;&lt;td class=\&#34;col-duration\&#34;&gt;0 ms&lt;/td&gt;&#34;, &#34;&lt;td class=\&#34;col-links\&#34;&gt;&lt;/td&gt;&#34;], &#34;log&#34;: &#34;No log output captured.&#34;}], &#34;tests/test_config.py::TestLoadConfiguration::test_load_configuration_from_env&#34;: [{&#34;extras&#34;: [], &#34;result&#34;: &#34;Passed&#34;, &#34;testId&#34;: &#34;tests/test_config.py::TestLoadConfiguration::test_load_configuration_from_env&#34;, &#34;duration&#34;: &#34;2 ms&#34;, &#34;resultsTableRow&#34;: [&#34;&lt;td class=\&#34;col-result\&#34;&gt;Passed&lt;/td&gt;&#34;, &#34;&lt;td class=\&#34;col-testId\&#34;&gt;tests/test_config.py::TestLoadConfiguration::test_load_configuration_from_env&lt;/td&gt;&#34;, &#34;&lt;td class=\&#34;col-duration\&#34;&gt;2 ms&lt;/td&gt;&#34;, &#34;&lt;td class=\&#34;col-links\&#34;&gt;&lt;/td&gt;&#34;], &#34;log&#34;: &#34;------------------------------ Captured log call -------------------------------\nWARNING  config.config:config.py:194 Arquivo .env n\u00e3o encontrado: C:\\Projects\\agents\\product_reader\\src\\.env\nINFO     config.config:config.py:210 \u2705 Configura\u00e7\u00e3o carregada e validada com sucesso\n\n&#34;}], &#34;tests/test_config.py::TestLoadConfiguration::test_load_configuration_missing_gemini_key&#34;: [{&#34;extras&#34;: [], &#34;result&#34;: &#34;Passed&#34;, &#34;testId&#34;: &#34;tests/test_config.py::TestLoadConfiguration::test_load_configuration_missing_gemini_key&#34;, &#34;duration&#34;: &#34;2 ms&#34;, &#34;resultsTableRow&#34;: [&#34;&lt;td class=\&#34;col-result\&#34;&gt;Passed&lt;/td&gt;&#34;, &#34;&lt;td class=\&#34;col-testId\&#34;&gt;tests/test_config.py::TestLoadConfiguration::test_load_configuration_missing_gemini_key&lt;/td&gt;&#34;, &#34;&lt;td class=\&#34;col-duration\&#34;&gt;2 ms&lt;/td&gt;&#34;, &#34;&lt;td class=\&#34;col-links\&#34;&gt;&lt;/td&gt;&#34;], &#34;log&#34;: &#34;------------------------------ Captured log call -------------------------------\nWARNING  config.config:config.py:194 Arquivo .env n\u00e3o encontrado: C:\\Projects\\agents\\product_reader\\src\\.env\n\n&#34;}], &#34;tests/test_config.py::TestLoadConfiguration::test_load_configuration_debug_mode&#34;: [{&#34;extras&#34;: [], &#34;result&#34;: &#34;Passed&#34;, &#34;testId&#34;: &#34;tests/test_config.py::TestLoadConfiguration::test_load_configuration_debug_mode&#34;, &#34;duration&#34;: &#34;2 ms&#34;, &#34;resultsTableRow&#34;: [&#34;&lt;td class=\&#34;col-result\&#34;&gt;Passed&lt;/td&gt;&#34;, &#34;&lt;td class=\&#34;col-testId\&#34;&gt;tests/test_config.py::TestLoadConfiguration::test_load_configuration_debug_mode&lt;/td&gt;&#34;, &#34;&lt;td class=\&#34;col-duration\&#34;&gt;2 ms&lt;/td&gt;&#34;, &#34;&lt;td class=\&#34;col-links\&#34;&gt;&lt;/td&gt;&#34;], &#34;log&#34;: &#34;------------------------------ Captured log call -------------------------------\nWARNING  config.config:config.py:194 Arquivo .env n\u00e3o encontrado: C:\\Projects\\agents\\product_reader\\src\\.env\nINFO     config.config:config.py:210 \u2705 Configura\u00e7\u00e3o carregada e validada com sucesso\n\n&#34;}], &#34;tests/test_config.py::TestConfigurationError::test_configuration_error_creation&#34;: [{&#34;extras&#34;: [], &#34;result&#34;: &#34;Passed&#34;, &#34;testId&#34;: &#34;tests/test_config.py::TestConfigurationError::test_configuration_error_creation&#34;, &#34;duration&#34;: &#34;1 ms&#34;, &#34;resultsTableRow&#34;: [&#34;&lt;td class=\&#34;col-result\&#34;&gt;Passed&lt;/td&gt;&#34;, &#34;&lt;td class=\&#34;col-testId\&#34;&gt;tests/test_config.py::TestConfigurationError::test_configuration_error_creation&lt;/td&gt;&#34;, &#34;&lt;td class=\&#34;col-duration\&#34;&gt;1 ms&lt;/td&gt;&#34;, &#34;&lt;td class=\&#34;col-links\&#34;&gt;&lt;/td&gt;&#34;], &#34;log&#34;: &#34;No log output captured.&#34;}], &#34;tests/test_connection_tester.py::TestConnectionTester::test_connection_tester_initialization&#34;: [{&#34;extras&#34;: [], &#34;result&#34;: &#34;Error&#34;, &#34;testId&#34;: &#34;tests/test_connection_tester.py::TestConnectionTester::test_connection_tester_initialization::setup&#34;, &#34;duration&#34;: &#34;0 ms&#34;, &#34;resultsTableRow&#34;: [&#34;&lt;td class=\&#34;col-result\&#34;&gt;Error&lt;/td&gt;&#34;, &#34;&lt;td class=\&#34;col-testId\&#34;&gt;tests/test_connection_tester.py::TestConnectionTester::test_connection_tester_initialization::setup&lt;/td&gt;&#34;, &#34;&lt;td class=\&#34;col-duration\&#34;&gt;0 ms&lt;/td&gt;&#34;, &#34;&lt;td class=\&#34;col-links\&#34;&gt;&lt;/td&gt;&#34;], &#34;log&#34;: &#34;self = &amp;lt;product_reader.tests.test_connection_tester.TestConnectionTester object at 0x0000017E54D7B390&amp;gt;\n\n    @pytest.fixture\n    def mock_config(self):\n        &amp;quot;&amp;quot;&amp;quot;Fixture que retorna uma configura\u00e7\u00e3o mock.&amp;quot;&amp;quot;&amp;quot;\n&amp;gt;       email_config = EmailConfig(\n            smtp_server=&amp;#x27;smtp.gmail.com&amp;#x27;,\n            smtp_port=587,\n            email_user=&amp;#x27;test@gmail.com&amp;#x27;,\n            email_password=&amp;#x27;password123&amp;#x27;,\n            from_email=&amp;#x27;test@gmail.com&amp;#x27;,\n            to_email=&amp;#x27;recipient@gmail.com&amp;#x27;,\n            use_tls=True\n        )\nE       TypeError: EmailConfig.__init__() got an unexpected keyword argument &amp;#x27;email_user&amp;#x27;\n\ntests\\test_connection_tester.py:24: TypeError\n&#34;}], &#34;tests/test_connection_tester.py::TestConnectionTester::test_test_gemini_api_success&#34;: [{&#34;extras&#34;: [], &#34;result&#34;: &#34;Error&#34;, &#34;testId&#34;: &#34;tests/test_connection_tester.py::TestConnectionTester::test_test_gemini_api_success::setup&#34;, &#34;duration&#34;: &#34;0 ms&#34;, &#34;resultsTableRow&#34;: [&#34;&lt;td class=\&#34;col-result\&#34;&gt;Error&lt;/td&gt;&#34;, &#34;&lt;td class=\&#34;col-testId\&#34;&gt;tests/test_connection_tester.py::TestConnectionTester::test_test_gemini_api_success::setup&lt;/td&gt;&#34;, &#34;&lt;td class=\&#34;col-duration\&#34;&gt;0 ms&lt;/td&gt;&#34;, &#34;&lt;td class=\&#34;col-links\&#34;&gt;&lt;/td&gt;&#34;], &#34;log&#34;: &#34;self = &amp;lt;product_reader.tests.test_connection_tester.TestConnectionTester object at 0x0000017E54D7B4D0&amp;gt;\n\n    @pytest.fixture\n    def mock_config(self):\n        &amp;quot;&amp;quot;&amp;quot;Fixture que retorna uma configura\u00e7\u00e3o mock.&amp;quot;&amp;quot;&amp;quot;\n&amp;gt;       email_config = EmailConfig(\n            smtp_server=&amp;#x27;smtp.gmail.com&amp;#x27;,\n            smtp_port=587,\n            email_user=&amp;#x27;test@gmail.com&amp;#x27;,\n            email_password=&amp;#x27;password123&amp;#x27;,\n            from_email=&amp;#x27;test@gmail.com&amp;#x27;,\n            to_email=&amp;#x27;recipient@gmail.com&amp;#x27;,\n            use_tls=True\n        )\nE       TypeError: EmailConfig.__init__() got an unexpected keyword argument &amp;#x27;email_user&amp;#x27;\n\ntests\\test_connection_tester.py:24: TypeError\n&#34;}], &#34;tests/test_connection_tester.py::TestConnectionTester::test_test_gemini_api_failure&#34;: [{&#34;extras&#34;: [], &#34;result&#34;: &#34;Error&#34;, &#34;testId&#34;: &#34;tests/test_connection_tester.py::TestConnectionTester::test_test_gemini_api_failure::setup&#34;, &#34;duration&#34;: &#34;0 ms&#34;, &#34;resultsTableRow&#34;: [&#34;&lt;td class=\&#34;col-result\&#34;&gt;Error&lt;/td&gt;&#34;, &#34;&lt;td class=\&#34;col-testId\&#34;&gt;tests/test_connection_tester.py::TestConnectionTester::test_test_gemini_api_failure::setup&lt;/td&gt;&#34;, &#34;&lt;td class=\&#34;col-duration\&#34;&gt;0 ms&lt;/td&gt;&#34;, &#34;&lt;td class=\&#34;col-links\&#34;&gt;&lt;/td&gt;&#34;], &#34;log&#34;: &#34;self = &amp;lt;product_reader.tests.test_connection_tester.TestConnectionTester object at 0x0000017E54D72520&amp;gt;\n\n    @pytest.fixture\n    def mock_config(self):\n        &amp;quot;&amp;quot;&amp;quot;Fixture que retorna uma configura\u00e7\u00e3o mock.&amp;quot;&amp;quot;&amp;quot;\n&amp;gt;       email_config = EmailConfig(\n            smtp_server=&amp;#x27;smtp.gmail.com&amp;#x27;,\n            smtp_port=587,\n            email_user=&amp;#x27;test@gmail.com&amp;#x27;,\n            email_password=&amp;#x27;password123&amp;#x27;,\n            from_email=&amp;#x27;test@gmail.com&amp;#x27;,\n            to_email=&amp;#x27;recipient@gmail.com&amp;#x27;,\n            use_tls=True\n        )\nE       TypeError: EmailConfig.__init__() got an unexpected keyword argument &amp;#x27;email_user&amp;#x27;\n\ntests\\test_connection_tester.py:24: TypeError\n&#34;}], &#34;tests/test_connection_tester.py::TestConnectionTester::test_test_gemini_api_empty_response&#34;: [{&#34;extras&#34;: [], &#34;result&#34;: &#34;Error&#34;, &#34;testId&#34;: &#34;tests/test_connection_tester.py::TestConnectionTester::test_test_gemini_api_empty_response::setup&#34;, &#34;duration&#34;: &#34;0 ms&#34;, &#34;resultsTableRow&#34;: [&#34;&lt;td class=\&#34;col-result\&#34;&gt;Error&lt;/td&gt;&#34;, &#34;&lt;td class=\&#34;col-testId\&#34;&gt;tests/test_connection_tester.py::TestConnectionTester::test_test_gemini_api_empty_response::setup&lt;/td&gt;&#34;, &#34;&lt;td class=\&#34;col-duration\&#34;&gt;0 ms&lt;/td&gt;&#34;, &#34;&lt;td class=\&#34;col-links\&#34;&gt;&lt;/td&gt;&#34;], &#34;log&#34;: &#34;self = &amp;lt;product_reader.tests.test_connection_tester.TestConnectionTester object at 0x0000017E54D72650&amp;gt;\n\n    @pytest.fixture\n    def mock_config(self):\n        &amp;quot;&amp;quot;&amp;quot;Fixture que retorna uma configura\u00e7\u00e3o mock.&amp;quot;&amp;quot;&amp;quot;\n&amp;gt;       email_config = EmailConfig(\n            smtp_server=&amp;#x27;smtp.gmail.com&amp;#x27;,\n            smtp_port=587,\n            email_user=&amp;#x27;test@gmail.com&amp;#x27;,\n            email_password=&amp;#x27;password123&amp;#x27;,\n            from_email=&amp;#x27;test@gmail.com&amp;#x27;,\n            to_email=&amp;#x27;recipient@gmail.com&amp;#x27;,\n            use_tls=True\n        )\nE       TypeError: EmailConfig.__init__() got an unexpected keyword argument &amp;#x27;email_user&amp;#x27;\n\ntests\\test_connection_tester.py:24: TypeError\n&#34;}], &#34;tests/test_connection_tester.py::TestConnectionTester::test_test_smtp_connection_success&#34;: [{&#34;extras&#34;: [], &#34;result&#34;: &#34;Error&#34;, &#34;testId&#34;: &#34;tests/test_connection_tester.py::TestConnectionTester::test_test_smtp_connection_success::setup&#34;, &#34;duration&#34;: &#34;1 ms&#34;, &#34;resultsTableRow&#34;: [&#34;&lt;td class=\&#34;col-result\&#34;&gt;Error&lt;/td&gt;&#34;, &#34;&lt;td class=\&#34;col-testId\&#34;&gt;tests/test_connection_tester.py::TestConnectionTester::test_test_smtp_connection_success::setup&lt;/td&gt;&#34;, &#34;&lt;td class=\&#34;col-duration\&#34;&gt;1 ms&lt;/td&gt;&#34;, &#34;&lt;td class=\&#34;col-links\&#34;&gt;&lt;/td&gt;&#34;], &#34;log&#34;: &#34;self = &amp;lt;product_reader.tests.test_connection_tester.TestConnectionTester object at 0x0000017E550157F0&amp;gt;\n\n    @pytest.fixture\n    def mock_config(self):\n        &amp;quot;&amp;quot;&amp;quot;Fixture que retorna uma configura\u00e7\u00e3o mock.&amp;quot;&amp;quot;&amp;quot;\n&amp;gt;       email_config = EmailConfig(\n            smtp_server=&amp;#x27;smtp.gmail.com&amp;#x27;,\n            smtp_port=587,\n            email_user=&amp;#x27;test@gmail.com&amp;#x27;,\n            email_password=&amp;#x27;password123&amp;#x27;,\n            from_email=&amp;#x27;test@gmail.com&amp;#x27;,\n            to_email=&amp;#x27;recipient@gmail.com&amp;#x27;,\n            use_tls=True\n        )\nE       TypeError: EmailConfig.__init__() got an unexpected keyword argument &amp;#x27;email_user&amp;#x27;\n\ntests\\test_connection_tester.py:24: TypeError\n&#34;}], &#34;tests/test_connection_tester.py::TestConnectionTester::test_test_smtp_connection_no_tls&#34;: [{&#34;extras&#34;: [], &#34;result&#34;: &#34;Error&#34;, &#34;testId&#34;: &#34;tests/test_connection_tester.py::TestConnectionTester::test_test_smtp_connection_no_tls::setup&#34;, &#34;duration&#34;: &#34;0 ms&#34;, &#34;resultsTableRow&#34;: [&#34;&lt;td class=\&#34;col-result\&#34;&gt;Error&lt;/td&gt;&#34;, &#34;&lt;td class=\&#34;col-testId\&#34;&gt;tests/test_connection_tester.py::TestConnectionTester::test_test_smtp_connection_no_tls::setup&lt;/td&gt;&#34;, &#34;&lt;td class=\&#34;col-duration\&#34;&gt;0 ms&lt;/td&gt;&#34;, &#34;&lt;td class=\&#34;col-links\&#34;&gt;&lt;/td&gt;&#34;], &#34;log&#34;: &#34;self = &amp;lt;product_reader.tests.test_connection_tester.TestConnectionTester object at 0x0000017E54F209E0&amp;gt;\n\n    @pytest.fixture\n    def mock_config(self):\n        &amp;quot;&amp;quot;&amp;quot;Fixture que retorna uma configura\u00e7\u00e3o mock.&amp;quot;&amp;quot;&amp;quot;\n&amp;gt;       email_config = EmailConfig(\n            smtp_server=&amp;#x27;smtp.gmail.com&amp;#x27;,\n            smtp_port=587,\n            email_user=&amp;#x27;test@gmail.com&amp;#x27;,\n            email_password=&amp;#x27;password123&amp;#x27;,\n            from_email=&amp;#x27;test@gmail.com&amp;#x27;,\n            to_email=&amp;#x27;recipient@gmail.com&amp;#x27;,\n            use_tls=True\n        )\nE       TypeError: EmailConfig.__init__() got an unexpected keyword argument &amp;#x27;email_user&amp;#x27;\n\ntests\\test_connection_tester.py:24: TypeError\n&#34;}], &#34;tests/test_connection_tester.py::TestConnectionTester::test_test_smtp_connection_failure&#34;: [{&#34;extras&#34;: [], &#34;result&#34;: &#34;Error&#34;, &#34;testId&#34;: &#34;tests/test_connection_tester.py::TestConnectionTester::test_test_smtp_connection_failure::setup&#34;, &#34;duration&#34;: &#34;0 ms&#34;, &#34;resultsTableRow&#34;: [&#34;&lt;td class=\&#34;col-result\&#34;&gt;Error&lt;/td&gt;&#34;, &#34;&lt;td class=\&#34;col-testId\&#34;&gt;tests/test_connection_tester.py::TestConnectionTester::test_test_smtp_connection_failure::setup&lt;/td&gt;&#34;, &#34;&lt;td class=\&#34;col-duration\&#34;&gt;0 ms&lt;/td&gt;&#34;, &#34;&lt;td class=\&#34;col-links\&#34;&gt;&lt;/td&gt;&#34;], &#34;log&#34;: &#34;self = &amp;lt;product_reader.tests.test_connection_tester.TestConnectionTester object at 0x0000017E54F20D10&amp;gt;\n\n    @pytest.fixture\n    def mock_config(self):\n        &amp;quot;&amp;quot;&amp;quot;Fixture que retorna uma configura\u00e7\u00e3o mock.&amp;quot;&amp;quot;&amp;quot;\n&amp;gt;       email_config = EmailConfig(\n            smtp_server=&amp;#x27;smtp.gmail.com&amp;#x27;,\n            smtp_port=587,\n            email_user=&amp;#x27;test@gmail.com&amp;#x27;,\n            email_password=&amp;#x27;password123&amp;#x27;,\n            from_email=&amp;#x27;test@gmail.com&amp;#x27;,\n            to_email=&amp;#x27;recipient@gmail.com&amp;#x27;,\n            use_tls=True\n        )\nE       TypeError: EmailConfig.__init__() got an unexpected keyword argument &amp;#x27;email_user&amp;#x27;\n\ntests\\test_connection_tester.py:24: TypeError\n&#34;}], &#34;tests/test_connection_tester.py::TestConnectionTester::test_test_smtp_connection_auth_failure&#34;: [{&#34;extras&#34;: [], &#34;result&#34;: &#34;Error&#34;, &#34;testId&#34;: &#34;tests/test_connection_tester.py::TestConnectionTester::test_test_smtp_connection_auth_failure::setup&#34;, &#34;duration&#34;: &#34;0 ms&#34;, &#34;resultsTableRow&#34;: [&#34;&lt;td class=\&#34;col-result\&#34;&gt;Error&lt;/td&gt;&#34;, &#34;&lt;td class=\&#34;col-testId\&#34;&gt;tests/test_connection_tester.py::TestConnectionTester::test_test_smtp_connection_auth_failure::setup&lt;/td&gt;&#34;, &#34;&lt;td class=\&#34;col-duration\&#34;&gt;0 ms&lt;/td&gt;&#34;, &#34;&lt;td class=\&#34;col-links\&#34;&gt;&lt;/td&gt;&#34;], &#34;log&#34;: &#34;self = &amp;lt;product_reader.tests.test_connection_tester.TestConnectionTester object at 0x0000017E54E25250&amp;gt;\n\n    @pytest.fixture\n    def mock_config(self):\n        &amp;quot;&amp;quot;&amp;quot;Fixture que retorna uma configura\u00e7\u00e3o mock.&amp;quot;&amp;quot;&amp;quot;\n&amp;gt;       email_config = EmailConfig(\n            smtp_server=&amp;#x27;smtp.gmail.com&amp;#x27;,\n            smtp_port=587,\n            email_user=&amp;#x27;test@gmail.com&amp;#x27;,\n            email_password=&amp;#x27;password123&amp;#x27;,\n            from_email=&amp;#x27;test@gmail.com&amp;#x27;,\n            to_email=&amp;#x27;recipient@gmail.com&amp;#x27;,\n            use_tls=True\n        )\nE       TypeError: EmailConfig.__init__() got an unexpected keyword argument &amp;#x27;email_user&amp;#x27;\n\ntests\\test_connection_tester.py:24: TypeError\n&#34;}], &#34;tests/test_connection_tester.py::TestConnectionTester::test_test_smtp_connection_socket_error&#34;: [{&#34;extras&#34;: [], &#34;result&#34;: &#34;Error&#34;, &#34;testId&#34;: &#34;tests/test_connection_tester.py::TestConnectionTester::test_test_smtp_connection_socket_error::setup&#34;, &#34;duration&#34;: &#34;1 ms&#34;, &#34;resultsTableRow&#34;: [&#34;&lt;td class=\&#34;col-result\&#34;&gt;Error&lt;/td&gt;&#34;, &#34;&lt;td class=\&#34;col-testId\&#34;&gt;tests/test_connection_tester.py::TestConnectionTester::test_test_smtp_connection_socket_error::setup&lt;/td&gt;&#34;, &#34;&lt;td class=\&#34;col-duration\&#34;&gt;1 ms&lt;/td&gt;&#34;, &#34;&lt;td class=\&#34;col-links\&#34;&gt;&lt;/td&gt;&#34;], &#34;log&#34;: &#34;self = &amp;lt;product_reader.tests.test_connection_tester.TestConnectionTester object at 0x0000017E54E24C50&amp;gt;\n\n    @pytest.fixture\n    def mock_config(self):\n        &amp;quot;&amp;quot;&amp;quot;Fixture que retorna uma configura\u00e7\u00e3o mock.&amp;quot;&amp;quot;&amp;quot;\n&amp;gt;       email_config = EmailConfig(\n            smtp_server=&amp;#x27;smtp.gmail.com&amp;#x27;,\n            smtp_port=587,\n            email_user=&amp;#x27;test@gmail.com&amp;#x27;,\n            email_password=&amp;#x27;password123&amp;#x27;,\n            from_email=&amp;#x27;test@gmail.com&amp;#x27;,\n            to_email=&amp;#x27;recipient@gmail.com&amp;#x27;,\n            use_tls=True\n        )\nE       TypeError: EmailConfig.__init__() got an unexpected keyword argument &amp;#x27;email_user&amp;#x27;\n\ntests\\test_connection_tester.py:24: TypeError\n&#34;}], &#34;tests/test_connection_tester.py::TestConnectionTester::test_test_all_connections_success&#34;: [{&#34;extras&#34;: [], &#34;result&#34;: &#34;Error&#34;, &#34;testId&#34;: &#34;tests/test_connection_tester.py::TestConnectionTester::test_test_all_connections_success::setup&#34;, &#34;duration&#34;: &#34;0 ms&#34;, &#34;resultsTableRow&#34;: [&#34;&lt;td class=\&#34;col-result\&#34;&gt;Error&lt;/td&gt;&#34;, &#34;&lt;td class=\&#34;col-testId\&#34;&gt;tests/test_connection_tester.py::TestConnectionTester::test_test_all_connections_success::setup&lt;/td&gt;&#34;, &#34;&lt;td class=\&#34;col-duration\&#34;&gt;0 ms&lt;/td&gt;&#34;, &#34;&lt;td class=\&#34;col-links\&#34;&gt;&lt;/td&gt;&#34;], &#34;log&#34;: &#34;self = &amp;lt;product_reader.tests.test_connection_tester.TestConnectionTester object at 0x0000017E54F24500&amp;gt;\n\n    @pytest.fixture\n    def mock_config(self):\n        &amp;quot;&amp;quot;&amp;quot;Fixture que retorna uma configura\u00e7\u00e3o mock.&amp;quot;&amp;quot;&amp;quot;\n&amp;gt;       email_config = EmailConfig(\n            smtp_server=&amp;#x27;smtp.gmail.com&amp;#x27;,\n            smtp_port=587,\n            email_user=&amp;#x27;test@gmail.com&amp;#x27;,\n            email_password=&amp;#x27;password123&amp;#x27;,\n            from_email=&amp;#x27;test@gmail.com&amp;#x27;,\n            to_email=&amp;#x27;recipient@gmail.com&amp;#x27;,\n            use_tls=True\n        )\nE       TypeError: EmailConfig.__init__() got an unexpected keyword argument &amp;#x27;email_user&amp;#x27;\n\ntests\\test_connection_tester.py:24: TypeError\n&#34;}], &#34;tests/test_connection_tester.py::TestConnectionTester::test_test_all_connections_gemini_failure&#34;: [{&#34;extras&#34;: [], &#34;result&#34;: &#34;Error&#34;, &#34;testId&#34;: &#34;tests/test_connection_tester.py::TestConnectionTester::test_test_all_connections_gemini_failure::setup&#34;, &#34;duration&#34;: &#34;0 ms&#34;, &#34;resultsTableRow&#34;: [&#34;&lt;td class=\&#34;col-result\&#34;&gt;Error&lt;/td&gt;&#34;, &#34;&lt;td class=\&#34;col-testId\&#34;&gt;tests/test_connection_tester.py::TestConnectionTester::test_test_all_connections_gemini_failure::setup&lt;/td&gt;&#34;, &#34;&lt;td class=\&#34;col-duration\&#34;&gt;0 ms&lt;/td&gt;&#34;, &#34;&lt;td class=\&#34;col-links\&#34;&gt;&lt;/td&gt;&#34;], &#34;log&#34;: &#34;self = &amp;lt;product_reader.tests.test_connection_tester.TestConnectionTester object at 0x0000017E54F24B90&amp;gt;\n\n    @pytest.fixture\n    def mock_config(self):\n        &amp;quot;&amp;quot;&amp;quot;Fixture que retorna uma configura\u00e7\u00e3o mock.&amp;quot;&amp;quot;&amp;quot;\n&amp;gt;       email_config = EmailConfig(\n            smtp_server=&amp;#x27;smtp.gmail.com&amp;#x27;,\n            smtp_port=587,\n            email_user=&amp;#x27;test@gmail.com&amp;#x27;,\n            email_password=&amp;#x27;password123&amp;#x27;,\n            from_email=&amp;#x27;test@gmail.com&amp;#x27;,\n            to_email=&amp;#x27;recipient@gmail.com&amp;#x27;,\n            use_tls=True\n        )\nE       TypeError: EmailConfig.__init__() got an unexpected keyword argument &amp;#x27;email_user&amp;#x27;\n\ntests\\test_connection_tester.py:24: TypeError\n&#34;}], &#34;tests/test_connection_tester.py::TestConnectionTester::test_test_all_connections_smtp_failure&#34;: [{&#34;extras&#34;: [], &#34;result&#34;: &#34;Error&#34;, &#34;testId&#34;: &#34;tests/test_connection_tester.py::TestConnectionTester::test_test_all_connections_smtp_failure::setup&#34;, &#34;duration&#34;: &#34;0 ms&#34;, &#34;resultsTableRow&#34;: [&#34;&lt;td class=\&#34;col-result\&#34;&gt;Error&lt;/td&gt;&#34;, &#34;&lt;td class=\&#34;col-testId\&#34;&gt;tests/test_connection_tester.py::TestConnectionTester::test_test_all_connections_smtp_failure::setup&lt;/td&gt;&#34;, &#34;&lt;td class=\&#34;col-duration\&#34;&gt;0 ms&lt;/td&gt;&#34;, &#34;&lt;td class=\&#34;col-links\&#34;&gt;&lt;/td&gt;&#34;], &#34;log&#34;: &#34;self = &amp;lt;product_reader.tests.test_connection_tester.TestConnectionTester object at 0x0000017E54F511D0&amp;gt;\n\n    @pytest.fixture\n    def mock_config(self):\n        &amp;quot;&amp;quot;&amp;quot;Fixture que retorna uma configura\u00e7\u00e3o mock.&amp;quot;&amp;quot;&amp;quot;\n&amp;gt;       email_config = EmailConfig(\n            smtp_server=&amp;#x27;smtp.gmail.com&amp;#x27;,\n            smtp_port=587,\n            email_user=&amp;#x27;test@gmail.com&amp;#x27;,\n            email_password=&amp;#x27;password123&amp;#x27;,\n            from_email=&amp;#x27;test@gmail.com&amp;#x27;,\n            to_email=&amp;#x27;recipient@gmail.com&amp;#x27;,\n            use_tls=True\n        )\nE       TypeError: EmailConfig.__init__() got an unexpected keyword argument &amp;#x27;email_user&amp;#x27;\n\ntests\\test_connection_tester.py:24: TypeError\n&#34;}], &#34;tests/test_connection_tester.py::TestConnectionTester::test_test_all_connections_both_failure&#34;: [{&#34;extras&#34;: [], &#34;result&#34;: &#34;Error&#34;, &#34;testId&#34;: &#34;tests/test_connection_tester.py::TestConnectionTester::test_test_all_connections_both_failure::setup&#34;, &#34;duration&#34;: &#34;0 ms&#34;, &#34;resultsTableRow&#34;: [&#34;&lt;td class=\&#34;col-result\&#34;&gt;Error&lt;/td&gt;&#34;, &#34;&lt;td class=\&#34;col-testId\&#34;&gt;tests/test_connection_tester.py::TestConnectionTester::test_test_all_connections_both_failure::setup&lt;/td&gt;&#34;, &#34;&lt;td class=\&#34;col-duration\&#34;&gt;0 ms&lt;/td&gt;&#34;, &#34;&lt;td class=\&#34;col-links\&#34;&gt;&lt;/td&gt;&#34;], &#34;log&#34;: &#34;self = &amp;lt;product_reader.tests.test_connection_tester.TestConnectionTester object at 0x0000017E54F51470&amp;gt;\n\n    @pytest.fixture\n    def mock_config(self):\n        &amp;quot;&amp;quot;&amp;quot;Fixture que retorna uma configura\u00e7\u00e3o mock.&amp;quot;&amp;quot;&amp;quot;\n&amp;gt;       email_config = EmailConfig(\n            smtp_server=&amp;#x27;smtp.gmail.com&amp;#x27;,\n            smtp_port=587,\n            email_user=&amp;#x27;test@gmail.com&amp;#x27;,\n            email_password=&amp;#x27;password123&amp;#x27;,\n            from_email=&amp;#x27;test@gmail.com&amp;#x27;,\n            to_email=&amp;#x27;recipient@gmail.com&amp;#x27;,\n            use_tls=True\n        )\nE       TypeError: EmailConfig.__init__() got an unexpected keyword argument &amp;#x27;email_user&amp;#x27;\n\ntests\\test_connection_tester.py:24: TypeError\n&#34;}], &#34;tests/test_connection_tester.py::TestConnectionTester::test_test_all_connections_with_exception&#34;: [{&#34;extras&#34;: [], &#34;result&#34;: &#34;Error&#34;, &#34;testId&#34;: &#34;tests/test_connection_tester.py::TestConnectionTester::test_test_all_connections_with_exception::setup&#34;, &#34;duration&#34;: &#34;0 ms&#34;, &#34;resultsTableRow&#34;: [&#34;&lt;td class=\&#34;col-result\&#34;&gt;Error&lt;/td&gt;&#34;, &#34;&lt;td class=\&#34;col-testId\&#34;&gt;tests/test_connection_tester.py::TestConnectionTester::test_test_all_connections_with_exception::setup&lt;/td&gt;&#34;, &#34;&lt;td class=\&#34;col-duration\&#34;&gt;0 ms&lt;/td&gt;&#34;, &#34;&lt;td class=\&#34;col-links\&#34;&gt;&lt;/td&gt;&#34;], &#34;log&#34;: &#34;self = &amp;lt;product_reader.tests.test_connection_tester.TestConnectionTester object at 0x0000017E524A6340&amp;gt;\n\n    @pytest.fixture\n    def mock_config(self):\n        &amp;quot;&amp;quot;&amp;quot;Fixture que retorna uma configura\u00e7\u00e3o mock.&amp;quot;&amp;quot;&amp;quot;\n&amp;gt;       email_config = EmailConfig(\n            smtp_server=&amp;#x27;smtp.gmail.com&amp;#x27;,\n            smtp_port=587,\n            email_user=&amp;#x27;test@gmail.com&amp;#x27;,\n            email_password=&amp;#x27;password123&amp;#x27;,\n            from_email=&amp;#x27;test@gmail.com&amp;#x27;,\n            to_email=&amp;#x27;recipient@gmail.com&amp;#x27;,\n            use_tls=True\n        )\nE       TypeError: EmailConfig.__init__() got an unexpected keyword argument &amp;#x27;email_user&amp;#x27;\n\ntests\\test_connection_tester.py:24: TypeError\n&#34;}], &#34;tests/test_connection_tester.py::TestConnectionTester::test_connection_tester_with_debug_config&#34;: [{&#34;extras&#34;: [], &#34;result&#34;: &#34;Error&#34;, &#34;testId&#34;: &#34;tests/test_connection_tester.py::TestConnectionTester::test_connection_tester_with_debug_config::setup&#34;, &#34;duration&#34;: &#34;0 ms&#34;, &#34;resultsTableRow&#34;: [&#34;&lt;td class=\&#34;col-result\&#34;&gt;Error&lt;/td&gt;&#34;, &#34;&lt;td class=\&#34;col-testId\&#34;&gt;tests/test_connection_tester.py::TestConnectionTester::test_connection_tester_with_debug_config::setup&lt;/td&gt;&#34;, &#34;&lt;td class=\&#34;col-duration\&#34;&gt;0 ms&lt;/td&gt;&#34;, &#34;&lt;td class=\&#34;col-links\&#34;&gt;&lt;/td&gt;&#34;], &#34;log&#34;: &#34;self = &amp;lt;product_reader.tests.test_connection_tester.TestConnectionTester object at 0x0000017E54E0FAD0&amp;gt;\n\n    @pytest.fixture\n    def mock_config(self):\n        &amp;quot;&amp;quot;&amp;quot;Fixture que retorna uma configura\u00e7\u00e3o mock.&amp;quot;&amp;quot;&amp;quot;\n&amp;gt;       email_config = EmailConfig(\n            smtp_server=&amp;#x27;smtp.gmail.com&amp;#x27;,\n            smtp_port=587,\n            email_user=&amp;#x27;test@gmail.com&amp;#x27;,\n            email_password=&amp;#x27;password123&amp;#x27;,\n            from_email=&amp;#x27;test@gmail.com&amp;#x27;,\n            to_email=&amp;#x27;recipient@gmail.com&amp;#x27;,\n            use_tls=True\n        )\nE       TypeError: EmailConfig.__init__() got an unexpected keyword argument &amp;#x27;email_user&amp;#x27;\n\ntests\\test_connection_tester.py:24: TypeError\n&#34;}], &#34;tests/test_connection_tester.py::TestConnectionTester::test_test_smtp_connection_port_465&#34;: [{&#34;extras&#34;: [], &#34;result&#34;: &#34;Error&#34;, &#34;testId&#34;: &#34;tests/test_connection_tester.py::TestConnectionTester::test_test_smtp_connection_port_465::setup&#34;, &#34;duration&#34;: &#34;0 ms&#34;, &#34;resultsTableRow&#34;: [&#34;&lt;td class=\&#34;col-result\&#34;&gt;Error&lt;/td&gt;&#34;, &#34;&lt;td class=\&#34;col-testId\&#34;&gt;tests/test_connection_tester.py::TestConnectionTester::test_test_smtp_connection_port_465::setup&lt;/td&gt;&#34;, &#34;&lt;td class=\&#34;col-duration\&#34;&gt;0 ms&lt;/td&gt;&#34;, &#34;&lt;td class=\&#34;col-links\&#34;&gt;&lt;/td&gt;&#34;], &#34;log&#34;: &#34;self = &amp;lt;product_reader.tests.test_connection_tester.TestConnectionTester object at 0x0000017E54E0EF90&amp;gt;\n\n    @pytest.fixture\n    def mock_config(self):\n        &amp;quot;&amp;quot;&amp;quot;Fixture que retorna uma configura\u00e7\u00e3o mock.&amp;quot;&amp;quot;&amp;quot;\n&amp;gt;       email_config = EmailConfig(\n            smtp_server=&amp;#x27;smtp.gmail.com&amp;#x27;,\n            smtp_port=587,\n            email_user=&amp;#x27;test@gmail.com&amp;#x27;,\n            email_password=&amp;#x27;password123&amp;#x27;,\n            from_email=&amp;#x27;test@gmail.com&amp;#x27;,\n            to_email=&amp;#x27;recipient@gmail.com&amp;#x27;,\n            use_tls=True\n        )\nE       TypeError: EmailConfig.__init__() got an unexpected keyword argument &amp;#x27;email_user&amp;#x27;\n\ntests\\test_connection_tester.py:24: TypeError\n&#34;}], &#34;tests/test_connection_tester.py::TestConnectionTester::test_test_smtp_connection_custom_server&#34;: [{&#34;extras&#34;: [], &#34;result&#34;: &#34;Error&#34;, &#34;testId&#34;: &#34;tests/test_connection_tester.py::TestConnectionTester::test_test_smtp_connection_custom_server::setup&#34;, &#34;duration&#34;: &#34;0 ms&#34;, &#34;resultsTableRow&#34;: [&#34;&lt;td class=\&#34;col-result\&#34;&gt;Error&lt;/td&gt;&#34;, &#34;&lt;td class=\&#34;col-testId\&#34;&gt;tests/test_connection_tester.py::TestConnectionTester::test_test_smtp_connection_custom_server::setup&lt;/td&gt;&#34;, &#34;&lt;td class=\&#34;col-duration\&#34;&gt;0 ms&lt;/td&gt;&#34;, &#34;&lt;td class=\&#34;col-links\&#34;&gt;&lt;/td&gt;&#34;], &#34;log&#34;: &#34;self = &amp;lt;product_reader.tests.test_connection_tester.TestConnectionTester object at 0x0000017E5507CE10&amp;gt;\n\n    @pytest.fixture\n    def mock_config(self):\n        &amp;quot;&amp;quot;&amp;quot;Fixture que retorna uma configura\u00e7\u00e3o mock.&amp;quot;&amp;quot;&amp;quot;\n&amp;gt;       email_config = EmailConfig(\n            smtp_server=&amp;#x27;smtp.gmail.com&amp;#x27;,\n            smtp_port=587,\n            email_user=&amp;#x27;test@gmail.com&amp;#x27;,\n            email_password=&amp;#x27;password123&amp;#x27;,\n            from_email=&amp;#x27;test@gmail.com&amp;#x27;,\n            to_email=&amp;#x27;recipient@gmail.com&amp;#x27;,\n            use_tls=True\n        )\nE       TypeError: EmailConfig.__init__() got an unexpected keyword argument &amp;#x27;email_user&amp;#x27;\n\ntests\\test_connection_tester.py:24: TypeError\n&#34;}], &#34;tests/test_email_sender.py::TestEmailSender::test_email_content_formatting&#34;: [{&#34;extras&#34;: [], &#34;result&#34;: &#34;Failed&#34;, &#34;testId&#34;: &#34;tests/test_email_sender.py::TestEmailSender::test_email_content_formatting&#34;, &#34;duration&#34;: &#34;17 ms&#34;, &#34;resultsTableRow&#34;: [&#34;&lt;td class=\&#34;col-result\&#34;&gt;Failed&lt;/td&gt;&#34;, &#34;&lt;td class=\&#34;col-testId\&#34;&gt;tests/test_email_sender.py::TestEmailSender::test_email_content_formatting&lt;/td&gt;&#34;, &#34;&lt;td class=\&#34;col-duration\&#34;&gt;17 ms&lt;/td&gt;&#34;, &#34;&lt;td class=\&#34;col-links\&#34;&gt;&lt;/td&gt;&#34;], &#34;log&#34;: &#34;self = &amp;lt;product_reader.tests.test_email_sender.TestEmailSender testMethod=test_email_content_formatting&amp;gt;\n\n    def test_email_content_formatting(self):\n        &amp;quot;&amp;quot;&amp;quot;Test that the email content is properly formatted&amp;quot;&amp;quot;&amp;quot;\n        # Get the rendered template\n        template = self.email_sender.template_env.get_template(&amp;#x27;email_template.html&amp;#x27;)\n        html_content = template.render(news_by_date=self.test_news)\n    \n        # Check for required elements\n        self.assertIn(&amp;quot;Daily News Summary&amp;quot;, html_content)\n&amp;gt;       self.assertIn(self.test_news[list(self.test_news.keys())[0]][&amp;#x27;summary&amp;#x27;],\n                     html_content)\nE       AssertionError: &amp;#x27;Test summary&amp;#x27; not found in &amp;#x27;&amp;lt;!DOCTYPE html&amp;gt;\\n&amp;lt;html lang=&amp;quot;en&amp;quot;&amp;gt;\\n&amp;lt;head&amp;gt;\\n    &amp;lt;meta charset=&amp;quot;UTF-8&amp;quot;&amp;gt;\\n    &amp;lt;meta name=&amp;quot;viewport&amp;quot; content=&amp;quot;width=device-width, initial-scale=1.0&amp;quot;&amp;gt;\\n    &amp;lt;title&amp;gt;Daily News Summary&amp;lt;/title&amp;gt;\\n    &amp;lt;style&amp;gt;\\n        body {\\n            font-family: Arial, sans-serif;\\n            line-height: 1.6;\\n            color: #333;\\n            max-width: 800px;\\n            margin: 0 auto;\\n            padding: 20px;\\n            background-color: #f4f4f4;\\n        }\\n        .container {\\n            width: 80%;\\n            margin: auto;\\n            overflow: hidden;\\n            background: #fff;\\n            padding: 20px;\\n            border-radius: 8px;\\n            box-shadow: 0 0 10px rgba(0, 0, 0, 0.1);\\n        }\\n        h1 {\\n            color: #333;\\n        }\\n        .date-section {\\n            margin-bottom: 30px;\\n            background-color: #f9f9f9;\\n            padding: 20px;\\n            border-radius: 5px;\\n            box-shadow: 0 2px 4px rgba(0,0,0,0.1);\\n        }\\n        .date-header {\\n            color: #2c3e50;\\n            border-bottom: 2px solid #3498db;\\n            padding-bottom: 10px;\\n            margin-bottom: 20px;\\n        }\\n        .summary {\\n            background-color: #fff;\\n            padding: 15px;\\n            border-left: 4px solid #3498db;\\n            margin-bottom: 20px;\\n        }\\n        .news-items {\\n            list-style: none;\\n            padding: 0;\\n        }\\n        .news-item {\\n            margin-bottom: 15px;\\n            padding: 10px;\\n            background-color: #fff;\\n            border: 1px solid #eee;\\n            border-radius: 4px;\\n        }\\n        .article-summary {\\n            margin: 10px 0;\\n            padding: 10px;\\n            background-color: #f0f7ff;\\n            border-left: 3px solid #007bff;\\n            font-style: italic;\\n            line-height: 1.6;\\n        }\\n        .article-description {\\n            margin-top: 10px;\\n            color: #666;\\n        }\\n        .social-content {\\n            background-color: #f0f7ff;\\n            padding: 20px;\\n            margin: 20px 0;\\n            border-radius: 8px;\\n            border-left: 4px solid #0077b5;  /* Cor do LinkedIn */\\n        }\\n        .social-content h2 {\\n            color: #0077b5;\\n            margin-bottom: 15px;\\n        }\\n        .linkedin-post {\\n            font-family: \\&amp;#x27;Helvetica Neue\\&amp;#x27;, Arial, sans-serif;\\n            line-height: 1.8;\\n            white-space: pre-line;  /* Preserva quebras de linha */\\n            padding: 15px;\\n            background: white;\\n            border: 1px solid #e1e9ef;\\n            border-radius: 5px;\\n        }\\n    &amp;lt;/style&amp;gt;\\n&amp;lt;/head&amp;gt;\\n&amp;lt;body&amp;gt;\\n    &amp;lt;div class=&amp;quot;container&amp;quot;&amp;gt;\\n        &amp;lt;h1&amp;gt;Daily News Summary&amp;lt;/h1&amp;gt;\\n        \\n        \\n\\n        \\n\\n        \\n        &amp;lt;div class=&amp;quot;date-section&amp;quot;&amp;gt;\\n            &amp;lt;h2 class=&amp;quot;date-header&amp;quot;&amp;gt;Sunday, June 08, 2025&amp;lt;/h2&amp;gt;\\n            &amp;lt;ul class=&amp;quot;news-items&amp;quot;&amp;gt;\\n                \\n                &amp;lt;li class=&amp;quot;news-item&amp;quot;&amp;gt;\\n                    &amp;lt;a href=&amp;quot;http://example.com&amp;quot; class=&amp;quot;news-title&amp;quot;&amp;gt;Test News&amp;lt;/a&amp;gt;\\n                    &amp;lt;div class=&amp;quot;article-summary&amp;quot;&amp;gt;None&amp;lt;/div&amp;gt;\\n                    &amp;lt;p class=&amp;quot;article-description&amp;quot;&amp;gt;Test description&amp;lt;/p&amp;gt;\\n                    &amp;lt;span class=&amp;quot;news-source&amp;quot;&amp;gt;Source: Test Source&amp;lt;/span&amp;gt;\\n                &amp;lt;/li&amp;gt;\\n                \\n            &amp;lt;/ul&amp;gt;\\n        &amp;lt;/div&amp;gt;\\n        \\n    &amp;lt;/div&amp;gt;\\n&amp;lt;/body&amp;gt;\\n&amp;lt;/html&amp;gt;&amp;#x27;\n\ntests\\test_email_sender.py:76: AssertionError\n\n----------------------------- Captured stderr call -----------------------------\n2025-06-07 23:36:06 | INFO | \u2713 Enviador de email inicializado\n\n------------------------------ Captured log call -------------------------------\nINFO     RSSFeedProcessor:email_sender.py:50 \u2713 Enviador de email inicializado\n\n&#34;}], &#34;tests/test_email_sender.py::TestEmailSender::test_empty_news_handling&#34;: [{&#34;extras&#34;: [], &#34;result&#34;: &#34;Failed&#34;, &#34;testId&#34;: &#34;tests/test_email_sender.py::TestEmailSender::test_empty_news_handling&#34;, &#34;duration&#34;: &#34;2 ms&#34;, &#34;resultsTableRow&#34;: [&#34;&lt;td class=\&#34;col-result\&#34;&gt;Failed&lt;/td&gt;&#34;, &#34;&lt;td class=\&#34;col-testId\&#34;&gt;tests/test_email_sender.py::TestEmailSender::test_empty_news_handling&lt;/td&gt;&#34;, &#34;&lt;td class=\&#34;col-duration\&#34;&gt;2 ms&lt;/td&gt;&#34;, &#34;&lt;td class=\&#34;col-links\&#34;&gt;&lt;/td&gt;&#34;], &#34;log&#34;: &#34;self = &amp;lt;product_reader.tests.test_email_sender.TestEmailSender testMethod=test_empty_news_handling&amp;gt;\n\n    def test_empty_news_handling(self):\n        &amp;quot;&amp;quot;&amp;quot;Test handling of empty news data&amp;quot;&amp;quot;&amp;quot;\n        with self.assertRaises(Exception) as context:\n            self.email_sender.send_email({})\n&amp;gt;       self.assertIn(&amp;quot;No news items to send&amp;quot;, str(context.exception))\nE       AssertionError: &amp;#x27;No news items to send&amp;#x27; not found in &amp;#x27;Nenhum item de not\u00edcia para enviar&amp;#x27;\n\ntests\\test_email_sender.py:85: AssertionError\n\n----------------------------- Captured stderr call -----------------------------\n2025-06-07 23:36:06 | INFO | \u2713 Enviador de email inicializado\n2025-06-07 23:36:06 | ERROR | \u2717 Falha no envio do email: Nenhum item de not\u00edcia para enviar\n\n------------------------------ Captured log call -------------------------------\nINFO     RSSFeedProcessor:email_sender.py:50 \u2713 Enviador de email inicializado\nERROR    RSSFeedProcessor:email_sender.py:124 \u2717 Falha no envio do email: Nenhum item de not\u00edcia para enviar\n\n&#34;}], &#34;tests/test_email_sender.py::TestEmailSender::test_send_email_smtp_error&#34;: [{&#34;extras&#34;: [], &#34;result&#34;: &#34;Failed&#34;, &#34;testId&#34;: &#34;tests/test_email_sender.py::TestEmailSender::test_send_email_smtp_error&#34;, &#34;duration&#34;: &#34;5 ms&#34;, &#34;resultsTableRow&#34;: [&#34;&lt;td class=\&#34;col-result\&#34;&gt;Failed&lt;/td&gt;&#34;, &#34;&lt;td class=\&#34;col-testId\&#34;&gt;tests/test_email_sender.py::TestEmailSender::test_send_email_smtp_error&lt;/td&gt;&#34;, &#34;&lt;td class=\&#34;col-duration\&#34;&gt;5 ms&lt;/td&gt;&#34;, &#34;&lt;td class=\&#34;col-links\&#34;&gt;&lt;/td&gt;&#34;], &#34;log&#34;: &#34;self = &amp;lt;product_reader.tests.test_email_sender.TestEmailSender testMethod=test_send_email_smtp_error&amp;gt;\nmock_smtp = &amp;lt;MagicMock name=&amp;#x27;SMTP&amp;#x27; id=&amp;#x27;1642104647232&amp;#x27;&amp;gt;\n\n    @patch(&amp;#x27;src.utils.email_sender.smtplib.SMTP&amp;#x27;)\n    def test_send_email_smtp_error(self, mock_smtp):\n        # Configure mock to raise an exception\n        mock_smtp.return_value.__enter__.side_effect = Exception(&amp;quot;SMTP Error&amp;quot;)\n    \n        # Test error handling\n        with self.assertRaises(Exception) as context:\n            self.email_sender.send_email(self.test_news)\n    \n&amp;gt;       self.assertIn(&amp;quot;Email sending failed&amp;quot;, str(context.exception))\nE       AssertionError: &amp;#x27;Email sending failed&amp;#x27; not found in &amp;#x27;Falha no envio do email: SMTP Error&amp;#x27;\n\ntests\\test_email_sender.py:66: AssertionError\n\n----------------------------- Captured stderr call -----------------------------\n2025-06-07 23:36:06 | INFO | \u2713 Enviador de email inicializado\n2025-06-07 23:36:06 | INFO | === Preparando Email ===\n2025-06-07 23:36:06 | INFO | \u2713 Processando 1 artigos para 2025-06-08\n2025-06-07 23:36:06 | INFO | Conectando ao servidor SMTP\n2025-06-07 23:36:06 | ERROR | \u2717 Falha no envio do email: Falha no envio do email: SMTP Error\n\n------------------------------ Captured log call -------------------------------\nINFO     RSSFeedProcessor:email_sender.py:50 \u2713 Enviador de email inicializado\nINFO     RSSFeedProcessor:email_sender.py:67 === Preparando Email ===\nINFO     RSSFeedProcessor:email_sender.py:82 \u2713 Processando 1 artigos para 2025-06-08\nINFO     RSSFeedProcessor:email_sender.py:111 Conectando ao servidor SMTP\nERROR    RSSFeedProcessor:email_sender.py:124 \u2717 Falha no envio do email: Falha no envio do email: SMTP Error\n\n&#34;}], &#34;tests/test_email_sender.py::TestEmailSender::test_send_email_success&#34;: [{&#34;extras&#34;: [], &#34;result&#34;: &#34;Passed&#34;, &#34;testId&#34;: &#34;tests/test_email_sender.py::TestEmailSender::test_send_email_success&#34;, &#34;duration&#34;: &#34;7 ms&#34;, &#34;resultsTableRow&#34;: [&#34;&lt;td class=\&#34;col-result\&#34;&gt;Passed&lt;/td&gt;&#34;, &#34;&lt;td class=\&#34;col-testId\&#34;&gt;tests/test_email_sender.py::TestEmailSender::test_send_email_success&lt;/td&gt;&#34;, &#34;&lt;td class=\&#34;col-duration\&#34;&gt;7 ms&lt;/td&gt;&#34;, &#34;&lt;td class=\&#34;col-links\&#34;&gt;&lt;/td&gt;&#34;], &#34;log&#34;: &#34;----------------------------- Captured stderr call -----------------------------\n2025-06-07 23:36:06 | INFO | \u2713 Enviador de email inicializado\n2025-06-07 23:36:06 | INFO | === Preparando Email ===\n2025-06-07 23:36:06 | INFO | \u2713 Processando 1 artigos para 2025-06-08\n2025-06-07 23:36:06 | INFO | Conectando ao servidor SMTP\n2025-06-07 23:36:06 | INFO | Realizando login SMTP\n2025-06-07 23:36:06 | INFO | Enviando email\n2025-06-07 23:36:06 | INFO | \u2713 Email enviado com sucesso!\n\n------------------------------ Captured log call -------------------------------\nINFO     RSSFeedProcessor:email_sender.py:50 \u2713 Enviador de email inicializado\nINFO     RSSFeedProcessor:email_sender.py:67 === Preparando Email ===\nINFO     RSSFeedProcessor:email_sender.py:82 \u2713 Processando 1 artigos para 2025-06-08\nINFO     RSSFeedProcessor:email_sender.py:111 Conectando ao servidor SMTP\nINFO     RSSFeedProcessor:email_sender.py:115 Realizando login SMTP\nINFO     RSSFeedProcessor:email_sender.py:117 Enviando email\nINFO     RSSFeedProcessor:email_sender.py:119 \u2713 Email enviado com sucesso!\n\n&#34;}], &#34;tests/test_gemini_client.py::TestGeminiClient::test_calculate_delay&#34;: [{&#34;extras&#34;: [], &#34;result&#34;: &#34;Passed&#34;, &#34;testId&#34;: &#34;tests/test_gemini_client.py::TestGeminiClient::test_calculate_delay&#34;, &#34;duration&#34;: &#34;1 ms&#34;, &#34;resultsTableRow&#34;: [&#34;&lt;td class=\&#34;col-result\&#34;&gt;Passed&lt;/td&gt;&#34;, &#34;&lt;td class=\&#34;col-testId\&#34;&gt;tests/test_gemini_client.py::TestGeminiClient::test_calculate_delay&lt;/td&gt;&#34;, &#34;&lt;td class=\&#34;col-duration\&#34;&gt;1 ms&lt;/td&gt;&#34;, &#34;&lt;td class=\&#34;col-links\&#34;&gt;&lt;/td&gt;&#34;], &#34;log&#34;: &#34;No log output captured.&#34;}], &#34;tests/test_gemini_client.py::TestGeminiClient::test_generate_content_success&#34;: [{&#34;extras&#34;: [], &#34;result&#34;: &#34;Passed&#34;, &#34;testId&#34;: &#34;tests/test_gemini_client.py::TestGeminiClient::test_generate_content_success&#34;, &#34;duration&#34;: &#34;1 ms&#34;, &#34;resultsTableRow&#34;: [&#34;&lt;td class=\&#34;col-result\&#34;&gt;Passed&lt;/td&gt;&#34;, &#34;&lt;td class=\&#34;col-testId\&#34;&gt;tests/test_gemini_client.py::TestGeminiClient::test_generate_content_success&lt;/td&gt;&#34;, &#34;&lt;td class=\&#34;col-duration\&#34;&gt;1 ms&lt;/td&gt;&#34;, &#34;&lt;td class=\&#34;col-links\&#34;&gt;&lt;/td&gt;&#34;], &#34;log&#34;: &#34;----------------------------- Captured stderr call -----------------------------\n2025-06-07 23:36:06 | INFO | \u2713 Modelo inicializado com sucesso: gemini-1.5-flash\n\n------------------------------ Captured log call -------------------------------\nINFO     RSSFeedProcessor:gemini_client.py:81 \u2713 Modelo inicializado com sucesso: gemini-1.5-flash\n\n&#34;}], &#34;tests/test_gemini_client.py::TestGeminiClient::test_generate_content_with_retry&#34;: [{&#34;extras&#34;: [], &#34;result&#34;: &#34;Passed&#34;, &#34;testId&#34;: &#34;tests/test_gemini_client.py::TestGeminiClient::test_generate_content_with_retry&#34;, &#34;duration&#34;: &#34;00:00:05&#34;, &#34;resultsTableRow&#34;: [&#34;&lt;td class=\&#34;col-result\&#34;&gt;Passed&lt;/td&gt;&#34;, &#34;&lt;td class=\&#34;col-testId\&#34;&gt;tests/test_gemini_client.py::TestGeminiClient::test_generate_content_with_retry&lt;/td&gt;&#34;, &#34;&lt;td class=\&#34;col-duration\&#34;&gt;00:00:05&lt;/td&gt;&#34;, &#34;&lt;td class=\&#34;col-links\&#34;&gt;&lt;/td&gt;&#34;], &#34;log&#34;: &#34;----------------------------- Captured stderr call -----------------------------\n2025-06-07 23:36:06 | INFO | \u2713 Modelo inicializado com sucesso: gemini-1.5-flash\n2025-06-07 23:36:06 | WARNING | Erro do servidor. Aguardando 5 segundos...\n\n------------------------------ Captured log call -------------------------------\nINFO     RSSFeedProcessor:gemini_client.py:81 \u2713 Modelo inicializado com sucesso: gemini-1.5-flash\nWARNING  RSSFeedProcessor:gemini_client.py:177 Erro do servidor. Aguardando 5 segundos...\n\n&#34;}], &#34;tests/test_gemini_client.py::TestGeminiClient::test_initialize_model_success&#34;: [{&#34;extras&#34;: [], &#34;result&#34;: &#34;Failed&#34;, &#34;testId&#34;: &#34;tests/test_gemini_client.py::TestGeminiClient::test_initialize_model_success&#34;, &#34;duration&#34;: &#34;3 ms&#34;, &#34;resultsTableRow&#34;: [&#34;&lt;td class=\&#34;col-result\&#34;&gt;Failed&lt;/td&gt;&#34;, &#34;&lt;td class=\&#34;col-testId\&#34;&gt;tests/test_gemini_client.py::TestGeminiClient::test_initialize_model_success&lt;/td&gt;&#34;, &#34;&lt;td class=\&#34;col-duration\&#34;&gt;3 ms&lt;/td&gt;&#34;, &#34;&lt;td class=\&#34;col-links\&#34;&gt;&lt;/td&gt;&#34;], &#34;log&#34;: &#34;self = &amp;lt;product_reader.tests.test_gemini_client.TestGeminiClient testMethod=test_initialize_model_success&amp;gt;\nmock_model = &amp;lt;MagicMock name=&amp;#x27;GenerativeModel&amp;#x27; id=&amp;#x27;1642104647568&amp;#x27;&amp;gt;\n\n    @patch(&amp;#x27;src.utils.gemini_client.genai.GenerativeModel&amp;#x27;)\n    def test_initialize_model_success(self, mock_model):\n        # Configure mock\n        mock_model.return_value = MagicMock()\n    \n        # Test initialization\n        result = self.client.initialize_model()\n        self.assertTrue(result)\n&amp;gt;       self.assertIsNotNone(self.client.model)    @patch(&amp;#x27;src.utils.gemini_client.genai.GenerativeModel&amp;#x27;)\nE       TypeError: unsupported operand type(s) for @: &amp;#x27;NoneType&amp;#x27; and &amp;#x27;_patch&amp;#x27;\n\ntests\\test_gemini_client.py:19: TypeError\n\n----------------------------- Captured stderr call -----------------------------\n2025-06-07 23:36:11 | INFO | \u2713 Modelo inicializado com sucesso: gemini-1.5-flash\n\n------------------------------ Captured log call -------------------------------\nINFO     RSSFeedProcessor:gemini_client.py:81 \u2713 Modelo inicializado com sucesso: gemini-1.5-flash\n\n&#34;}], &#34;tests/test_gemini_client.py::TestGeminiClient::test_initialize_model_with_quota_error&#34;: [{&#34;extras&#34;: [], &#34;result&#34;: &#34;Failed&#34;, &#34;testId&#34;: &#34;tests/test_gemini_client.py::TestGeminiClient::test_initialize_model_with_quota_error&#34;, &#34;duration&#34;: &#34;1 ms&#34;, &#34;resultsTableRow&#34;: [&#34;&lt;td class=\&#34;col-result\&#34;&gt;Failed&lt;/td&gt;&#34;, &#34;&lt;td class=\&#34;col-testId\&#34;&gt;tests/test_gemini_client.py::TestGeminiClient::test_initialize_model_with_quota_error&lt;/td&gt;&#34;, &#34;&lt;td class=\&#34;col-duration\&#34;&gt;1 ms&lt;/td&gt;&#34;, &#34;&lt;td class=\&#34;col-links\&#34;&gt;&lt;/td&gt;&#34;], &#34;log&#34;: &#34;self = &amp;lt;unittest.case._Outcome object at 0x0000017E54E27350&amp;gt;\ntest_case = &amp;lt;product_reader.tests.test_gemini_client.TestGeminiClient testMethod=test_initialize_model_with_quota_error&amp;gt;\nsubTest = False\n\n    @contextlib.contextmanager\n    def testPartExecutor(self, test_case, subTest=False):\n        old_success = self.success\n        self.success = True\n        try:\n&amp;gt;           yield\n\nC:\\Users\\rodri\\AppData\\Local\\Programs\\Python\\Python313\\Lib\\unittest\\case.py:58: \n_ _ _ _ _ _ _ _ _ _ _ _ _ _ _ _ _ _ _ _ _ _ _ _ _ _ _ _ _ _ _ _ _ _ _ _ _ _ _ _ _ _ _ _\nC:\\Users\\rodri\\AppData\\Local\\Programs\\Python\\Python313\\Lib\\unittest\\case.py:651: in run\n    self._callTestMethod(testMethod)\n_ _ _ _ _ _ _ _ _ _ _ _ _ _ _ _ _ _ _ _ _ _ _ _ _ _ _ _ _ _ _ _ _ _ _ _ _ _ _ _ _ _ _ _\n\nself = &amp;lt;product_reader.tests.test_gemini_client.TestGeminiClient testMethod=test_initialize_model_with_quota_error&amp;gt;\nmethod = &amp;lt;bound method TestGeminiClient.test_initialize_model_with_quota_error of &amp;lt;product_reader.tests.test_gemini_client.TestGeminiClient testMethod=test_initialize_model_with_quota_error&amp;gt;&amp;gt;\n\n    def _callTestMethod(self, method):\n&amp;gt;       if method() is not None:\nE       TypeError: TestGeminiClient.test_initialize_model_with_quota_error() missing 1 required positional argument: &amp;#x27;mock_model&amp;#x27;\n\nC:\\Users\\rodri\\AppData\\Local\\Programs\\Python\\Python313\\Lib\\unittest\\case.py:606: TypeError\n&#34;}], &#34;tests/test_gemini_client.py::TestGeminiClient::test_list_models&#34;: [{&#34;extras&#34;: [], &#34;result&#34;: &#34;Failed&#34;, &#34;testId&#34;: &#34;tests/test_gemini_client.py::TestGeminiClient::test_list_models&#34;, &#34;duration&#34;: &#34;1 ms&#34;, &#34;resultsTableRow&#34;: [&#34;&lt;td class=\&#34;col-result\&#34;&gt;Failed&lt;/td&gt;&#34;, &#34;&lt;td class=\&#34;col-testId\&#34;&gt;tests/test_gemini_client.py::TestGeminiClient::test_list_models&lt;/td&gt;&#34;, &#34;&lt;td class=\&#34;col-duration\&#34;&gt;1 ms&lt;/td&gt;&#34;, &#34;&lt;td class=\&#34;col-links\&#34;&gt;&lt;/td&gt;&#34;], &#34;log&#34;: &#34;self = &amp;lt;product_reader.tests.test_gemini_client.TestGeminiClient testMethod=test_list_models&amp;gt;\nmock_list_models = &amp;lt;MagicMock name=&amp;#x27;list_models&amp;#x27; id=&amp;#x27;1642096536480&amp;#x27;&amp;gt;\n\n    @patch(&amp;#x27;src.utils.gemini_client.genai.list_models&amp;#x27;)\n    def test_list_models(self, mock_list_models):\n        # Configure mock\n        mock_list_models.return_value = [\n            MagicMock(name=&amp;quot;model1&amp;quot;),\n            MagicMock(name=&amp;quot;model2&amp;quot;)\n        ]\n    \n        # Test model listing\n        models = self.client.list_models()\n        self.assertEqual(len(models), 2)\n&amp;gt;       self.assertEqual(models, [&amp;quot;model1&amp;quot;, &amp;quot;model2&amp;quot;])\nE       AssertionError: Lists differ: [&amp;lt;MagicMock name=&amp;#x27;model1.name&amp;#x27; id=&amp;#x27;1642104[55 chars]16&amp;#x27;&amp;gt;] != [&amp;#x27;model1&amp;#x27;, &amp;#x27;model2&amp;#x27;]\nE       \nE       First differing element 0:\nE       &amp;lt;MagicMock name=&amp;#x27;model1.name&amp;#x27; id=&amp;#x27;1642104644880&amp;#x27;&amp;gt;\nE       &amp;#x27;model1&amp;#x27;\nE       \nE       + [&amp;#x27;model1&amp;#x27;, &amp;#x27;model2&amp;#x27;]\nE       - [&amp;lt;MagicMock name=&amp;#x27;model1.name&amp;#x27; id=&amp;#x27;1642104644880&amp;#x27;&amp;gt;,\nE       -  &amp;lt;MagicMock name=&amp;#x27;model2.name&amp;#x27; id=&amp;#x27;1642104645216&amp;#x27;&amp;gt;]\n\ntests\\test_gemini_client.py:112: AssertionError\n&#34;}], &#34;tests/test_gemini_client.py::TestGeminiClient::test_should_retry&#34;: [{&#34;extras&#34;: [], &#34;result&#34;: &#34;Passed&#34;, &#34;testId&#34;: &#34;tests/test_gemini_client.py::TestGeminiClient::test_should_retry&#34;, &#34;duration&#34;: &#34;00:00:10&#34;, &#34;resultsTableRow&#34;: [&#34;&lt;td class=\&#34;col-result\&#34;&gt;Passed&lt;/td&gt;&#34;, &#34;&lt;td class=\&#34;col-testId\&#34;&gt;tests/test_gemini_client.py::TestGeminiClient::test_should_retry&lt;/td&gt;&#34;, &#34;&lt;td class=\&#34;col-duration\&#34;&gt;00:00:10&lt;/td&gt;&#34;, &#34;&lt;td class=\&#34;col-links\&#34;&gt;&lt;/td&gt;&#34;], &#34;log&#34;: &#34;----------------------------- Captured stderr call -----------------------------\n2025-06-07 23:36:11 | WARNING | Rate limit atingido. Aguardando 5 segundos...\n2025-06-07 23:36:16 | WARNING | Erro do servidor. Aguardando 5 segundos...\n\n------------------------------ Captured log call -------------------------------\nWARNING  RSSFeedProcessor:gemini_client.py:170 Rate limit atingido. Aguardando 5 segundos...\nWARNING  RSSFeedProcessor:gemini_client.py:177 Erro do servidor. Aguardando 5 segundos...\n\n&#34;}], &#34;tests/test_rss_reader.py::TestRssReader::test_empty_feed_urls&#34;: [{&#34;extras&#34;: [], &#34;result&#34;: &#34;Passed&#34;, &#34;testId&#34;: &#34;tests/test_rss_reader.py::TestRssReader::test_empty_feed_urls&#34;, &#34;duration&#34;: &#34;10 ms&#34;, &#34;resultsTableRow&#34;: [&#34;&lt;td class=\&#34;col-result\&#34;&gt;Passed&lt;/td&gt;&#34;, &#34;&lt;td class=\&#34;col-testId\&#34;&gt;tests/test_rss_reader.py::TestRssReader::test_empty_feed_urls&lt;/td&gt;&#34;, &#34;&lt;td class=\&#34;col-duration\&#34;&gt;10 ms&lt;/td&gt;&#34;, &#34;&lt;td class=\&#34;col-links\&#34;&gt;&lt;/td&gt;&#34;], &#34;log&#34;: &#34;----------------------------- Captured stderr call -----------------------------\n2025-06-07 23:36:21 | INFO | Initialized RSS Reader with 2 feeds\n2025-06-07 23:36:21 | INFO | Initialized RSS Reader with 0 feeds\n2025-06-07 23:36:21 | INFO | RSS Reader: Fetching news from last 1 days\n2025-06-07 23:36:21 | INFO | RSS Reader: Date range 2025-06-07 to 2025-06-07\n2025-06-07 23:36:21 | INFO | RSS Reader: Summary:\n2025-06-07 23:36:21 | INFO | - Total feeds processed: 0\n2025-06-07 23:36:21 | INFO | - Successful feeds: 0\n2025-06-07 23:36:21 | INFO | - Skipped/failed feeds: 0\n2025-06-07 23:36:21 | INFO | - Total valid items found: 0\n2025-06-07 23:36:21 | INFO | - Items without dates: 0\n2025-06-07 23:36:21 | WARNING | RSS Reader: No valid news items found in any feed!\n\n------------------------------ Captured log call -------------------------------\nINFO     RSSFeedProcessor:rss_reader.py:50 Initialized RSS Reader with 2 feeds\nINFO     RSSFeedProcessor:rss_reader.py:50 Initialized RSS Reader with 0 feeds\nINFO     RSSFeedProcessor:rss_reader.py:130 RSS Reader: Fetching news from last 1 days\nINFO     RSSFeedProcessor:rss_reader.py:131 RSS Reader: Date range 2025-06-07 to 2025-06-07\nINFO     RSSFeedProcessor:rss_reader.py:210 RSS Reader: Summary:\nINFO     RSSFeedProcessor:rss_reader.py:211 - Total feeds processed: 0\nINFO     RSSFeedProcessor:rss_reader.py:212 - Successful feeds: 0\nINFO     RSSFeedProcessor:rss_reader.py:213 - Skipped/failed feeds: 0\nINFO     RSSFeedProcessor:rss_reader.py:214 - Total valid items found: 0\nINFO     RSSFeedProcessor:rss_reader.py:215 - Items without dates: 0\nWARNING  RSSFeedProcessor:rss_reader.py:218 RSS Reader: No valid news items found in any feed!\n\n&#34;}], &#34;tests/test_rss_reader.py::TestRssReader::test_fetch_news_network_error&#34;: [{&#34;extras&#34;: [], &#34;result&#34;: &#34;Passed&#34;, &#34;testId&#34;: &#34;tests/test_rss_reader.py::TestRssReader::test_fetch_news_network_error&#34;, &#34;duration&#34;: &#34;00:00:31&#34;, &#34;resultsTableRow&#34;: [&#34;&lt;td class=\&#34;col-result\&#34;&gt;Passed&lt;/td&gt;&#34;, &#34;&lt;td class=\&#34;col-testId\&#34;&gt;tests/test_rss_reader.py::TestRssReader::test_fetch_news_network_error&lt;/td&gt;&#34;, &#34;&lt;td class=\&#34;col-duration\&#34;&gt;00:00:31&lt;/td&gt;&#34;, &#34;&lt;td class=\&#34;col-links\&#34;&gt;&lt;/td&gt;&#34;], &#34;log&#34;: &#34;----------------------------- Captured stderr call -----------------------------\n2025-06-07 23:36:21 | INFO | Initialized RSS Reader with 2 feeds\n2025-06-07 23:36:21 | INFO | RSS Reader: Fetching news from last 1 days\n2025-06-07 23:36:21 | INFO | RSS Reader: Date range 2025-06-07 to 2025-06-07\n2025-06-07 23:36:21 | INFO | RSS Reader: Processing feed: http://example.com/feed1\n2025-06-07 23:36:21 | DEBUG | Fetching http://example.com/feed1 with headers set 1\n2025-06-07 23:36:21 | DEBUG | Request failed for http://example.com/feed1 with headers 1: Network error\n2025-06-07 23:36:21 | DEBUG | Waiting 1.73s before retry attempt 1, headers 2\n2025-06-07 23:36:23 | DEBUG | Fetching http://example.com/feed1 with headers set 2\n2025-06-07 23:36:23 | DEBUG | Request failed for http://example.com/feed1 with headers 2: Network error\n2025-06-07 23:36:23 | WARNING | Attempt 1 failed for http://example.com/feed1, retrying...\n2025-06-07 23:36:23 | DEBUG | Waiting 2.21s before retry attempt 2, headers 1\n2025-06-07 23:36:25 | DEBUG | Fetching http://example.com/feed1 with headers set 1\n2025-06-07 23:36:25 | DEBUG | Request failed for http://example.com/feed1 with headers 1: Network error\n2025-06-07 23:36:25 | DEBUG | Waiting 2.85s before retry attempt 2, headers 2\n2025-06-07 23:36:28 | DEBUG | Fetching http://example.com/feed1 with headers set 2\n2025-06-07 23:36:28 | DEBUG | Request failed for http://example.com/feed1 with headers 2: Network error\n2025-06-07 23:36:28 | WARNING | Attempt 2 failed for http://example.com/feed1, retrying...\n2025-06-07 23:36:28 | DEBUG | Waiting 4.08s before retry attempt 3, headers 1\n2025-06-07 23:36:32 | DEBUG | Fetching http://example.com/feed1 with headers set 1\n2025-06-07 23:36:32 | DEBUG | Request failed for http://example.com/feed1 with headers 1: Network error\n2025-06-07 23:36:32 | DEBUG | Waiting 4.11s before retry attempt 3, headers 2\n2025-06-07 23:36:36 | DEBUG | Fetching http://example.com/feed1 with headers set 2\n2025-06-07 23:36:36 | DEBUG | Request failed for http://example.com/feed1 with headers 2: Network error\n2025-06-07 23:36:36 | WARNING | Attempt 3 failed for http://example.com/feed1, retrying...\n2025-06-07 23:36:36 | ERROR | RSS Reader: Error fetching feed http://example.com/feed1: Failed to fetch http://example.com/feed1 after 3 attempts with all header variants\n2025-06-07 23:36:36 | INFO | RSS Reader: Processing feed: http://example.com/feed2\n2025-06-07 23:36:36 | DEBUG | Fetching http://example.com/feed2 with headers set 1\n2025-06-07 23:36:36 | DEBUG | Request failed for http://example.com/feed2 with headers 1: Network error\n2025-06-07 23:36:36 | DEBUG | Waiting 1.23s before retry attempt 1, headers 2\n2025-06-07 23:36:37 | DEBUG | Fetching http://example.com/feed2 with headers set 2\n2025-06-07 23:36:37 | DEBUG | Request failed for http://example.com/feed2 with headers 2: Network error\n2025-06-07 23:36:37 | WARNING | Attempt 1 failed for http://example.com/feed2, retrying...\n2025-06-07 23:36:37 | DEBUG | Waiting 2.69s before retry attempt 2, headers 1\n2025-06-07 23:36:40 | DEBUG | Fetching http://example.com/feed2 with headers set 1\n2025-06-07 23:36:40 | DEBUG | Request failed for http://example.com/feed2 with headers 1: Network error\n2025-06-07 23:36:40 | DEBUG | Waiting 2.78s before retry attempt 2, headers 2\n2025-06-07 23:36:43 | DEBUG | Fetching http://example.com/feed2 with headers set 2\n2025-06-07 23:36:43 | DEBUG | Request failed for http://example.com/feed2 with headers 2: Network error\n2025-06-07 23:36:43 | WARNING | Attempt 2 failed for http://example.com/feed2, retrying...\n2025-06-07 23:36:43 | DEBUG | Waiting 4.82s before retry attempt 3, headers 1\n2025-06-07 23:36:48 | DEBUG | Fetching http://example.com/feed2 with headers set 1\n2025-06-07 23:36:48 | DEBUG | Request failed for http://example.com/feed2 with headers 1: Network error\n2025-06-07 23:36:48 | DEBUG | Waiting 4.37s before retry attempt 3, headers 2\n2025-06-07 23:36:52 | DEBUG | Fetching http://example.com/feed2 with headers set 2\n2025-06-07 23:36:52 | DEBUG | Request failed for http://example.com/feed2 with headers 2: Network error\n2025-06-07 23:36:52 | WARNING | Attempt 3 failed for http://example.com/feed2, retrying...\n2025-06-07 23:36:52 | ERROR | RSS Reader: Error fetching feed http://example.com/feed2: Failed to fetch http://example.com/feed2 after 3 attempts with all header variants\n2025-06-07 23:36:52 | INFO | RSS Reader: Summary:\n2025-06-07 23:36:52 | INFO | - Total feeds processed: 2\n2025-06-07 23:36:52 | INFO | - Successful feeds: 0\n2025-06-07 23:36:52 | INFO | - Skipped/failed feeds: 2\n2025-06-07 23:36:52 | INFO | - Total valid items found: 0\n2025-06-07 23:36:52 | INFO | - Items without dates: 0\n2025-06-07 23:36:52 | WARNING | RSS Reader: No valid news items found in any feed!\n\n------------------------------ Captured log call -------------------------------\nINFO     RSSFeedProcessor:rss_reader.py:50 Initialized RSS Reader with 2 feeds\nINFO     RSSFeedProcessor:rss_reader.py:130 RSS Reader: Fetching news from last 1 days\nINFO     RSSFeedProcessor:rss_reader.py:131 RSS Reader: Date range 2025-06-07 to 2025-06-07\nINFO     RSSFeedProcessor:rss_reader.py:141 RSS Reader: Processing feed: http://example.com/feed1\nDEBUG    RSSFeedProcessor:rss_reader.py:65 Fetching http://example.com/feed1 with headers set 1\nDEBUG    RSSFeedProcessor:rss_reader.py:73 Request failed for http://example.com/feed1 with headers 1: Network error\nDEBUG    RSSFeedProcessor:rss_reader.py:62 Waiting 1.73s before retry attempt 1, headers 2\nDEBUG    RSSFeedProcessor:rss_reader.py:65 Fetching http://example.com/feed1 with headers set 2\nDEBUG    RSSFeedProcessor:rss_reader.py:73 Request failed for http://example.com/feed1 with headers 2: Network error\nWARNING  RSSFeedProcessor:rss_reader.py:76 Attempt 1 failed for http://example.com/feed1, retrying...\nDEBUG    RSSFeedProcessor:rss_reader.py:62 Waiting 2.21s before retry attempt 2, headers 1\nDEBUG    RSSFeedProcessor:rss_reader.py:65 Fetching http://example.com/feed1 with headers set 1\nDEBUG    RSSFeedProcessor:rss_reader.py:73 Request failed for http://example.com/feed1 with headers 1: Network error\nDEBUG    RSSFeedProcessor:rss_reader.py:62 Waiting 2.85s before retry attempt 2, headers 2\nDEBUG    RSSFeedProcessor:rss_reader.py:65 Fetching http://example.com/feed1 with headers set 2\nDEBUG    RSSFeedProcessor:rss_reader.py:73 Request failed for http://example.com/feed1 with headers 2: Network error\nWARNING  RSSFeedProcessor:rss_reader.py:76 Attempt 2 failed for http://example.com/feed1, retrying...\nDEBUG    RSSFeedProcessor:rss_reader.py:62 Waiting 4.08s before retry attempt 3, headers 1\nDEBUG    RSSFeedProcessor:rss_reader.py:65 Fetching http://example.com/feed1 with headers set 1\nDEBUG    RSSFeedProcessor:rss_reader.py:73 Request failed for http://example.com/feed1 with headers 1: Network error\nDEBUG    RSSFeedProcessor:rss_reader.py:62 Waiting 4.11s before retry attempt 3, headers 2\nDEBUG    RSSFeedProcessor:rss_reader.py:65 Fetching http://example.com/feed1 with headers set 2\nDEBUG    RSSFeedProcessor:rss_reader.py:73 Request failed for http://example.com/feed1 with headers 2: Network error\nWARNING  RSSFeedProcessor:rss_reader.py:76 Attempt 3 failed for http://example.com/feed1, retrying...\nERROR    RSSFeedProcessor:rss_reader.py:202 RSS Reader: Error fetching feed http://example.com/feed1: Failed to fetch http://example.com/feed1 after 3 attempts with all header variants\nINFO     RSSFeedProcessor:rss_reader.py:141 RSS Reader: Processing feed: http://example.com/feed2\nDEBUG    RSSFeedProcessor:rss_reader.py:65 Fetching http://example.com/feed2 with headers set 1\nDEBUG    RSSFeedProcessor:rss_reader.py:73 Request failed for http://example.com/feed2 with headers 1: Network error\nDEBUG    RSSFeedProcessor:rss_reader.py:62 Waiting 1.23s before retry attempt 1, headers 2\nDEBUG    RSSFeedProcessor:rss_reader.py:65 Fetching http://example.com/feed2 with headers set 2\nDEBUG    RSSFeedProcessor:rss_reader.py:73 Request failed for http://example.com/feed2 with headers 2: Network error\nWARNING  RSSFeedProcessor:rss_reader.py:76 Attempt 1 failed for http://example.com/feed2, retrying...\nDEBUG    RSSFeedProcessor:rss_reader.py:62 Waiting 2.69s before retry attempt 2, headers 1\nDEBUG    RSSFeedProcessor:rss_reader.py:65 Fetching http://example.com/feed2 with headers set 1\nDEBUG    RSSFeedProcessor:rss_reader.py:73 Request failed for http://example.com/feed2 with headers 1: Network error\nDEBUG    RSSFeedProcessor:rss_reader.py:62 Waiting 2.78s before retry attempt 2, headers 2\nDEBUG    RSSFeedProcessor:rss_reader.py:65 Fetching http://example.com/feed2 with headers set 2\nDEBUG    RSSFeedProcessor:rss_reader.py:73 Request failed for http://example.com/feed2 with headers 2: Network error\nWARNING  RSSFeedProcessor:rss_reader.py:76 Attempt 2 failed for http://example.com/feed2, retrying...\nDEBUG    RSSFeedProcessor:rss_reader.py:62 Waiting 4.82s before retry attempt 3, headers 1\nDEBUG    RSSFeedProcessor:rss_reader.py:65 Fetching http://example.com/feed2 with headers set 1\nDEBUG    RSSFeedProcessor:rss_reader.py:73 Request failed for http://example.com/feed2 with headers 1: Network error\nDEBUG    RSSFeedProcessor:rss_reader.py:62 Waiting 4.37s before retry attempt 3, headers 2\nDEBUG    RSSFeedProcessor:rss_reader.py:65 Fetching http://example.com/feed2 with headers set 2\nDEBUG    RSSFeedProcessor:rss_reader.py:73 Request failed for http://example.com/feed2 with headers 2: Network error\nWARNING  RSSFeedProcessor:rss_reader.py:76 Attempt 3 failed for http://example.com/feed2, retrying...\nERROR    RSSFeedProcessor:rss_reader.py:202 RSS Reader: Error fetching feed http://example.com/feed2: Failed to fetch http://example.com/feed2 after 3 attempts with all header variants\nINFO     RSSFeedProcessor:rss_reader.py:210 RSS Reader: Summary:\nINFO     RSSFeedProcessor:rss_reader.py:211 - Total feeds processed: 2\nINFO     RSSFeedProcessor:rss_reader.py:212 - Successful feeds: 0\nINFO     RSSFeedProcessor:rss_reader.py:213 - Skipped/failed feeds: 2\nINFO     RSSFeedProcessor:rss_reader.py:214 - Total valid items found: 0\nINFO     RSSFeedProcessor:rss_reader.py:215 - Items without dates: 0\nWARNING  RSSFeedProcessor:rss_reader.py:218 RSS Reader: No valid news items found in any feed!\n\n&#34;}], &#34;tests/test_rss_reader.py::TestRssReader::test_fetch_news_success&#34;: [{&#34;extras&#34;: [], &#34;result&#34;: &#34;Failed&#34;, &#34;testId&#34;: &#34;tests/test_rss_reader.py::TestRssReader::test_fetch_news_success&#34;, &#34;duration&#34;: &#34;11 ms&#34;, &#34;resultsTableRow&#34;: [&#34;&lt;td class=\&#34;col-result\&#34;&gt;Failed&lt;/td&gt;&#34;, &#34;&lt;td class=\&#34;col-testId\&#34;&gt;tests/test_rss_reader.py::TestRssReader::test_fetch_news_success&lt;/td&gt;&#34;, &#34;&lt;td class=\&#34;col-duration\&#34;&gt;11 ms&lt;/td&gt;&#34;, &#34;&lt;td class=\&#34;col-links\&#34;&gt;&lt;/td&gt;&#34;], &#34;log&#34;: &#34;self = &amp;lt;product_reader.tests.test_rss_reader.TestRssReader testMethod=test_fetch_news_success&amp;gt;\nmock_get = &amp;lt;MagicMock name=&amp;#x27;get&amp;#x27; id=&amp;#x27;1642104639840&amp;#x27;&amp;gt;\n\n    @patch(&amp;#x27;src.agents.rss_reader.requests.get&amp;#x27;)\n    def test_fetch_news_success(self, mock_get):\n        # Configure mock response\n        mock_response = MagicMock()\n        mock_response.content = self.sample_rss.encode(&amp;#x27;utf-8&amp;#x27;)\n        mock_response.raise_for_status.return_value = None\n        mock_get.return_value = mock_response\n    \n        # Test news fetching\n        news_items = self.rss_reader.fetch_news()\n    \n        # Verify the results\n&amp;gt;       self.assertEqual(len(news_items), 2)  # One item per feed\nE       AssertionError: 0 != 2\n\ntests\\test_rss_reader.py:49: AssertionError\n\n----------------------------- Captured stderr call -----------------------------\n2025-06-07 23:36:52 | INFO | Initialized RSS Reader with 2 feeds\n2025-06-07 23:36:52 | INFO | RSS Reader: Fetching news from last 1 days\n2025-06-07 23:36:52 | INFO | RSS Reader: Date range 2025-06-07 to 2025-06-07\n2025-06-07 23:36:52 | INFO | RSS Reader: Processing feed: http://example.com/feed1\n2025-06-07 23:36:52 | DEBUG | Fetching http://example.com/feed1 with headers set 1\n2025-06-07 23:36:52 | DEBUG | Successfully fetched http://example.com/feed1 with headers set 1\n2025-06-07 23:36:52 | DEBUG | Feed content from http://example.com/feed1: &amp;lt;?xml version=&amp;quot;1.0&amp;quot; encoding=&amp;quot;UTF-8&amp;quot;?&amp;gt;\n        &amp;lt;rss version=&amp;quot;2.0&amp;quot;&amp;gt;\n            &amp;lt;channel&amp;gt;\n                &amp;lt;title&amp;gt;Test Feed&amp;lt;/title&amp;gt;\n                &amp;lt;link&amp;gt;http://example.com&amp;lt;/link&amp;gt;\n                &amp;lt;description&amp;gt;Test Description&amp;lt;/description&amp;gt;\n                &amp;lt;item&amp;gt;\n                    &amp;lt;title&amp;gt;Test Article 1&amp;lt;/title&amp;gt;\n                    &amp;lt;link&amp;gt;http://example.com/article1&amp;lt;/link&amp;gt;\n                    &amp;lt;description&amp;gt;Test article description 1&amp;lt;/description&amp;gt;\n                    &amp;lt;pubDate&amp;gt;Thu, 23 May 2025 10:00:00...\n2025-06-07 23:36:52 | DEBUG | Feed type for http://example.com/feed1: RSS\n2025-06-07 23:36:52 | DEBUG | Found 2 RSS items with path .//item\n2025-06-07 23:36:52 | DEBUG | RSS Parser: Processing 2 items from http://example.com/feed1\n2025-06-07 23:36:52 | DEBUG | RSS Item 1: Found date element &amp;#x27;pubDate&amp;#x27;\n2025-06-07 23:36:52 | DEBUG | RSS Item 1: title=True, link=True, date=True\n2025-06-07 23:36:52 | DEBUG | RSS Item 1: Raw date string: &amp;#x27;Thu, 23 May 2025 10:00:00 +0000&amp;#x27;\n2025-06-07 23:36:52 | DEBUG | RSS Item 1: Parsed date: 2025-05-23 10:00:00+00:00\n2025-06-07 23:36:52 | DEBUG | RSS Item 1: Created NewsItem with title: &amp;#x27;Test Article 1...&amp;#x27;\n2025-06-07 23:36:52 | DEBUG | RSS Item 2: Found date element &amp;#x27;pubDate&amp;#x27;\n2025-06-07 23:36:52 | DEBUG | RSS Item 2: title=True, link=True, date=True\n2025-06-07 23:36:52 | DEBUG | RSS Item 2: Raw date string: &amp;#x27;Thu, 23 May 2025 11:00:00 +0000&amp;#x27;\n2025-06-07 23:36:52 | DEBUG | RSS Item 2: Parsed date: 2025-05-23 11:00:00+00:00\n2025-06-07 23:36:52 | DEBUG | RSS Item 2: Created NewsItem with title: &amp;#x27;Test Article 2...&amp;#x27;\n2025-06-07 23:36:52 | DEBUG | RSS Parser: Created 2 NewsItems from http://example.com/feed1\n2025-06-07 23:36:52 | INFO | RSS Reader: Parsed 2 raw items from http://example.com/feed1\n2025-06-07 23:36:52 | DEBUG | Item fora do range de datas: Test Article 1 - 2025-05-23 10:00:00+00:00 from http://example.com/feed1\n2025-06-07 23:36:52 | DEBUG | Item fora do range de datas: Test Article 2 - 2025-05-23 11:00:00+00:00 from http://example.com/feed1\n2025-06-07 23:36:52 | INFO | RSS Reader: Found 0 items in date range from http://example.com/feed1\n2025-06-07 23:36:52 | WARNING | RSS Reader: All items from http://example.com/feed1 were outside date range 2025-06-07 to 2025-06-07\n2025-06-07 23:36:52 | DEBUG | Date range for http://example.com/feed1: 2025-05-23 10:00:00+00:00 to 2025-05-23 11:00:00+00:00\n2025-06-07 23:36:52 | INFO | RSS Reader: Processing feed: http://example.com/feed2\n2025-06-07 23:36:52 | DEBUG | Fetching http://example.com/feed2 with headers set 1\n2025-06-07 23:36:52 | DEBUG | Successfully fetched http://example.com/feed2 with headers set 1\n2025-06-07 23:36:52 | DEBUG | Feed content from http://example.com/feed2: &amp;lt;?xml version=&amp;quot;1.0&amp;quot; encoding=&amp;quot;UTF-8&amp;quot;?&amp;gt;\n        &amp;lt;rss version=&amp;quot;2.0&amp;quot;&amp;gt;\n            &amp;lt;channel&amp;gt;\n                &amp;lt;title&amp;gt;Test Feed&amp;lt;/title&amp;gt;\n                &amp;lt;link&amp;gt;http://example.com&amp;lt;/link&amp;gt;\n                &amp;lt;description&amp;gt;Test Description&amp;lt;/description&amp;gt;\n                &amp;lt;item&amp;gt;\n                    &amp;lt;title&amp;gt;Test Article 1&amp;lt;/title&amp;gt;\n                    &amp;lt;link&amp;gt;http://example.com/article1&amp;lt;/link&amp;gt;\n                    &amp;lt;description&amp;gt;Test article description 1&amp;lt;/description&amp;gt;\n                    &amp;lt;pubDate&amp;gt;Thu, 23 May 2025 10:00:00...\n2025-06-07 23:36:52 | DEBUG | Feed type for http://example.com/feed2: RSS\n2025-06-07 23:36:52 | DEBUG | Found 2 RSS items with path .//item\n2025-06-07 23:36:52 | DEBUG | RSS Parser: Processing 2 items from http://example.com/feed2\n2025-06-07 23:36:52 | DEBUG | RSS Item 1: Found date element &amp;#x27;pubDate&amp;#x27;\n2025-06-07 23:36:52 | DEBUG | RSS Item 1: title=True, link=True, date=True\n2025-06-07 23:36:52 | DEBUG | RSS Item 1: Raw date string: &amp;#x27;Thu, 23 May 2025 10:00:00 +0000&amp;#x27;\n2025-06-07 23:36:52 | DEBUG | RSS Item 1: Parsed date: 2025-05-23 10:00:00+00:00\n2025-06-07 23:36:52 | DEBUG | RSS Item 1: Created NewsItem with title: &amp;#x27;Test Article 1...&amp;#x27;\n2025-06-07 23:36:52 | DEBUG | RSS Item 2: Found date element &amp;#x27;pubDate&amp;#x27;\n2025-06-07 23:36:52 | DEBUG | RSS Item 2: title=True, link=True, date=True\n2025-06-07 23:36:52 | DEBUG | RSS Item 2: Raw date string: &amp;#x27;Thu, 23 May 2025 11:00:00 +0000&amp;#x27;\n2025-06-07 23:36:52 | DEBUG | RSS Item 2: Parsed date: 2025-05-23 11:00:00+00:00\n2025-06-07 23:36:52 | DEBUG | RSS Item 2: Created NewsItem with title: &amp;#x27;Test Article 2...&amp;#x27;\n2025-06-07 23:36:52 | DEBUG | RSS Parser: Created 2 NewsItems from http://example.com/feed2\n2025-06-07 23:36:52 | INFO | RSS Reader: Parsed 2 raw items from http://example.com/feed2\n2025-06-07 23:36:52 | DEBUG | Item fora do range de datas: Test Article 1 - 2025-05-23 10:00:00+00:00 from http://example.com/feed2\n2025-06-07 23:36:52 | DEBUG | Item fora do range de datas: Test Article 2 - 2025-05-23 11:00:00+00:00 from http://example.com/feed2\n2025-06-07 23:36:52 | INFO | RSS Reader: Found 0 items in date range from http://example.com/feed2\n2025-06-07 23:36:52 | WARNING | RSS Reader: All items from http://example.com/feed2 were outside date range 2025-06-07 to 2025-06-07\n2025-06-07 23:36:52 | DEBUG | Date range for http://example.com/feed2: 2025-05-23 10:00:00+00:00 to 2025-05-23 11:00:00+00:00\n2025-06-07 23:36:52 | INFO | RSS Reader: Summary:\n2025-06-07 23:36:52 | INFO | - Total feeds processed: 2\n2025-06-07 23:36:52 | INFO | - Successful feeds: 0\n2025-06-07 23:36:52 | INFO | - Skipped/failed feeds: 2\n2025-06-07 23:36:52 | INFO | - Total valid items found: 0\n2025-06-07 23:36:52 | INFO | - Items without dates: 0\n2025-06-07 23:36:52 | WARNING | RSS Reader: No valid news items found in any feed!\n\n------------------------------ Captured log call -------------------------------\nINFO     RSSFeedProcessor:rss_reader.py:50 Initialized RSS Reader with 2 feeds\nINFO     RSSFeedProcessor:rss_reader.py:130 RSS Reader: Fetching news from last 1 days\nINFO     RSSFeedProcessor:rss_reader.py:131 RSS Reader: Date range 2025-06-07 to 2025-06-07\nINFO     RSSFeedProcessor:rss_reader.py:141 RSS Reader: Processing feed: http://example.com/feed1\nDEBUG    RSSFeedProcessor:rss_reader.py:65 Fetching http://example.com/feed1 with headers set 1\nDEBUG    RSSFeedProcessor:rss_reader.py:69 Successfully fetched http://example.com/feed1 with headers set 1\nDEBUG    RSSFeedProcessor:rss_reader.py:225 Feed content from http://example.com/feed1: &amp;lt;?xml version=&amp;quot;1.0&amp;quot; encoding=&amp;quot;UTF-8&amp;quot;?&amp;gt;\n        &amp;lt;rss version=&amp;quot;2.0&amp;quot;&amp;gt;\n            &amp;lt;channel&amp;gt;\n                &amp;lt;title&amp;gt;Test Feed&amp;lt;/title&amp;gt;\n                &amp;lt;link&amp;gt;http://example.com&amp;lt;/link&amp;gt;\n                &amp;lt;description&amp;gt;Test Description&amp;lt;/description&amp;gt;\n                &amp;lt;item&amp;gt;\n                    &amp;lt;title&amp;gt;Test Article 1&amp;lt;/title&amp;gt;\n                    &amp;lt;link&amp;gt;http://example.com/article1&amp;lt;/link&amp;gt;\n                    &amp;lt;description&amp;gt;Test article description 1&amp;lt;/description&amp;gt;\n                    &amp;lt;pubDate&amp;gt;Thu, 23 May 2025 10:00:00...\nDEBUG    RSSFeedProcessor:rss_reader.py:233 Feed type for http://example.com/feed1: RSS\nDEBUG    RSSFeedProcessor:rss_reader.py:259 Found 2 RSS items with path .//item\nDEBUG    RSSFeedProcessor:rss_reader.py:303 RSS Parser: Processing 2 items from http://example.com/feed1\nDEBUG    RSSFeedProcessor:rss_reader.py:315 RSS Item 1: Found date element &amp;#x27;pubDate&amp;#x27;\nDEBUG    RSSFeedProcessor:rss_reader.py:326 RSS Item 1: title=True, link=True, date=True\nDEBUG    RSSFeedProcessor:rss_reader.py:345 RSS Item 1: Raw date string: &amp;#x27;Thu, 23 May 2025 10:00:00 +0000&amp;#x27;\nDEBUG    RSSFeedProcessor:rss_reader.py:347 RSS Item 1: Parsed date: 2025-05-23 10:00:00+00:00\nDEBUG    RSSFeedProcessor:rss_reader.py:360 RSS Item 1: Created NewsItem with title: &amp;#x27;Test Article 1...&amp;#x27;\nDEBUG    RSSFeedProcessor:rss_reader.py:315 RSS Item 2: Found date element &amp;#x27;pubDate&amp;#x27;\nDEBUG    RSSFeedProcessor:rss_reader.py:326 RSS Item 2: title=True, link=True, date=True\nDEBUG    RSSFeedProcessor:rss_reader.py:345 RSS Item 2: Raw date string: &amp;#x27;Thu, 23 May 2025 11:00:00 +0000&amp;#x27;\nDEBUG    RSSFeedProcessor:rss_reader.py:347 RSS Item 2: Parsed date: 2025-05-23 11:00:00+00:00\nDEBUG    RSSFeedProcessor:rss_reader.py:360 RSS Item 2: Created NewsItem with title: &amp;#x27;Test Article 2...&amp;#x27;\nDEBUG    RSSFeedProcessor:rss_reader.py:368 RSS Parser: Created 2 NewsItems from http://example.com/feed1\nINFO     RSSFeedProcessor:rss_reader.py:158 RSS Reader: Parsed 2 raw items from http://example.com/feed1\nDEBUG    RSSFeedProcessor:rss_reader.py:184 Item fora do range de datas: Test Article 1 - 2025-05-23 10:00:00+00:00 from http://example.com/feed1\nDEBUG    RSSFeedProcessor:rss_reader.py:184 Item fora do range de datas: Test Article 2 - 2025-05-23 11:00:00+00:00 from http://example.com/feed1\nINFO     RSSFeedProcessor:rss_reader.py:189 RSS Reader: Found 0 items in date range from http://example.com/feed1\nWARNING  RSSFeedProcessor:rss_reader.py:191 RSS Reader: All items from http://example.com/feed1 were outside date range 2025-06-07 to 2025-06-07\nDEBUG    RSSFeedProcessor:rss_reader.py:193 Date range for http://example.com/feed1: 2025-05-23 10:00:00+00:00 to 2025-05-23 11:00:00+00:00\nINFO     RSSFeedProcessor:rss_reader.py:141 RSS Reader: Processing feed: http://example.com/feed2\nDEBUG    RSSFeedProcessor:rss_reader.py:65 Fetching http://example.com/feed2 with headers set 1\nDEBUG    RSSFeedProcessor:rss_reader.py:69 Successfully fetched http://example.com/feed2 with headers set 1\nDEBUG    RSSFeedProcessor:rss_reader.py:225 Feed content from http://example.com/feed2: &amp;lt;?xml version=&amp;quot;1.0&amp;quot; encoding=&amp;quot;UTF-8&amp;quot;?&amp;gt;\n        &amp;lt;rss version=&amp;quot;2.0&amp;quot;&amp;gt;\n            &amp;lt;channel&amp;gt;\n                &amp;lt;title&amp;gt;Test Feed&amp;lt;/title&amp;gt;\n                &amp;lt;link&amp;gt;http://example.com&amp;lt;/link&amp;gt;\n                &amp;lt;description&amp;gt;Test Description&amp;lt;/description&amp;gt;\n                &amp;lt;item&amp;gt;\n                    &amp;lt;title&amp;gt;Test Article 1&amp;lt;/title&amp;gt;\n                    &amp;lt;link&amp;gt;http://example.com/article1&amp;lt;/link&amp;gt;\n                    &amp;lt;description&amp;gt;Test article description 1&amp;lt;/description&amp;gt;\n                    &amp;lt;pubDate&amp;gt;Thu, 23 May 2025 10:00:00...\nDEBUG    RSSFeedProcessor:rss_reader.py:233 Feed type for http://example.com/feed2: RSS\nDEBUG    RSSFeedProcessor:rss_reader.py:259 Found 2 RSS items with path .//item\nDEBUG    RSSFeedProcessor:rss_reader.py:303 RSS Parser: Processing 2 items from http://example.com/feed2\nDEBUG    RSSFeedProcessor:rss_reader.py:315 RSS Item 1: Found date element &amp;#x27;pubDate&amp;#x27;\nDEBUG    RSSFeedProcessor:rss_reader.py:326 RSS Item 1: title=True, link=True, date=True\nDEBUG    RSSFeedProcessor:rss_reader.py:345 RSS Item 1: Raw date string: &amp;#x27;Thu, 23 May 2025 10:00:00 +0000&amp;#x27;\nDEBUG    RSSFeedProcessor:rss_reader.py:347 RSS Item 1: Parsed date: 2025-05-23 10:00:00+00:00\nDEBUG    RSSFeedProcessor:rss_reader.py:360 RSS Item 1: Created NewsItem with title: &amp;#x27;Test Article 1...&amp;#x27;\nDEBUG    RSSFeedProcessor:rss_reader.py:315 RSS Item 2: Found date element &amp;#x27;pubDate&amp;#x27;\nDEBUG    RSSFeedProcessor:rss_reader.py:326 RSS Item 2: title=True, link=True, date=True\nDEBUG    RSSFeedProcessor:rss_reader.py:345 RSS Item 2: Raw date string: &amp;#x27;Thu, 23 May 2025 11:00:00 +0000&amp;#x27;\nDEBUG    RSSFeedProcessor:rss_reader.py:347 RSS Item 2: Parsed date: 2025-05-23 11:00:00+00:00\nDEBUG    RSSFeedProcessor:rss_reader.py:360 RSS Item 2: Created NewsItem with title: &amp;#x27;Test Article 2...&amp;#x27;\nDEBUG    RSSFeedProcessor:rss_reader.py:368 RSS Parser: Created 2 NewsItems from http://example.com/feed2\nINFO     RSSFeedProcessor:rss_reader.py:158 RSS Reader: Parsed 2 raw items from http://example.com/feed2\nDEBUG    RSSFeedProcessor:rss_reader.py:184 Item fora do range de datas: Test Article 1 - 2025-05-23 10:00:00+00:00 from http://example.com/feed2\nDEBUG    RSSFeedProcessor:rss_reader.py:184 Item fora do range de datas: Test Article 2 - 2025-05-23 11:00:00+00:00 from http://example.com/feed2\nINFO     RSSFeedProcessor:rss_reader.py:189 RSS Reader: Found 0 items in date range from http://example.com/feed2\nWARNING  RSSFeedProcessor:rss_reader.py:191 RSS Reader: All items from http://example.com/feed2 were outside date range 2025-06-07 to 2025-06-07\nDEBUG    RSSFeedProcessor:rss_reader.py:193 Date range for http://example.com/feed2: 2025-05-23 10:00:00+00:00 to 2025-05-23 11:00:00+00:00\nINFO     RSSFeedProcessor:rss_reader.py:210 RSS Reader: Summary:\nINFO     RSSFeedProcessor:rss_reader.py:211 - Total feeds processed: 2\nINFO     RSSFeedProcessor:rss_reader.py:212 - Successful feeds: 0\nINFO     RSSFeedProcessor:rss_reader.py:213 - Skipped/failed feeds: 2\nINFO     RSSFeedProcessor:rss_reader.py:214 - Total valid items found: 0\nINFO     RSSFeedProcessor:rss_reader.py:215 - Items without dates: 0\nWARNING  RSSFeedProcessor:rss_reader.py:218 RSS Reader: No valid news items found in any feed!\n\n&#34;}], &#34;tests/test_rss_reader.py::TestRssReader::test_malformed_rss&#34;: [{&#34;extras&#34;: [], &#34;result&#34;: &#34;Passed&#34;, &#34;testId&#34;: &#34;tests/test_rss_reader.py::TestRssReader::test_malformed_rss&#34;, &#34;duration&#34;: &#34;7 ms&#34;, &#34;resultsTableRow&#34;: [&#34;&lt;td class=\&#34;col-result\&#34;&gt;Passed&lt;/td&gt;&#34;, &#34;&lt;td class=\&#34;col-testId\&#34;&gt;tests/test_rss_reader.py::TestRssReader::test_malformed_rss&lt;/td&gt;&#34;, &#34;&lt;td class=\&#34;col-duration\&#34;&gt;7 ms&lt;/td&gt;&#34;, &#34;&lt;td class=\&#34;col-links\&#34;&gt;&lt;/td&gt;&#34;], &#34;log&#34;: &#34;----------------------------- Captured stderr call -----------------------------\n2025-06-07 23:36:52 | INFO | Initialized RSS Reader with 2 feeds\n2025-06-07 23:36:52 | INFO | RSS Reader: Fetching news from last 1 days\n2025-06-07 23:36:52 | INFO | RSS Reader: Date range 2025-06-07 to 2025-06-07\n2025-06-07 23:36:52 | INFO | RSS Reader: Processing feed: http://example.com/feed1\n2025-06-07 23:36:52 | DEBUG | Fetching http://example.com/feed1 with headers set 1\n2025-06-07 23:36:52 | DEBUG | Successfully fetched http://example.com/feed1 with headers set 1\n2025-06-07 23:36:52 | ERROR | RSS Reader: Unexpected error parsing feed from http://example.com/feed1: &amp;#x27;str&amp;#x27; object has no attribute &amp;#x27;decode&amp;#x27;\n2025-06-07 23:36:52 | DEBUG | Full error for http://example.com/feed1:\nTraceback (most recent call last):\n  File &amp;quot;c:\\Projects\\agents\\product_reader\\src\\agents\\rss_reader.py&amp;quot;, line 225, in _parse_feed\n    logger.debug(f&amp;quot;Feed content from {feed_url}: {content[:500].decode(&amp;#x27;utf-8&amp;#x27;, errors=&amp;#x27;ignore&amp;#x27;)}...&amp;quot;)\n                                                  ^^^^^^^^^^^^^^^^^^^^\nAttributeError: &amp;#x27;str&amp;#x27; object has no attribute &amp;#x27;decode&amp;#x27;. Did you mean: &amp;#x27;encode&amp;#x27;?\n2025-06-07 23:36:52 | INFO | RSS Reader: Parsed 0 raw items from http://example.com/feed1\n2025-06-07 23:36:52 | WARNING | RSS Reader: No items found in feed http://example.com/feed1\n2025-06-07 23:36:52 | INFO | RSS Reader: Processing feed: http://example.com/feed2\n2025-06-07 23:36:52 | DEBUG | Fetching http://example.com/feed2 with headers set 1\n2025-06-07 23:36:52 | DEBUG | Successfully fetched http://example.com/feed2 with headers set 1\n2025-06-07 23:36:52 | ERROR | RSS Reader: Unexpected error parsing feed from http://example.com/feed2: &amp;#x27;str&amp;#x27; object has no attribute &amp;#x27;decode&amp;#x27;\n2025-06-07 23:36:52 | DEBUG | Full error for http://example.com/feed2:\nTraceback (most recent call last):\n  File &amp;quot;c:\\Projects\\agents\\product_reader\\src\\agents\\rss_reader.py&amp;quot;, line 225, in _parse_feed\n    logger.debug(f&amp;quot;Feed content from {feed_url}: {content[:500].decode(&amp;#x27;utf-8&amp;#x27;, errors=&amp;#x27;ignore&amp;#x27;)}...&amp;quot;)\n                                                  ^^^^^^^^^^^^^^^^^^^^\nAttributeError: &amp;#x27;str&amp;#x27; object has no attribute &amp;#x27;decode&amp;#x27;. Did you mean: &amp;#x27;encode&amp;#x27;?\n2025-06-07 23:36:52 | INFO | RSS Reader: Parsed 0 raw items from http://example.com/feed2\n2025-06-07 23:36:52 | WARNING | RSS Reader: No items found in feed http://example.com/feed2\n2025-06-07 23:36:52 | INFO | RSS Reader: Summary:\n2025-06-07 23:36:52 | INFO | - Total feeds processed: 2\n2025-06-07 23:36:52 | INFO | - Successful feeds: 0\n2025-06-07 23:36:52 | INFO | - Skipped/failed feeds: 2\n2025-06-07 23:36:52 | INFO | - Total valid items found: 0\n2025-06-07 23:36:52 | INFO | - Items without dates: 0\n2025-06-07 23:36:52 | WARNING | RSS Reader: No valid news items found in any feed!\n\n------------------------------ Captured log call -------------------------------\nINFO     RSSFeedProcessor:rss_reader.py:50 Initialized RSS Reader with 2 feeds\nINFO     RSSFeedProcessor:rss_reader.py:130 RSS Reader: Fetching news from last 1 days\nINFO     RSSFeedProcessor:rss_reader.py:131 RSS Reader: Date range 2025-06-07 to 2025-06-07\nINFO     RSSFeedProcessor:rss_reader.py:141 RSS Reader: Processing feed: http://example.com/feed1\nDEBUG    RSSFeedProcessor:rss_reader.py:65 Fetching http://example.com/feed1 with headers set 1\nDEBUG    RSSFeedProcessor:rss_reader.py:69 Successfully fetched http://example.com/feed1 with headers set 1\nERROR    RSSFeedProcessor:rss_reader.py:296 RSS Reader: Unexpected error parsing feed from http://example.com/feed1: &amp;#x27;str&amp;#x27; object has no attribute &amp;#x27;decode&amp;#x27;\nDEBUG    RSSFeedProcessor:rss_reader.py:297 Full error for http://example.com/feed1:\nTraceback (most recent call last):\n  File &amp;quot;c:\\Projects\\agents\\product_reader\\src\\agents\\rss_reader.py&amp;quot;, line 225, in _parse_feed\n    logger.debug(f&amp;quot;Feed content from {feed_url}: {content[:500].decode(&amp;#x27;utf-8&amp;#x27;, errors=&amp;#x27;ignore&amp;#x27;)}...&amp;quot;)\n                                                  ^^^^^^^^^^^^^^^^^^^^\nAttributeError: &amp;#x27;str&amp;#x27; object has no attribute &amp;#x27;decode&amp;#x27;. Did you mean: &amp;#x27;encode&amp;#x27;?\nINFO     RSSFeedProcessor:rss_reader.py:158 RSS Reader: Parsed 0 raw items from http://example.com/feed1\nWARNING  RSSFeedProcessor:rss_reader.py:161 RSS Reader: No items found in feed http://example.com/feed1\nINFO     RSSFeedProcessor:rss_reader.py:141 RSS Reader: Processing feed: http://example.com/feed2\nDEBUG    RSSFeedProcessor:rss_reader.py:65 Fetching http://example.com/feed2 with headers set 1\nDEBUG    RSSFeedProcessor:rss_reader.py:69 Successfully fetched http://example.com/feed2 with headers set 1\nERROR    RSSFeedProcessor:rss_reader.py:296 RSS Reader: Unexpected error parsing feed from http://example.com/feed2: &amp;#x27;str&amp;#x27; object has no attribute &amp;#x27;decode&amp;#x27;\nDEBUG    RSSFeedProcessor:rss_reader.py:297 Full error for http://example.com/feed2:\nTraceback (most recent call last):\n  File &amp;quot;c:\\Projects\\agents\\product_reader\\src\\agents\\rss_reader.py&amp;quot;, line 225, in _parse_feed\n    logger.debug(f&amp;quot;Feed content from {feed_url}: {content[:500].decode(&amp;#x27;utf-8&amp;#x27;, errors=&amp;#x27;ignore&amp;#x27;)}...&amp;quot;)\n                                                  ^^^^^^^^^^^^^^^^^^^^\nAttributeError: &amp;#x27;str&amp;#x27; object has no attribute &amp;#x27;decode&amp;#x27;. Did you mean: &amp;#x27;encode&amp;#x27;?\nINFO     RSSFeedProcessor:rss_reader.py:158 RSS Reader: Parsed 0 raw items from http://example.com/feed2\nWARNING  RSSFeedProcessor:rss_reader.py:161 RSS Reader: No items found in feed http://example.com/feed2\nINFO     RSSFeedProcessor:rss_reader.py:210 RSS Reader: Summary:\nINFO     RSSFeedProcessor:rss_reader.py:211 - Total feeds processed: 2\nINFO     RSSFeedProcessor:rss_reader.py:212 - Successful feeds: 0\nINFO     RSSFeedProcessor:rss_reader.py:213 - Skipped/failed feeds: 2\nINFO     RSSFeedProcessor:rss_reader.py:214 - Total valid items found: 0\nINFO     RSSFeedProcessor:rss_reader.py:215 - Items without dates: 0\nWARNING  RSSFeedProcessor:rss_reader.py:218 RSS Reader: No valid news items found in any feed!\n\n&#34;}], &#34;tests/test_rss_reader.py::TestRssReader::test_missing_fields&#34;: [{&#34;extras&#34;: [], &#34;result&#34;: &#34;Failed&#34;, &#34;testId&#34;: &#34;tests/test_rss_reader.py::TestRssReader::test_missing_fields&#34;, &#34;duration&#34;: &#34;5 ms&#34;, &#34;resultsTableRow&#34;: [&#34;&lt;td class=\&#34;col-result\&#34;&gt;Failed&lt;/td&gt;&#34;, &#34;&lt;td class=\&#34;col-testId\&#34;&gt;tests/test_rss_reader.py::TestRssReader::test_missing_fields&lt;/td&gt;&#34;, &#34;&lt;td class=\&#34;col-duration\&#34;&gt;5 ms&lt;/td&gt;&#34;, &#34;&lt;td class=\&#34;col-links\&#34;&gt;&lt;/td&gt;&#34;], &#34;log&#34;: &#34;self = &amp;lt;product_reader.tests.test_rss_reader.TestRssReader testMethod=test_missing_fields&amp;gt;\nmock_get = &amp;lt;MagicMock name=&amp;#x27;get&amp;#x27; id=&amp;#x27;1642104644880&amp;#x27;&amp;gt;\n\n    @patch(&amp;#x27;src.agents.rss_reader.requests.get&amp;#x27;)\n    def test_missing_fields(self, mock_get):\n        # RSS content with missing fields\n        minimal_rss = &amp;#x27;&amp;#x27;&amp;#x27;&amp;lt;?xml version=&amp;quot;1.0&amp;quot; encoding=&amp;quot;UTF-8&amp;quot;?&amp;gt;\n        &amp;lt;rss version=&amp;quot;2.0&amp;quot;&amp;gt;\n            &amp;lt;channel&amp;gt;\n                &amp;lt;item&amp;gt;\n                    &amp;lt;title&amp;gt;Test Article&amp;lt;/title&amp;gt;\n                &amp;lt;/item&amp;gt;\n            &amp;lt;/channel&amp;gt;\n        &amp;lt;/rss&amp;gt;&amp;#x27;&amp;#x27;&amp;#x27;\n    \n        # Configure mock response\n        mock_response = MagicMock()\n        mock_response.content = minimal_rss.encode(&amp;#x27;utf-8&amp;#x27;)\n        mock_response.raise_for_status.return_value = None\n        mock_get.return_value = mock_response\n    \n        # Test handling of missing fields\n        news_items = self.rss_reader.fetch_news()\n&amp;gt;       self.assertEqual(len(news_items), 2)  # One per feed\nE       AssertionError: 0 != 2\n\ntests\\test_rss_reader.py:120: AssertionError\n\n----------------------------- Captured stderr call -----------------------------\n2025-06-07 23:36:52 | INFO | Initialized RSS Reader with 2 feeds\n2025-06-07 23:36:52 | INFO | RSS Reader: Fetching news from last 1 days\n2025-06-07 23:36:52 | INFO | RSS Reader: Date range 2025-06-07 to 2025-06-07\n2025-06-07 23:36:52 | INFO | RSS Reader: Processing feed: http://example.com/feed1\n2025-06-07 23:36:52 | DEBUG | Fetching http://example.com/feed1 with headers set 1\n2025-06-07 23:36:52 | DEBUG | Successfully fetched http://example.com/feed1 with headers set 1\n2025-06-07 23:36:52 | DEBUG | Feed content from http://example.com/feed1: &amp;lt;?xml version=&amp;quot;1.0&amp;quot; encoding=&amp;quot;UTF-8&amp;quot;?&amp;gt;\n        &amp;lt;rss version=&amp;quot;2.0&amp;quot;&amp;gt;\n            &amp;lt;channel&amp;gt;\n                &amp;lt;item&amp;gt;\n                    &amp;lt;title&amp;gt;Test Article&amp;lt;/title&amp;gt;\n                &amp;lt;/item&amp;gt;\n            &amp;lt;/channel&amp;gt;\n        &amp;lt;/rss&amp;gt;...\n2025-06-07 23:36:52 | DEBUG | Feed type for http://example.com/feed1: RSS\n2025-06-07 23:36:52 | DEBUG | Found 1 RSS items with path .//item\n2025-06-07 23:36:52 | DEBUG | RSS Parser: Processing 1 items from http://example.com/feed1\n2025-06-07 23:36:52 | DEBUG | RSS Item 1: title=True, link=False, date=False\n2025-06-07 23:36:52 | DEBUG | RSS Item 1: Skipped - missing title or link\n2025-06-07 23:36:52 | DEBUG | RSS Parser: Created 0 NewsItems from http://example.com/feed1\n2025-06-07 23:36:52 | INFO | RSS Reader: Parsed 0 raw items from http://example.com/feed1\n2025-06-07 23:36:52 | WARNING | RSS Reader: No items found in feed http://example.com/feed1\n2025-06-07 23:36:52 | INFO | RSS Reader: Processing feed: http://example.com/feed2\n2025-06-07 23:36:52 | DEBUG | Fetching http://example.com/feed2 with headers set 1\n2025-06-07 23:36:52 | DEBUG | Successfully fetched http://example.com/feed2 with headers set 1\n2025-06-07 23:36:52 | DEBUG | Feed content from http://example.com/feed2: &amp;lt;?xml version=&amp;quot;1.0&amp;quot; encoding=&amp;quot;UTF-8&amp;quot;?&amp;gt;\n        &amp;lt;rss version=&amp;quot;2.0&amp;quot;&amp;gt;\n            &amp;lt;channel&amp;gt;\n                &amp;lt;item&amp;gt;\n                    &amp;lt;title&amp;gt;Test Article&amp;lt;/title&amp;gt;\n                &amp;lt;/item&amp;gt;\n            &amp;lt;/channel&amp;gt;\n        &amp;lt;/rss&amp;gt;...\n2025-06-07 23:36:52 | DEBUG | Feed type for http://example.com/feed2: RSS\n2025-06-07 23:36:52 | DEBUG | Found 1 RSS items with path .//item\n2025-06-07 23:36:52 | DEBUG | RSS Parser: Processing 1 items from http://example.com/feed2\n2025-06-07 23:36:52 | DEBUG | RSS Item 1: title=True, link=False, date=False\n2025-06-07 23:36:52 | DEBUG | RSS Item 1: Skipped - missing title or link\n2025-06-07 23:36:52 | DEBUG | RSS Parser: Created 0 NewsItems from http://example.com/feed2\n2025-06-07 23:36:52 | INFO | RSS Reader: Parsed 0 raw items from http://example.com/feed2\n2025-06-07 23:36:52 | WARNING | RSS Reader: No items found in feed http://example.com/feed2\n2025-06-07 23:36:52 | INFO | RSS Reader: Summary:\n2025-06-07 23:36:52 | INFO | - Total feeds processed: 2\n2025-06-07 23:36:52 | INFO | - Successful feeds: 0\n2025-06-07 23:36:52 | INFO | - Skipped/failed feeds: 2\n2025-06-07 23:36:52 | INFO | - Total valid items found: 0\n2025-06-07 23:36:52 | INFO | - Items without dates: 0\n2025-06-07 23:36:52 | WARNING | RSS Reader: No valid news items found in any feed!\n\n------------------------------ Captured log call -------------------------------\nINFO     RSSFeedProcessor:rss_reader.py:50 Initialized RSS Reader with 2 feeds\nINFO     RSSFeedProcessor:rss_reader.py:130 RSS Reader: Fetching news from last 1 days\nINFO     RSSFeedProcessor:rss_reader.py:131 RSS Reader: Date range 2025-06-07 to 2025-06-07\nINFO     RSSFeedProcessor:rss_reader.py:141 RSS Reader: Processing feed: http://example.com/feed1\nDEBUG    RSSFeedProcessor:rss_reader.py:65 Fetching http://example.com/feed1 with headers set 1\nDEBUG    RSSFeedProcessor:rss_reader.py:69 Successfully fetched http://example.com/feed1 with headers set 1\nDEBUG    RSSFeedProcessor:rss_reader.py:225 Feed content from http://example.com/feed1: &amp;lt;?xml version=&amp;quot;1.0&amp;quot; encoding=&amp;quot;UTF-8&amp;quot;?&amp;gt;\n        &amp;lt;rss version=&amp;quot;2.0&amp;quot;&amp;gt;\n            &amp;lt;channel&amp;gt;\n                &amp;lt;item&amp;gt;\n                    &amp;lt;title&amp;gt;Test Article&amp;lt;/title&amp;gt;\n                &amp;lt;/item&amp;gt;\n            &amp;lt;/channel&amp;gt;\n        &amp;lt;/rss&amp;gt;...\nDEBUG    RSSFeedProcessor:rss_reader.py:233 Feed type for http://example.com/feed1: RSS\nDEBUG    RSSFeedProcessor:rss_reader.py:259 Found 1 RSS items with path .//item\nDEBUG    RSSFeedProcessor:rss_reader.py:303 RSS Parser: Processing 1 items from http://example.com/feed1\nDEBUG    RSSFeedProcessor:rss_reader.py:326 RSS Item 1: title=True, link=False, date=False\nDEBUG    RSSFeedProcessor:rss_reader.py:362 RSS Item 1: Skipped - missing title or link\nDEBUG    RSSFeedProcessor:rss_reader.py:368 RSS Parser: Created 0 NewsItems from http://example.com/feed1\nINFO     RSSFeedProcessor:rss_reader.py:158 RSS Reader: Parsed 0 raw items from http://example.com/feed1\nWARNING  RSSFeedProcessor:rss_reader.py:161 RSS Reader: No items found in feed http://example.com/feed1\nINFO     RSSFeedProcessor:rss_reader.py:141 RSS Reader: Processing feed: http://example.com/feed2\nDEBUG    RSSFeedProcessor:rss_reader.py:65 Fetching http://example.com/feed2 with headers set 1\nDEBUG    RSSFeedProcessor:rss_reader.py:69 Successfully fetched http://example.com/feed2 with headers set 1\nDEBUG    RSSFeedProcessor:rss_reader.py:225 Feed content from http://example.com/feed2: &amp;lt;?xml version=&amp;quot;1.0&amp;quot; encoding=&amp;quot;UTF-8&amp;quot;?&amp;gt;\n        &amp;lt;rss version=&amp;quot;2.0&amp;quot;&amp;gt;\n            &amp;lt;channel&amp;gt;\n                &amp;lt;item&amp;gt;\n                    &amp;lt;title&amp;gt;Test Article&amp;lt;/title&amp;gt;\n                &amp;lt;/item&amp;gt;\n            &amp;lt;/channel&amp;gt;\n        &amp;lt;/rss&amp;gt;...\nDEBUG    RSSFeedProcessor:rss_reader.py:233 Feed type for http://example.com/feed2: RSS\nDEBUG    RSSFeedProcessor:rss_reader.py:259 Found 1 RSS items with path .//item\nDEBUG    RSSFeedProcessor:rss_reader.py:303 RSS Parser: Processing 1 items from http://example.com/feed2\nDEBUG    RSSFeedProcessor:rss_reader.py:326 RSS Item 1: title=True, link=False, date=False\nDEBUG    RSSFeedProcessor:rss_reader.py:362 RSS Item 1: Skipped - missing title or link\nDEBUG    RSSFeedProcessor:rss_reader.py:368 RSS Parser: Created 0 NewsItems from http://example.com/feed2\nINFO     RSSFeedProcessor:rss_reader.py:158 RSS Reader: Parsed 0 raw items from http://example.com/feed2\nWARNING  RSSFeedProcessor:rss_reader.py:161 RSS Reader: No items found in feed http://example.com/feed2\nINFO     RSSFeedProcessor:rss_reader.py:210 RSS Reader: Summary:\nINFO     RSSFeedProcessor:rss_reader.py:211 - Total feeds processed: 2\nINFO     RSSFeedProcessor:rss_reader.py:212 - Successful feeds: 0\nINFO     RSSFeedProcessor:rss_reader.py:213 - Skipped/failed feeds: 2\nINFO     RSSFeedProcessor:rss_reader.py:214 - Total valid items found: 0\nINFO     RSSFeedProcessor:rss_reader.py:215 - Items without dates: 0\nWARNING  RSSFeedProcessor:rss_reader.py:218 RSS Reader: No valid news items found in any feed!\n\n&#34;}], &#34;tests/test_rss_reader.py::TestRssReader::test_parse_date_formats&#34;: [{&#34;extras&#34;: [], &#34;result&#34;: &#34;Failed&#34;, &#34;testId&#34;: &#34;tests/test_rss_reader.py::TestRssReader::test_parse_date_formats&#34;, &#34;duration&#34;: &#34;1 ms&#34;, &#34;resultsTableRow&#34;: [&#34;&lt;td class=\&#34;col-result\&#34;&gt;Failed&lt;/td&gt;&#34;, &#34;&lt;td class=\&#34;col-testId\&#34;&gt;tests/test_rss_reader.py::TestRssReader::test_parse_date_formats&lt;/td&gt;&#34;, &#34;&lt;td class=\&#34;col-duration\&#34;&gt;1 ms&lt;/td&gt;&#34;, &#34;&lt;td class=\&#34;col-links\&#34;&gt;&lt;/td&gt;&#34;], &#34;log&#34;: &#34;self = &amp;lt;product_reader.tests.test_rss_reader.TestRssReader testMethod=test_parse_date_formats&amp;gt;\n\n    def test_parse_date_formats(self):\n        test_dates = [\n            # RFC 822 format\n            (&amp;quot;Thu, 23 May 2025 10:00:00 +0000&amp;quot;, True),\n            # ISO 8601 format\n            (&amp;quot;2025-05-23T10:00:00Z&amp;quot;, True),\n            # Invalid format\n            (&amp;quot;invalid date&amp;quot;, False)\n        ]\n    \n        for date_str, should_succeed in test_dates:\n&amp;gt;           parsed_date = self.rss_reader._parse_date(date_str)\nE           AttributeError: &amp;#x27;RssReader&amp;#x27; object has no attribute &amp;#x27;_parse_date&amp;#x27;. Did you mean: &amp;#x27;parse_date&amp;#x27;?\n\ntests\\test_rss_reader.py:75: AttributeError\n\n----------------------------- Captured stderr call -----------------------------\n2025-06-07 23:36:52 | INFO | Initialized RSS Reader with 2 feeds\n\n------------------------------ Captured log call -------------------------------\nINFO     RSSFeedProcessor:rss_reader.py:50 Initialized RSS Reader with 2 feeds\n\n&#34;}], &#34;tests/test_settings.py::TestSettings::test_validate_email_settings_success&#34;: [{&#34;extras&#34;: [], &#34;result&#34;: &#34;Passed&#34;, &#34;testId&#34;: &#34;tests/test_settings.py::TestSettings::test_validate_email_settings_success&#34;, &#34;duration&#34;: &#34;1 ms&#34;, &#34;resultsTableRow&#34;: [&#34;&lt;td class=\&#34;col-result\&#34;&gt;Passed&lt;/td&gt;&#34;, &#34;&lt;td class=\&#34;col-testId\&#34;&gt;tests/test_settings.py::TestSettings::test_validate_email_settings_success&lt;/td&gt;&#34;, &#34;&lt;td class=\&#34;col-duration\&#34;&gt;1 ms&lt;/td&gt;&#34;, &#34;&lt;td class=\&#34;col-links\&#34;&gt;&lt;/td&gt;&#34;], &#34;log&#34;: &#34;No log output captured.&#34;}], &#34;tests/test_settings.py::TestSettings::test_validate_email_settings_missing_field&#34;: [{&#34;extras&#34;: [], &#34;result&#34;: &#34;Failed&#34;, &#34;testId&#34;: &#34;tests/test_settings.py::TestSettings::test_validate_email_settings_missing_field&#34;, &#34;duration&#34;: &#34;1 ms&#34;, &#34;resultsTableRow&#34;: [&#34;&lt;td class=\&#34;col-result\&#34;&gt;Failed&lt;/td&gt;&#34;, &#34;&lt;td class=\&#34;col-testId\&#34;&gt;tests/test_settings.py::TestSettings::test_validate_email_settings_missing_field&lt;/td&gt;&#34;, &#34;&lt;td class=\&#34;col-duration\&#34;&gt;1 ms&lt;/td&gt;&#34;, &#34;&lt;td class=\&#34;col-links\&#34;&gt;&lt;/td&gt;&#34;], &#34;log&#34;: &#34;self = &amp;lt;product_reader.tests.test_settings.TestSettings object at 0x0000017E54D7BB10&amp;gt;\n\n    def test_validate_email_settings_missing_field(self):\n        settings = {\n            &amp;quot;smtp_server&amp;quot;: &amp;quot;smtp.test.com&amp;quot;,\n            &amp;quot;smtp_port&amp;quot;: &amp;quot;587&amp;quot;,\n            &amp;quot;sender_email&amp;quot;: &amp;quot;test@example.com&amp;quot;,\n            # missing sender_password\n            &amp;quot;recipient_email&amp;quot;: &amp;quot;recipient@example.com&amp;quot;\n        }\n        with pytest.raises(ConfigurationError, match=&amp;quot;Missing required email setting&amp;quot;):\n&amp;gt;           validate_email_settings(settings)\n\ntests\\test_settings.py:30: \n_ _ _ _ _ _ _ _ _ _ _ _ _ _ _ _ _ _ _ _ _ _ _ _ _ _ _ _ _ _ _ _ _ _ _ _ _ _ _ _ _ _ _ _\n\nsettings = {&amp;#x27;recipient_email&amp;#x27;: &amp;#x27;recipient@example.com&amp;#x27;, &amp;#x27;sender_email&amp;#x27;: &amp;#x27;test@example.com&amp;#x27;, &amp;#x27;smtp_port&amp;#x27;: &amp;#x27;587&amp;#x27;, &amp;#x27;smtp_server&amp;#x27;: &amp;#x27;smtp.test.com&amp;#x27;}\n\n    def validate_email_settings(settings: Dict[str, Any]) -&amp;gt; bool:\n        &amp;quot;&amp;quot;&amp;quot;\n        Valida configura\u00e7\u00f5es de email SMTP.\n    \n        Args:\n            settings (Dict[str, Any]): Dicion\u00e1rio com configura\u00e7\u00f5es de email\n    \n        Returns:\n            bool: True se v\u00e1lidas\n    \n        Raises:\n            ConfigurationError: Se alguma configura\u00e7\u00e3o estiver inv\u00e1lida\n        &amp;quot;&amp;quot;&amp;quot;\n        required_fields = [&amp;quot;smtp_server&amp;quot;, &amp;quot;smtp_port&amp;quot;, &amp;quot;sender_email&amp;quot;, &amp;quot;sender_password&amp;quot;]\n        for field in required_fields:\n            if not settings.get(field):\n&amp;gt;               raise ConfigurationError(f&amp;quot;Configura\u00e7\u00e3o de email obrigat\u00f3ria ausente: {field}&amp;quot;)\nE               src.config.settings.ConfigurationError: Configura\u00e7\u00e3o de email obrigat\u00f3ria ausente: sender_password\n\nsrc\\config\\settings.py:46: ConfigurationError\n\nDuring handling of the above exception, another exception occurred:\n\nself = &amp;lt;product_reader.tests.test_settings.TestSettings object at 0x0000017E54D7BB10&amp;gt;\n\n    def test_validate_email_settings_missing_field(self):\n        settings = {\n            &amp;quot;smtp_server&amp;quot;: &amp;quot;smtp.test.com&amp;quot;,\n            &amp;quot;smtp_port&amp;quot;: &amp;quot;587&amp;quot;,\n            &amp;quot;sender_email&amp;quot;: &amp;quot;test@example.com&amp;quot;,\n            # missing sender_password\n            &amp;quot;recipient_email&amp;quot;: &amp;quot;recipient@example.com&amp;quot;\n        }\n&amp;gt;       with pytest.raises(ConfigurationError, match=&amp;quot;Missing required email setting&amp;quot;):\nE       AssertionError: Regex pattern did not match.\nE        Regex: &amp;#x27;Missing required email setting&amp;#x27;\nE        Input: &amp;#x27;Configura\u00e7\u00e3o de email obrigat\u00f3ria ausente: sender_password&amp;#x27;\n\ntests\\test_settings.py:29: AssertionError\n&#34;}], &#34;tests/test_settings.py::TestSettings::test_validate_email_settings_invalid_port&#34;: [{&#34;extras&#34;: [], &#34;result&#34;: &#34;Failed&#34;, &#34;testId&#34;: &#34;tests/test_settings.py::TestSettings::test_validate_email_settings_invalid_port&#34;, &#34;duration&#34;: &#34;1 ms&#34;, &#34;resultsTableRow&#34;: [&#34;&lt;td class=\&#34;col-result\&#34;&gt;Failed&lt;/td&gt;&#34;, &#34;&lt;td class=\&#34;col-testId\&#34;&gt;tests/test_settings.py::TestSettings::test_validate_email_settings_invalid_port&lt;/td&gt;&#34;, &#34;&lt;td class=\&#34;col-duration\&#34;&gt;1 ms&lt;/td&gt;&#34;, &#34;&lt;td class=\&#34;col-links\&#34;&gt;&lt;/td&gt;&#34;], &#34;log&#34;: &#34;settings = {&amp;#x27;recipient_email&amp;#x27;: &amp;#x27;recipient@example.com&amp;#x27;, &amp;#x27;sender_email&amp;#x27;: &amp;#x27;test@example.com&amp;#x27;, &amp;#x27;sender_password&amp;#x27;: &amp;#x27;password123&amp;#x27;, &amp;#x27;smtp_port&amp;#x27;: &amp;#x27;invalid&amp;#x27;, ...}\n\n    def validate_email_settings(settings: Dict[str, Any]) -&amp;gt; bool:\n        &amp;quot;&amp;quot;&amp;quot;\n        Valida configura\u00e7\u00f5es de email SMTP.\n    \n        Args:\n            settings (Dict[str, Any]): Dicion\u00e1rio com configura\u00e7\u00f5es de email\n    \n        Returns:\n            bool: True se v\u00e1lidas\n    \n        Raises:\n            ConfigurationError: Se alguma configura\u00e7\u00e3o estiver inv\u00e1lida\n        &amp;quot;&amp;quot;&amp;quot;\n        required_fields = [&amp;quot;smtp_server&amp;quot;, &amp;quot;smtp_port&amp;quot;, &amp;quot;sender_email&amp;quot;, &amp;quot;sender_password&amp;quot;]\n        for field in required_fields:\n            if not settings.get(field):\n                raise ConfigurationError(f&amp;quot;Configura\u00e7\u00e3o de email obrigat\u00f3ria ausente: {field}&amp;quot;)\n    \n        try:\n&amp;gt;           port = int(settings[&amp;quot;smtp_port&amp;quot;])\nE           ValueError: invalid literal for int() with base 10: &amp;#x27;invalid&amp;#x27;\n\nsrc\\config\\settings.py:49: ValueError\n\nDuring handling of the above exception, another exception occurred:\n\nself = &amp;lt;product_reader.tests.test_settings.TestSettings object at 0x0000017E54D72FD0&amp;gt;\n\n    def test_validate_email_settings_invalid_port(self):\n        settings = {\n            &amp;quot;smtp_server&amp;quot;: &amp;quot;smtp.test.com&amp;quot;,\n            &amp;quot;smtp_port&amp;quot;: &amp;quot;invalid&amp;quot;,\n            &amp;quot;sender_email&amp;quot;: &amp;quot;test@example.com&amp;quot;,\n            &amp;quot;sender_password&amp;quot;: &amp;quot;password123&amp;quot;,\n            &amp;quot;recipient_email&amp;quot;: &amp;quot;recipient@example.com&amp;quot;\n        }\n        with pytest.raises(ConfigurationError, match=&amp;quot;must be a valid number&amp;quot;):\n&amp;gt;           validate_email_settings(settings)\n\ntests\\test_settings.py:41: \n_ _ _ _ _ _ _ _ _ _ _ _ _ _ _ _ _ _ _ _ _ _ _ _ _ _ _ _ _ _ _ _ _ _ _ _ _ _ _ _ _ _ _ _\n\nsettings = {&amp;#x27;recipient_email&amp;#x27;: &amp;#x27;recipient@example.com&amp;#x27;, &amp;#x27;sender_email&amp;#x27;: &amp;#x27;test@example.com&amp;#x27;, &amp;#x27;sender_password&amp;#x27;: &amp;#x27;password123&amp;#x27;, &amp;#x27;smtp_port&amp;#x27;: &amp;#x27;invalid&amp;#x27;, ...}\n\n    def validate_email_settings(settings: Dict[str, Any]) -&amp;gt; bool:\n        &amp;quot;&amp;quot;&amp;quot;\n        Valida configura\u00e7\u00f5es de email SMTP.\n    \n        Args:\n            settings (Dict[str, Any]): Dicion\u00e1rio com configura\u00e7\u00f5es de email\n    \n        Returns:\n            bool: True se v\u00e1lidas\n    \n        Raises:\n            ConfigurationError: Se alguma configura\u00e7\u00e3o estiver inv\u00e1lida\n        &amp;quot;&amp;quot;&amp;quot;\n        required_fields = [&amp;quot;smtp_server&amp;quot;, &amp;quot;smtp_port&amp;quot;, &amp;quot;sender_email&amp;quot;, &amp;quot;sender_password&amp;quot;]\n        for field in required_fields:\n            if not settings.get(field):\n                raise ConfigurationError(f&amp;quot;Configura\u00e7\u00e3o de email obrigat\u00f3ria ausente: {field}&amp;quot;)\n    \n        try:\n            port = int(settings[&amp;quot;smtp_port&amp;quot;])\n            if port &amp;lt; 1 or port &amp;gt; 65535:\n                raise ConfigurationError(f&amp;quot;Porta SMTP inv\u00e1lida: {port}&amp;quot;)\n        except ValueError:\n&amp;gt;           raise ConfigurationError(&amp;quot;Porta SMTP deve ser um n\u00famero&amp;quot;)\nE           src.config.settings.ConfigurationError: Porta SMTP deve ser um n\u00famero\n\nsrc\\config\\settings.py:53: ConfigurationError\n\nDuring handling of the above exception, another exception occurred:\n\nself = &amp;lt;product_reader.tests.test_settings.TestSettings object at 0x0000017E54D72FD0&amp;gt;\n\n    def test_validate_email_settings_invalid_port(self):\n        settings = {\n            &amp;quot;smtp_server&amp;quot;: &amp;quot;smtp.test.com&amp;quot;,\n            &amp;quot;smtp_port&amp;quot;: &amp;quot;invalid&amp;quot;,\n            &amp;quot;sender_email&amp;quot;: &amp;quot;test@example.com&amp;quot;,\n            &amp;quot;sender_password&amp;quot;: &amp;quot;password123&amp;quot;,\n            &amp;quot;recipient_email&amp;quot;: &amp;quot;recipient@example.com&amp;quot;\n        }\n&amp;gt;       with pytest.raises(ConfigurationError, match=&amp;quot;must be a valid number&amp;quot;):\nE       AssertionError: Regex pattern did not match.\nE        Regex: &amp;#x27;must be a valid number&amp;#x27;\nE        Input: &amp;#x27;Porta SMTP deve ser um n\u00famero&amp;#x27;\n\ntests\\test_settings.py:40: AssertionError\n&#34;}], &#34;tests/test_settings.py::TestSettings::test_validate_email_settings_invalid_email&#34;: [{&#34;extras&#34;: [], &#34;result&#34;: &#34;Failed&#34;, &#34;testId&#34;: &#34;tests/test_settings.py::TestSettings::test_validate_email_settings_invalid_email&#34;, &#34;duration&#34;: &#34;0 ms&#34;, &#34;resultsTableRow&#34;: [&#34;&lt;td class=\&#34;col-result\&#34;&gt;Failed&lt;/td&gt;&#34;, &#34;&lt;td class=\&#34;col-testId\&#34;&gt;tests/test_settings.py::TestSettings::test_validate_email_settings_invalid_email&lt;/td&gt;&#34;, &#34;&lt;td class=\&#34;col-duration\&#34;&gt;0 ms&lt;/td&gt;&#34;, &#34;&lt;td class=\&#34;col-links\&#34;&gt;&lt;/td&gt;&#34;], &#34;log&#34;: &#34;self = &amp;lt;product_reader.tests.test_settings.TestSettings object at 0x0000017E54D72EA0&amp;gt;\n\n    def test_validate_email_settings_invalid_email(self):\n        settings = {\n            &amp;quot;smtp_server&amp;quot;: &amp;quot;smtp.test.com&amp;quot;,\n            &amp;quot;smtp_port&amp;quot;: &amp;quot;587&amp;quot;,\n            &amp;quot;sender_email&amp;quot;: &amp;quot;invalid-email&amp;quot;,\n            &amp;quot;sender_password&amp;quot;: &amp;quot;password123&amp;quot;,\n            &amp;quot;recipient_email&amp;quot;: &amp;quot;recipient@example.com&amp;quot;\n        }\n&amp;gt;       with pytest.raises(ConfigurationError, match=&amp;quot;Invalid email address&amp;quot;):\nE       Failed: DID NOT RAISE &amp;lt;class &amp;#x27;src.config.settings.ConfigurationError&amp;#x27;&amp;gt;\n\ntests\\test_settings.py:51: Failed\n&#34;}], &#34;tests/test_settings.py::TestSettings::test_validate_rss_feeds_success&#34;: [{&#34;extras&#34;: [], &#34;result&#34;: &#34;Passed&#34;, &#34;testId&#34;: &#34;tests/test_settings.py::TestSettings::test_validate_rss_feeds_success&#34;, &#34;duration&#34;: &#34;0 ms&#34;, &#34;resultsTableRow&#34;: [&#34;&lt;td class=\&#34;col-result\&#34;&gt;Passed&lt;/td&gt;&#34;, &#34;&lt;td class=\&#34;col-testId\&#34;&gt;tests/test_settings.py::TestSettings::test_validate_rss_feeds_success&lt;/td&gt;&#34;, &#34;&lt;td class=\&#34;col-duration\&#34;&gt;0 ms&lt;/td&gt;&#34;, &#34;&lt;td class=\&#34;col-links\&#34;&gt;&lt;/td&gt;&#34;], &#34;log&#34;: &#34;No log output captured.&#34;}], &#34;tests/test_settings.py::TestSettings::test_validate_rss_feeds_empty&#34;: [{&#34;extras&#34;: [], &#34;result&#34;: &#34;Failed&#34;, &#34;testId&#34;: &#34;tests/test_settings.py::TestSettings::test_validate_rss_feeds_empty&#34;, &#34;duration&#34;: &#34;1 ms&#34;, &#34;resultsTableRow&#34;: [&#34;&lt;td class=\&#34;col-result\&#34;&gt;Failed&lt;/td&gt;&#34;, &#34;&lt;td class=\&#34;col-testId\&#34;&gt;tests/test_settings.py::TestSettings::test_validate_rss_feeds_empty&lt;/td&gt;&#34;, &#34;&lt;td class=\&#34;col-duration\&#34;&gt;1 ms&lt;/td&gt;&#34;, &#34;&lt;td class=\&#34;col-links\&#34;&gt;&lt;/td&gt;&#34;], &#34;log&#34;: &#34;self = &amp;lt;product_reader.tests.test_settings.TestSettings object at 0x0000017E54F21480&amp;gt;\n\n    def test_validate_rss_feeds_empty(self):\n        with pytest.raises(ConfigurationError, match=&amp;quot;No RSS feed URLs configured&amp;quot;):\n&amp;gt;           validate_rss_feeds([])\n\ntests\\test_settings.py:60: \n_ _ _ _ _ _ _ _ _ _ _ _ _ _ _ _ _ _ _ _ _ _ _ _ _ _ _ _ _ _ _ _ _ _ _ _ _ _ _ _ _ _ _ _\n\nurls = []\n\n    def validate_rss_feeds(urls: List[str]) -&amp;gt; bool:\n        &amp;quot;&amp;quot;&amp;quot;\n        Valida URLs de feeds RSS.\n    \n        Args:\n            urls (List[str]): Lista de URLs de feeds RSS\n    \n        Returns:\n            bool: True se v\u00e1lidas\n    \n        Raises:\n            ConfigurationError: Se alguma URL estiver inv\u00e1lida\n        &amp;quot;&amp;quot;&amp;quot;\n        if not urls:\n&amp;gt;           raise ConfigurationError(&amp;quot;Nenhuma URL de feed RSS fornecida&amp;quot;)\nE           src.config.settings.ConfigurationError: Nenhuma URL de feed RSS fornecida\n\nsrc\\config\\settings.py:72: ConfigurationError\n\nDuring handling of the above exception, another exception occurred:\n\nself = &amp;lt;product_reader.tests.test_settings.TestSettings object at 0x0000017E54F21480&amp;gt;\n\n    def test_validate_rss_feeds_empty(self):\n&amp;gt;       with pytest.raises(ConfigurationError, match=&amp;quot;No RSS feed URLs configured&amp;quot;):\nE       AssertionError: Regex pattern did not match.\nE        Regex: &amp;#x27;No RSS feed URLs configured&amp;#x27;\nE        Input: &amp;#x27;Nenhuma URL de feed RSS fornecida&amp;#x27;\n\ntests\\test_settings.py:59: AssertionError\n&#34;}], &#34;tests/test_settings.py::TestSettings::test_validate_rss_feeds_invalid_url&#34;: [{&#34;extras&#34;: [], &#34;result&#34;: &#34;Failed&#34;, &#34;testId&#34;: &#34;tests/test_settings.py::TestSettings::test_validate_rss_feeds_invalid_url&#34;, &#34;duration&#34;: &#34;1 ms&#34;, &#34;resultsTableRow&#34;: [&#34;&lt;td class=\&#34;col-result\&#34;&gt;Failed&lt;/td&gt;&#34;, &#34;&lt;td class=\&#34;col-testId\&#34;&gt;tests/test_settings.py::TestSettings::test_validate_rss_feeds_invalid_url&lt;/td&gt;&#34;, &#34;&lt;td class=\&#34;col-duration\&#34;&gt;1 ms&lt;/td&gt;&#34;, &#34;&lt;td class=\&#34;col-links\&#34;&gt;&lt;/td&gt;&#34;], &#34;log&#34;: &#34;self = &amp;lt;product_reader.tests.test_settings.TestSettings object at 0x0000017E54F21260&amp;gt;\n\n    def test_validate_rss_feeds_invalid_url(self):\n        urls = [&amp;quot;https://example.com/feed&amp;quot;, &amp;quot;invalid-url&amp;quot;]\n        with pytest.raises(ConfigurationError, match=&amp;quot;Invalid RSS feed URL&amp;quot;):\n&amp;gt;           validate_rss_feeds(urls)\n\ntests\\test_settings.py:65: \n_ _ _ _ _ _ _ _ _ _ _ _ _ _ _ _ _ _ _ _ _ _ _ _ _ _ _ _ _ _ _ _ _ _ _ _ _ _ _ _ _ _ _ _\n\nurls = [&amp;#x27;https://example.com/feed&amp;#x27;, &amp;#x27;invalid-url&amp;#x27;]\n\n    def validate_rss_feeds(urls: List[str]) -&amp;gt; bool:\n        &amp;quot;&amp;quot;&amp;quot;\n        Valida URLs de feeds RSS.\n    \n        Args:\n            urls (List[str]): Lista de URLs de feeds RSS\n    \n        Returns:\n            bool: True se v\u00e1lidas\n    \n        Raises:\n            ConfigurationError: Se alguma URL estiver inv\u00e1lida\n        &amp;quot;&amp;quot;&amp;quot;\n        if not urls:\n            raise ConfigurationError(&amp;quot;Nenhuma URL de feed RSS fornecida&amp;quot;)\n    \n        for url in urls:\n            if not url.startswith((&amp;#x27;http://&amp;#x27;, &amp;#x27;https://&amp;#x27;)):\n&amp;gt;               raise ConfigurationError(f&amp;quot;URL de feed RSS inv\u00e1lida: {url}&amp;quot;)\nE               src.config.settings.ConfigurationError: URL de feed RSS inv\u00e1lida: invalid-url\n\nsrc\\config\\settings.py:76: ConfigurationError\n\nDuring handling of the above exception, another exception occurred:\n\nself = &amp;lt;product_reader.tests.test_settings.TestSettings object at 0x0000017E54F21260&amp;gt;\n\n    def test_validate_rss_feeds_invalid_url(self):\n        urls = [&amp;quot;https://example.com/feed&amp;quot;, &amp;quot;invalid-url&amp;quot;]\n&amp;gt;       with pytest.raises(ConfigurationError, match=&amp;quot;Invalid RSS feed URL&amp;quot;):\nE       AssertionError: Regex pattern did not match.\nE        Regex: &amp;#x27;Invalid RSS feed URL&amp;#x27;\nE        Input: &amp;#x27;URL de feed RSS inv\u00e1lida: invalid-url&amp;#x27;\n\ntests\\test_settings.py:64: AssertionError\n&#34;}], &#34;tests/test_settings.py::TestSettings::test_validate_api_key_success&#34;: [{&#34;extras&#34;: [], &#34;result&#34;: &#34;Passed&#34;, &#34;testId&#34;: &#34;tests/test_settings.py::TestSettings::test_validate_api_key_success&#34;, &#34;duration&#34;: &#34;0 ms&#34;, &#34;resultsTableRow&#34;: [&#34;&lt;td class=\&#34;col-result\&#34;&gt;Passed&lt;/td&gt;&#34;, &#34;&lt;td class=\&#34;col-testId\&#34;&gt;tests/test_settings.py::TestSettings::test_validate_api_key_success&lt;/td&gt;&#34;, &#34;&lt;td class=\&#34;col-duration\&#34;&gt;0 ms&lt;/td&gt;&#34;, &#34;&lt;td class=\&#34;col-links\&#34;&gt;&lt;/td&gt;&#34;], &#34;log&#34;: &#34;No log output captured.&#34;}], &#34;tests/test_settings.py::TestSettings::test_validate_api_key_missing&#34;: [{&#34;extras&#34;: [], &#34;result&#34;: &#34;Failed&#34;, &#34;testId&#34;: &#34;tests/test_settings.py::TestSettings::test_validate_api_key_missing&#34;, &#34;duration&#34;: &#34;1 ms&#34;, &#34;resultsTableRow&#34;: [&#34;&lt;td class=\&#34;col-result\&#34;&gt;Failed&lt;/td&gt;&#34;, &#34;&lt;td class=\&#34;col-testId\&#34;&gt;tests/test_settings.py::TestSettings::test_validate_api_key_missing&lt;/td&gt;&#34;, &#34;&lt;td class=\&#34;col-duration\&#34;&gt;1 ms&lt;/td&gt;&#34;, &#34;&lt;td class=\&#34;col-links\&#34;&gt;&lt;/td&gt;&#34;], &#34;log&#34;: &#34;self = &amp;lt;product_reader.tests.test_settings.TestSettings object at 0x0000017E54E25C50&amp;gt;\n\n    def test_validate_api_key_missing(self):\n        with pytest.raises(ConfigurationError, match=&amp;quot;Missing Gemini API key&amp;quot;):\n&amp;gt;           validate_api_key(&amp;quot;&amp;quot;)\n\ntests\\test_settings.py:72: \n_ _ _ _ _ _ _ _ _ _ _ _ _ _ _ _ _ _ _ _ _ _ _ _ _ _ _ _ _ _ _ _ _ _ _ _ _ _ _ _ _ _ _ _\n\napi_key = &amp;#x27;&amp;#x27;\n\n    def validate_api_key(api_key: str) -&amp;gt; bool:\n        &amp;quot;&amp;quot;&amp;quot;\n        Valida chave da API do Gemini.\n    \n        Args:\n            api_key (str): Chave da API\n    \n        Returns:\n            bool: True se v\u00e1lida\n    \n        Raises:\n            ConfigurationError: Se a chave estiver ausente\n        &amp;quot;&amp;quot;&amp;quot;\n        if not api_key:\n&amp;gt;           raise ConfigurationError(&amp;quot;Chave da API ausente&amp;quot;)\nE           src.config.settings.ConfigurationError: Chave da API ausente\n\nsrc\\config\\settings.py:95: ConfigurationError\n\nDuring handling of the above exception, another exception occurred:\n\nself = &amp;lt;product_reader.tests.test_settings.TestSettings object at 0x0000017E54E25C50&amp;gt;\n\n    def test_validate_api_key_missing(self):\n&amp;gt;       with pytest.raises(ConfigurationError, match=&amp;quot;Missing Gemini API key&amp;quot;):\nE       AssertionError: Regex pattern did not match.\nE        Regex: &amp;#x27;Missing Gemini API key&amp;#x27;\nE        Input: &amp;#x27;Chave da API ausente&amp;#x27;\n\ntests\\test_settings.py:71: AssertionError\n&#34;}], &#34;tests/test_summarizer.py::TestSummarizer::test_api_error_handling&#34;: [{&#34;extras&#34;: [], &#34;result&#34;: &#34;Failed&#34;, &#34;testId&#34;: &#34;tests/test_summarizer.py::TestSummarizer::test_api_error_handling&#34;, &#34;duration&#34;: &#34;4 ms&#34;, &#34;resultsTableRow&#34;: [&#34;&lt;td class=\&#34;col-result\&#34;&gt;Failed&lt;/td&gt;&#34;, &#34;&lt;td class=\&#34;col-testId\&#34;&gt;tests/test_summarizer.py::TestSummarizer::test_api_error_handling&lt;/td&gt;&#34;, &#34;&lt;td class=\&#34;col-duration\&#34;&gt;4 ms&lt;/td&gt;&#34;, &#34;&lt;td class=\&#34;col-links\&#34;&gt;&lt;/td&gt;&#34;], &#34;log&#34;: &#34;self = &amp;lt;product_reader.tests.test_summarizer.TestSummarizer testMethod=test_api_error_handling&amp;gt;\n\n    def test_api_error_handling(self):\n        &amp;quot;&amp;quot;&amp;quot;Test handling of API errors during summarization&amp;quot;&amp;quot;&amp;quot;\n        # Configure the mock to raise an exception\n        self.mock_gemini.generate_content.side_effect = Exception(&amp;quot;API Error&amp;quot;)\n    \n        summarizer = Summarizer()\n        current_date = datetime.now(pytz.UTC)\n        news_items = [\n            NewsItem(\n                title=&amp;quot;Today News&amp;quot;,\n                description=&amp;quot;Test description&amp;quot;,\n                link=&amp;quot;http://example.com/1&amp;quot;,\n                published_date=current_date,\n                source=&amp;quot;Test Source&amp;quot;\n            )\n        ]\n    \n        summary = summarizer.summarize(news_items)\n        current_date = current_date.date()  # Convert to date for comparison\n        self.assertIn(current_date, summary)\n        self.assertIn(&amp;quot;Error generating summary&amp;quot;,\n&amp;gt;                    summary[current_date][&amp;#x27;summary&amp;#x27;])\nE       KeyError: &amp;#x27;summary&amp;#x27;\n\ntests\\test_summarizer.py:137: KeyError\n\n----------------------------- Captured stderr call -----------------------------\n2025-06-07 23:36:52 | INFO | Inicializando resumidor de IA Gemini\n2025-06-07 23:36:52 | INFO | Inicializando resumidor de IA Gemini\n2025-06-07 23:36:52 | INFO | === Iniciando Gera\u00e7\u00e3o de Resumos ===\n2025-06-07 23:36:52 | INFO | Total de artigos a processar: 1\n2025-06-07 23:36:52 | INFO | Intervalo de datas: 2025-06-07 a 2025-06-08\n2025-06-07 23:36:52 | INFO | Encontrados 1 artigos no intervalo\n2025-06-07 23:36:52 | INFO | Gerando resumo para o artigo: Today News\n2025-06-07 23:36:52 | ERROR | \u2717 Erro ao gerar resumo do artigo: API Error\n2025-06-07 23:36:52 | INFO | Gerando conte\u00fado para LinkedIn\n2025-06-07 23:36:52 | ERROR | \u2717 Erro gerando conte\u00fado para LinkedIn: API Error\n2025-06-07 23:36:52 | INFO | \u2713 Resumos finalizados para 1 dias/se\u00e7\u00f5es\n\n------------------------------ Captured log call -------------------------------\nINFO     RSSFeedProcessor:summarizer.py:38 Inicializando resumidor de IA Gemini\nINFO     RSSFeedProcessor:summarizer.py:38 Inicializando resumidor de IA Gemini\nINFO     RSSFeedProcessor:summarizer.py:94 === Iniciando Gera\u00e7\u00e3o de Resumos ===\nINFO     RSSFeedProcessor:summarizer.py:95 Total de artigos a processar: 1\nINFO     RSSFeedProcessor:summarizer.py:100 Intervalo de datas: 2025-06-07 a 2025-06-08\nINFO     RSSFeedProcessor:summarizer.py:112 Encontrados 1 artigos no intervalo\nINFO     RSSFeedProcessor:summarizer.py:171 Gerando resumo para o artigo: Today News\nERROR    RSSFeedProcessor:summarizer.py:181 \u2717 Erro ao gerar resumo do artigo: API Error\nINFO     RSSFeedProcessor:summarizer.py:53 Gerando conte\u00fado para LinkedIn\nERROR    RSSFeedProcessor:summarizer.py:80 \u2717 Erro gerando conte\u00fado para LinkedIn: API Error\nINFO     RSSFeedProcessor:summarizer.py:157 \u2713 Resumos finalizados para 1 dias/se\u00e7\u00f5es\n\n&#34;}], &#34;tests/test_summarizer.py::TestSummarizer::test_empty_summary&#34;: [{&#34;extras&#34;: [], &#34;result&#34;: &#34;Passed&#34;, &#34;testId&#34;: &#34;tests/test_summarizer.py::TestSummarizer::test_empty_summary&#34;, &#34;duration&#34;: &#34;2 ms&#34;, &#34;resultsTableRow&#34;: [&#34;&lt;td class=\&#34;col-result\&#34;&gt;Passed&lt;/td&gt;&#34;, &#34;&lt;td class=\&#34;col-testId\&#34;&gt;tests/test_summarizer.py::TestSummarizer::test_empty_summary&lt;/td&gt;&#34;, &#34;&lt;td class=\&#34;col-duration\&#34;&gt;2 ms&lt;/td&gt;&#34;, &#34;&lt;td class=\&#34;col-links\&#34;&gt;&lt;/td&gt;&#34;], &#34;log&#34;: &#34;----------------------------- Captured stderr call -----------------------------\n2025-06-07 23:36:52 | INFO | Inicializando resumidor de IA Gemini\n2025-06-07 23:36:52 | INFO | === Iniciando Gera\u00e7\u00e3o de Resumos ===\n2025-06-07 23:36:52 | INFO | Total de artigos a processar: 0\n2025-06-07 23:36:52 | INFO | Intervalo de datas: 2025-06-07 a 2025-06-08\n2025-06-07 23:36:52 | WARNING | Nenhum artigo encontrado entre 2025-06-07 e 2025-06-08\n\n------------------------------ Captured log call -------------------------------\nINFO     RSSFeedProcessor:summarizer.py:38 Inicializando resumidor de IA Gemini\nINFO     RSSFeedProcessor:summarizer.py:94 === Iniciando Gera\u00e7\u00e3o de Resumos ===\nINFO     RSSFeedProcessor:summarizer.py:95 Total de artigos a processar: 0\nINFO     RSSFeedProcessor:summarizer.py:100 Intervalo de datas: 2025-06-07 a 2025-06-08\nWARNING  RSSFeedProcessor:summarizer.py:109 Nenhum artigo encontrado entre 2025-06-07 e 2025-06-08\n\n&#34;}], &#34;tests/test_summarizer.py::TestSummarizer::test_no_current_day_news&#34;: [{&#34;extras&#34;: [], &#34;result&#34;: &#34;Passed&#34;, &#34;testId&#34;: &#34;tests/test_summarizer.py::TestSummarizer::test_no_current_day_news&#34;, &#34;duration&#34;: &#34;2 ms&#34;, &#34;resultsTableRow&#34;: [&#34;&lt;td class=\&#34;col-result\&#34;&gt;Passed&lt;/td&gt;&#34;, &#34;&lt;td class=\&#34;col-testId\&#34;&gt;tests/test_summarizer.py::TestSummarizer::test_no_current_day_news&lt;/td&gt;&#34;, &#34;&lt;td class=\&#34;col-duration\&#34;&gt;2 ms&lt;/td&gt;&#34;, &#34;&lt;td class=\&#34;col-links\&#34;&gt;&lt;/td&gt;&#34;], &#34;log&#34;: &#34;----------------------------- Captured stderr call -----------------------------\n2025-06-07 23:36:52 | INFO | Inicializando resumidor de IA Gemini\n2025-06-07 23:36:52 | INFO | === Iniciando Gera\u00e7\u00e3o de Resumos ===\n2025-06-07 23:36:52 | INFO | Total de artigos a processar: 1\n2025-06-07 23:36:52 | INFO | Intervalo de datas: 2025-06-07 a 2025-06-08\n2025-06-07 23:36:52 | WARNING | Nenhum artigo encontrado entre 2025-06-07 e 2025-06-08\n\n------------------------------ Captured log call -------------------------------\nINFO     RSSFeedProcessor:summarizer.py:38 Inicializando resumidor de IA Gemini\nINFO     RSSFeedProcessor:summarizer.py:94 === Iniciando Gera\u00e7\u00e3o de Resumos ===\nINFO     RSSFeedProcessor:summarizer.py:95 Total de artigos a processar: 1\nINFO     RSSFeedProcessor:summarizer.py:100 Intervalo de datas: 2025-06-07 a 2025-06-08\nWARNING  RSSFeedProcessor:summarizer.py:109 Nenhum artigo encontrado entre 2025-06-07 e 2025-06-08\n\n&#34;}], &#34;tests/test_summarizer.py::TestSummarizer::test_summarize_current_day&#34;: [{&#34;extras&#34;: [], &#34;result&#34;: &#34;Failed&#34;, &#34;testId&#34;: &#34;tests/test_summarizer.py::TestSummarizer::test_summarize_current_day&#34;, &#34;duration&#34;: &#34;5 ms&#34;, &#34;resultsTableRow&#34;: [&#34;&lt;td class=\&#34;col-result\&#34;&gt;Failed&lt;/td&gt;&#34;, &#34;&lt;td class=\&#34;col-testId\&#34;&gt;tests/test_summarizer.py::TestSummarizer::test_summarize_current_day&lt;/td&gt;&#34;, &#34;&lt;td class=\&#34;col-duration\&#34;&gt;5 ms&lt;/td&gt;&#34;, &#34;&lt;td class=\&#34;col-links\&#34;&gt;&lt;/td&gt;&#34;], &#34;log&#34;: &#34;self = &amp;lt;product_reader.tests.test_summarizer.TestSummarizer testMethod=test_summarize_current_day&amp;gt;\n\n    def test_summarize_current_day(self):\n        &amp;quot;&amp;quot;&amp;quot;Test that only current day news items are summarized&amp;quot;&amp;quot;&amp;quot;\n        summary = self.summarizer.summarize(self.news_items)\n    \n        # Verify we have only one date (today) in the summary\n&amp;gt;       self.assertEqual(len(summary), 1)\nE       AssertionError: 2 != 1\n\ntests\\test_summarizer.py:82: AssertionError\n\n----------------------------- Captured stderr call -----------------------------\n2025-06-07 23:36:52 | INFO | Inicializando resumidor de IA Gemini\n2025-06-07 23:36:52 | INFO | === Iniciando Gera\u00e7\u00e3o de Resumos ===\n2025-06-07 23:36:52 | INFO | Total de artigos a processar: 3\n2025-06-07 23:36:52 | INFO | Intervalo de datas: 2025-06-07 a 2025-06-08\n2025-06-07 23:36:52 | INFO | Encontrados 2 artigos no intervalo\n2025-06-07 23:36:52 | INFO | Gerando resumo para o artigo: Today News 1\n2025-06-07 23:36:52 | INFO | \u2713 Resumo do artigo gerado com sucesso\n2025-06-07 23:36:52 | INFO | Gerando resumo para o artigo: Today News 2\n2025-06-07 23:36:52 | INFO | \u2713 Resumo do artigo gerado com sucesso\n2025-06-07 23:36:52 | INFO | Gerando conte\u00fado para LinkedIn\n2025-06-07 23:36:52 | INFO | \u2713 Conte\u00fado para LinkedIn gerado com sucesso\n2025-06-07 23:36:52 | INFO | \u2713 Resumos finalizados para 2 dias/se\u00e7\u00f5es\n\n------------------------------ Captured log call -------------------------------\nINFO     RSSFeedProcessor:summarizer.py:38 Inicializando resumidor de IA Gemini\nINFO     RSSFeedProcessor:summarizer.py:94 === Iniciando Gera\u00e7\u00e3o de Resumos ===\nINFO     RSSFeedProcessor:summarizer.py:95 Total de artigos a processar: 3\nINFO     RSSFeedProcessor:summarizer.py:100 Intervalo de datas: 2025-06-07 a 2025-06-08\nINFO     RSSFeedProcessor:summarizer.py:112 Encontrados 2 artigos no intervalo\nINFO     RSSFeedProcessor:summarizer.py:171 Gerando resumo para o artigo: Today News 1\nINFO     RSSFeedProcessor:summarizer.py:178 \u2713 Resumo do artigo gerado com sucesso\nINFO     RSSFeedProcessor:summarizer.py:171 Gerando resumo para o artigo: Today News 2\nINFO     RSSFeedProcessor:summarizer.py:178 \u2713 Resumo do artigo gerado com sucesso\nINFO     RSSFeedProcessor:summarizer.py:53 Gerando conte\u00fado para LinkedIn\nINFO     RSSFeedProcessor:summarizer.py:76 \u2713 Conte\u00fado para LinkedIn gerado com sucesso\nINFO     RSSFeedProcessor:summarizer.py:157 \u2713 Resumos finalizados para 2 dias/se\u00e7\u00f5es\n\n&#34;}]}, &#34;renderCollapsed&#34;: [&#34;passed&#34;], &#34;initialSort&#34;: &#34;result&#34;, &#34;title&#34;: &#34;test_report.html&#34;}"></div>
    <script>
      (function(){function r(e,n,t){function o(i,f){if(!n[i]){if(!e[i]){var c="function"==typeof require&&require;if(!f&&c)return c(i,!0);if(u)return u(i,!0);var a=new Error("Cannot find module '"+i+"'");throw a.code="MODULE_NOT_FOUND",a}var p=n[i]={exports:{}};e[i][0].call(p.exports,function(r){var n=e[i][1][r];return o(n||r)},p,p.exports,r,e,n,t)}return n[i].exports}for(var u="function"==typeof require&&require,i=0;i<t.length;i++)o(t[i]);return o}return r})()({1:[function(require,module,exports){
const { getCollapsedCategory, setCollapsedIds } = require('./storage.js')

class DataManager {
    setManager(data) {
        const collapsedCategories = [...getCollapsedCategory(data.renderCollapsed)]
        const collapsedIds = []
        const tests = Object.values(data.tests).flat().map((test, index) => {
            const collapsed = collapsedCategories.includes(test.result.toLowerCase())
            const id = `test_${index}`
            if (collapsed) {
                collapsedIds.push(id)
            }
            return {
                ...test,
                id,
                collapsed,
            }
        })
        const dataBlob = { ...data, tests }
        this.data = { ...dataBlob }
        this.renderData = { ...dataBlob }
        setCollapsedIds(collapsedIds)
    }

    get allData() {
        return { ...this.data }
    }

    resetRender() {
        this.renderData = { ...this.data }
    }

    setRender(data) {
        this.renderData.tests = [...data]
    }

    toggleCollapsedItem(id) {
        this.renderData.tests = this.renderData.tests.map((test) =>
            test.id === id ? { ...test, collapsed: !test.collapsed } : test,
        )
    }

    set allCollapsed(collapsed) {
        this.renderData = { ...this.renderData, tests: [...this.renderData.tests.map((test) => (
            { ...test, collapsed }
        ))] }
    }

    get testSubset() {
        return [...this.renderData.tests]
    }

    get environment() {
        return this.renderData.environment
    }

    get initialSort() {
        return this.data.initialSort
    }
}

module.exports = {
    manager: new DataManager(),
}

},{"./storage.js":8}],2:[function(require,module,exports){
const mediaViewer = require('./mediaviewer.js')
const templateEnvRow = document.getElementById('template_environment_row')
const templateResult = document.getElementById('template_results-table__tbody')

function htmlToElements(html) {
    const temp = document.createElement('template')
    temp.innerHTML = html
    return temp.content.childNodes
}

const find = (selector, elem) => {
    if (!elem) {
        elem = document
    }
    return elem.querySelector(selector)
}

const findAll = (selector, elem) => {
    if (!elem) {
        elem = document
    }
    return [...elem.querySelectorAll(selector)]
}

const dom = {
    getStaticRow: (key, value) => {
        const envRow = templateEnvRow.content.cloneNode(true)
        const isObj = typeof value === 'object' && value !== null
        const values = isObj ? Object.keys(value).map((k) => `${k}: ${value[k]}`) : null

        const valuesElement = htmlToElements(
            values ? `<ul>${values.map((val) => `<li>${val}</li>`).join('')}<ul>` : `<div>${value}</div>`)[0]
        const td = findAll('td', envRow)
        td[0].textContent = key
        td[1].appendChild(valuesElement)

        return envRow
    },
    getResultTBody: ({ testId, id, log, extras, resultsTableRow, tableHtml, result, collapsed }) => {
        const resultBody = templateResult.content.cloneNode(true)
        resultBody.querySelector('tbody').classList.add(result.toLowerCase())
        resultBody.querySelector('tbody').id = testId
        resultBody.querySelector('.collapsible').dataset.id = id

        resultsTableRow.forEach((html) => {
            const t = document.createElement('template')
            t.innerHTML = html
            resultBody.querySelector('.collapsible').appendChild(t.content)
        })

        if (log) {
            // Wrap lines starting with "E" with span.error to color those lines red
            const wrappedLog = log.replace(/^E.*$/gm, (match) => `<span class="error">${match}</span>`)
            resultBody.querySelector('.log').innerHTML = wrappedLog
        } else {
            resultBody.querySelector('.log').remove()
        }

        if (collapsed) {
            resultBody.querySelector('.collapsible > td')?.classList.add('collapsed')
            resultBody.querySelector('.extras-row').classList.add('hidden')
        } else {
            resultBody.querySelector('.collapsible > td')?.classList.remove('collapsed')
        }

        const media = []
        extras?.forEach(({ name, format_type, content }) => {
            if (['image', 'video'].includes(format_type)) {
                media.push({ path: content, name, format_type })
            }

            if (format_type === 'html') {
                resultBody.querySelector('.extraHTML').insertAdjacentHTML('beforeend', `<div>${content}</div>`)
            }
        })
        mediaViewer.setup(resultBody, media)

        // Add custom html from the pytest_html_results_table_html hook
        tableHtml?.forEach((item) => {
            resultBody.querySelector('td[class="extra"]').insertAdjacentHTML('beforeend', item)
        })

        return resultBody
    },
}

module.exports = {
    dom,
    htmlToElements,
    find,
    findAll,
}

},{"./mediaviewer.js":6}],3:[function(require,module,exports){
const { manager } = require('./datamanager.js')
const { doSort } = require('./sort.js')
const storageModule = require('./storage.js')

const getFilteredSubSet = (filter) =>
    manager.allData.tests.filter(({ result }) => filter.includes(result.toLowerCase()))

const doInitFilter = () => {
    const currentFilter = storageModule.getVisible()
    const filteredSubset = getFilteredSubSet(currentFilter)
    manager.setRender(filteredSubset)
}

const doFilter = (type, show) => {
    if (show) {
        storageModule.showCategory(type)
    } else {
        storageModule.hideCategory(type)
    }

    const currentFilter = storageModule.getVisible()
    const filteredSubset = getFilteredSubSet(currentFilter)
    manager.setRender(filteredSubset)

    const sortColumn = storageModule.getSort()
    doSort(sortColumn, true)
}

module.exports = {
    doFilter,
    doInitFilter,
}

},{"./datamanager.js":1,"./sort.js":7,"./storage.js":8}],4:[function(require,module,exports){
const { redraw, bindEvents, renderStatic } = require('./main.js')
const { doInitFilter } = require('./filter.js')
const { doInitSort } = require('./sort.js')
const { manager } = require('./datamanager.js')
const data = JSON.parse(document.getElementById('data-container').dataset.jsonblob)

function init() {
    manager.setManager(data)
    doInitFilter()
    doInitSort()
    renderStatic()
    redraw()
    bindEvents()
}

init()

},{"./datamanager.js":1,"./filter.js":3,"./main.js":5,"./sort.js":7}],5:[function(require,module,exports){
const { dom, find, findAll } = require('./dom.js')
const { manager } = require('./datamanager.js')
const { doSort } = require('./sort.js')
const { doFilter } = require('./filter.js')
const {
    getVisible,
    getCollapsedIds,
    setCollapsedIds,
    getSort,
    getSortDirection,
    possibleFilters,
} = require('./storage.js')

const removeChildren = (node) => {
    while (node.firstChild) {
        node.removeChild(node.firstChild)
    }
}

const renderStatic = () => {
    const renderEnvironmentTable = () => {
        const environment = manager.environment
        const rows = Object.keys(environment).map((key) => dom.getStaticRow(key, environment[key]))
        const table = document.getElementById('environment')
        removeChildren(table)
        rows.forEach((row) => table.appendChild(row))
    }
    renderEnvironmentTable()
}

const addItemToggleListener = (elem) => {
    elem.addEventListener('click', ({ target }) => {
        const id = target.parentElement.dataset.id
        manager.toggleCollapsedItem(id)

        const collapsedIds = getCollapsedIds()
        if (collapsedIds.includes(id)) {
            const updated = collapsedIds.filter((item) => item !== id)
            setCollapsedIds(updated)
        } else {
            collapsedIds.push(id)
            setCollapsedIds(collapsedIds)
        }
        redraw()
    })
}

const renderContent = (tests) => {
    const sortAttr = getSort(manager.initialSort)
    const sortAsc = JSON.parse(getSortDirection())
    const rows = tests.map(dom.getResultTBody)
    const table = document.getElementById('results-table')
    const tableHeader = document.getElementById('results-table-head')

    const newTable = document.createElement('table')
    newTable.id = 'results-table'

    // remove all sorting classes and set the relevant
    findAll('.sortable', tableHeader).forEach((elem) => elem.classList.remove('asc', 'desc'))
    tableHeader.querySelector(`.sortable[data-column-type="${sortAttr}"]`)?.classList.add(sortAsc ? 'desc' : 'asc')
    newTable.appendChild(tableHeader)

    if (!rows.length) {
        const emptyTable = document.getElementById('template_results-table__body--empty').content.cloneNode(true)
        newTable.appendChild(emptyTable)
    } else {
        rows.forEach((row) => {
            if (!!row) {
                findAll('.collapsible td:not(.col-links', row).forEach(addItemToggleListener)
                find('.logexpander', row).addEventListener('click',
                    (evt) => evt.target.parentNode.classList.toggle('expanded'),
                )
                newTable.appendChild(row)
            }
        })
    }

    table.replaceWith(newTable)
}

const renderDerived = () => {
    const currentFilter = getVisible()
    possibleFilters.forEach((result) => {
        const input = document.querySelector(`input[data-test-result="${result}"]`)
        input.checked = currentFilter.includes(result)
    })
}

const bindEvents = () => {
    const filterColumn = (evt) => {
        const { target: element } = evt
        const { testResult } = element.dataset

        doFilter(testResult, element.checked)
        const collapsedIds = getCollapsedIds()
        const updated = manager.renderData.tests.map((test) => {
            return {
                ...test,
                collapsed: collapsedIds.includes(test.id),
            }
        })
        manager.setRender(updated)
        redraw()
    }

    const header = document.getElementById('environment-header')
    header.addEventListener('click', () => {
        const table = document.getElementById('environment')
        table.classList.toggle('hidden')
        header.classList.toggle('collapsed')
    })

    findAll('input[name="filter_checkbox"]').forEach((elem) => {
        elem.addEventListener('click', filterColumn)
    })

    findAll('.sortable').forEach((elem) => {
        elem.addEventListener('click', (evt) => {
            const { target: element } = evt
            const { columnType } = element.dataset
            doSort(columnType)
            redraw()
        })
    })

    document.getElementById('show_all_details').addEventListener('click', () => {
        manager.allCollapsed = false
        setCollapsedIds([])
        redraw()
    })
    document.getElementById('hide_all_details').addEventListener('click', () => {
        manager.allCollapsed = true
        const allIds = manager.renderData.tests.map((test) => test.id)
        setCollapsedIds(allIds)
        redraw()
    })
}

const redraw = () => {
    const { testSubset } = manager

    renderContent(testSubset)
    renderDerived()
}

module.exports = {
    redraw,
    bindEvents,
    renderStatic,
}

},{"./datamanager.js":1,"./dom.js":2,"./filter.js":3,"./sort.js":7,"./storage.js":8}],6:[function(require,module,exports){
class MediaViewer {
    constructor(assets) {
        this.assets = assets
        this.index = 0
    }

    nextActive() {
        this.index = this.index === this.assets.length - 1 ? 0 : this.index + 1
        return [this.activeFile, this.index]
    }

    prevActive() {
        this.index = this.index === 0 ? this.assets.length - 1 : this.index -1
        return [this.activeFile, this.index]
    }

    get currentIndex() {
        return this.index
    }

    get activeFile() {
        return this.assets[this.index]
    }
}


const setup = (resultBody, assets) => {
    if (!assets.length) {
        resultBody.querySelector('.media').classList.add('hidden')
        return
    }

    const mediaViewer = new MediaViewer(assets)
    const container = resultBody.querySelector('.media-container')
    const leftArrow = resultBody.querySelector('.media-container__nav--left')
    const rightArrow = resultBody.querySelector('.media-container__nav--right')
    const mediaName = resultBody.querySelector('.media__name')
    const counter = resultBody.querySelector('.media__counter')
    const imageEl = resultBody.querySelector('img')
    const sourceEl = resultBody.querySelector('source')
    const videoEl = resultBody.querySelector('video')

    const setImg = (media, index) => {
        if (media?.format_type === 'image') {
            imageEl.src = media.path

            imageEl.classList.remove('hidden')
            videoEl.classList.add('hidden')
        } else if (media?.format_type === 'video') {
            sourceEl.src = media.path

            videoEl.classList.remove('hidden')
            imageEl.classList.add('hidden')
        }

        mediaName.innerText = media?.name
        counter.innerText = `${index + 1} / ${assets.length}`
    }
    setImg(mediaViewer.activeFile, mediaViewer.currentIndex)

    const moveLeft = () => {
        const [media, index] = mediaViewer.prevActive()
        setImg(media, index)
    }
    const doRight = () => {
        const [media, index] = mediaViewer.nextActive()
        setImg(media, index)
    }
    const openImg = () => {
        window.open(mediaViewer.activeFile.path, '_blank')
    }
    if (assets.length === 1) {
        container.classList.add('media-container--fullscreen')
    } else {
        leftArrow.addEventListener('click', moveLeft)
        rightArrow.addEventListener('click', doRight)
    }
    imageEl.addEventListener('click', openImg)
}

module.exports = {
    setup,
}

},{}],7:[function(require,module,exports){
const { manager } = require('./datamanager.js')
const storageModule = require('./storage.js')

const genericSort = (list, key, ascending, customOrder) => {
    let sorted
    if (customOrder) {
        sorted = list.sort((a, b) => {
            const aValue = a.result.toLowerCase()
            const bValue = b.result.toLowerCase()

            const aIndex = customOrder.findIndex((item) => item.toLowerCase() === aValue)
            const bIndex = customOrder.findIndex((item) => item.toLowerCase() === bValue)

            // Compare the indices to determine the sort order
            return aIndex - bIndex
        })
    } else {
        sorted = list.sort((a, b) => a[key] === b[key] ? 0 : a[key] > b[key] ? 1 : -1)
    }

    if (ascending) {
        sorted.reverse()
    }
    return sorted
}

const durationSort = (list, ascending) => {
    const parseDuration = (duration) => {
        if (duration.includes(':')) {
            // If it's in the format "HH:mm:ss"
            const [hours, minutes, seconds] = duration.split(':').map(Number)
            return (hours * 3600 + minutes * 60 + seconds) * 1000
        } else {
            // If it's in the format "nnn ms"
            return parseInt(duration)
        }
    }
    const sorted = list.sort((a, b) => parseDuration(a['duration']) - parseDuration(b['duration']))
    if (ascending) {
        sorted.reverse()
    }
    return sorted
}

const doInitSort = () => {
    const type = storageModule.getSort(manager.initialSort)
    const ascending = storageModule.getSortDirection()
    const list = manager.testSubset
    const initialOrder = ['Error', 'Failed', 'Rerun', 'XFailed', 'XPassed', 'Skipped', 'Passed']

    storageModule.setSort(type)
    storageModule.setSortDirection(ascending)

    if (type?.toLowerCase() === 'original') {
        manager.setRender(list)
    } else {
        let sortedList
        switch (type) {
        case 'duration':
            sortedList = durationSort(list, ascending)
            break
        case 'result':
            sortedList = genericSort(list, type, ascending, initialOrder)
            break
        default:
            sortedList = genericSort(list, type, ascending)
            break
        }
        manager.setRender(sortedList)
    }
}

const doSort = (type, skipDirection) => {
    const newSortType = storageModule.getSort(manager.initialSort) !== type
    const currentAsc = storageModule.getSortDirection()
    let ascending
    if (skipDirection) {
        ascending = currentAsc
    } else {
        ascending = newSortType ? false : !currentAsc
    }
    storageModule.setSort(type)
    storageModule.setSortDirection(ascending)

    const list = manager.testSubset
    const sortedList = type === 'duration' ? durationSort(list, ascending) : genericSort(list, type, ascending)
    manager.setRender(sortedList)
}

module.exports = {
    doInitSort,
    doSort,
}

},{"./datamanager.js":1,"./storage.js":8}],8:[function(require,module,exports){
const possibleFilters = [
    'passed',
    'skipped',
    'failed',
    'error',
    'xfailed',
    'xpassed',
    'rerun',
]

const getVisible = () => {
    const url = new URL(window.location.href)
    const settings = new URLSearchParams(url.search).get('visible')
    const lower = (item) => {
        const lowerItem = item.toLowerCase()
        if (possibleFilters.includes(lowerItem)) {
            return lowerItem
        }
        return null
    }
    return settings === null ?
        possibleFilters :
        [...new Set(settings?.split(',').map(lower).filter((item) => item))]
}

const hideCategory = (categoryToHide) => {
    const url = new URL(window.location.href)
    const visibleParams = new URLSearchParams(url.search).get('visible')
    const currentVisible = visibleParams ? visibleParams.split(',') : [...possibleFilters]
    const settings = [...new Set(currentVisible)].filter((f) => f !== categoryToHide).join(',')

    url.searchParams.set('visible', settings)
    window.history.pushState({}, null, unescape(url.href))
}

const showCategory = (categoryToShow) => {
    if (typeof window === 'undefined') {
        return
    }
    const url = new URL(window.location.href)
    const currentVisible = new URLSearchParams(url.search).get('visible')?.split(',').filter(Boolean) ||
        [...possibleFilters]
    const settings = [...new Set([categoryToShow, ...currentVisible])]
    const noFilter = possibleFilters.length === settings.length || !settings.length

    noFilter ? url.searchParams.delete('visible') : url.searchParams.set('visible', settings.join(','))
    window.history.pushState({}, null, unescape(url.href))
}

const getSort = (initialSort) => {
    const url = new URL(window.location.href)
    let sort = new URLSearchParams(url.search).get('sort')
    if (!sort) {
        sort = initialSort || 'result'
    }
    return sort
}

const setSort = (type) => {
    const url = new URL(window.location.href)
    url.searchParams.set('sort', type)
    window.history.pushState({}, null, unescape(url.href))
}

const getCollapsedCategory = (renderCollapsed) => {
    let categories
    if (typeof window !== 'undefined') {
        const url = new URL(window.location.href)
        const collapsedItems = new URLSearchParams(url.search).get('collapsed')
        switch (true) {
        case !renderCollapsed && collapsedItems === null:
            categories = ['passed']
            break
        case collapsedItems?.length === 0 || /^["']{2}$/.test(collapsedItems):
            categories = []
            break
        case /^all$/.test(collapsedItems) || collapsedItems === null && /^all$/.test(renderCollapsed):
            categories = [...possibleFilters]
            break
        default:
            categories = collapsedItems?.split(',').map((item) => item.toLowerCase()) || renderCollapsed
            break
        }
    } else {
        categories = []
    }
    return categories
}

const getSortDirection = () => JSON.parse(sessionStorage.getItem('sortAsc')) || false
const setSortDirection = (ascending) => sessionStorage.setItem('sortAsc', ascending)

const getCollapsedIds = () => JSON.parse(sessionStorage.getItem('collapsedIds')) || []
const setCollapsedIds = (list) => sessionStorage.setItem('collapsedIds', JSON.stringify(list))

module.exports = {
    getVisible,
    hideCategory,
    showCategory,
    getCollapsedIds,
    setCollapsedIds,
    getSort,
    setSort,
    getSortDirection,
    setSortDirection,
    getCollapsedCategory,
    possibleFilters,
}

},{}]},{},[4]);
    </script>
  </footer>
</html>